   1              		.file	"ch32v30x_it.c"
   2              		.option nopic
   3              		.attribute arch, "rv32i2p0_m2p0_a2p0_f2p0_c2p0_xw"
   4              		.attribute unaligned_access, 0
   5              		.attribute stack_align, 16
   6              		.text
   7              	.Ltext0:
   8              		.cfi_sections	.debug_frame
   9              		.file 0 "C:\\Users\\localhost\\Documents\\turbomoskal-repo\\qqexpert\\firmware\\MasterController\\
  10              		.section	.text.NMI_Handler,"ax",@progbits
  11              		.align	1
  12              		.globl	NMI_Handler
  14              	NMI_Handler:
  15              	.LFB29:
  16              		.file 1 "../User/ch32v30x_it.c"
   1:../User/ch32v30x_it.c **** /********************************** (C) COPYRIGHT *******************************
   2:../User/ch32v30x_it.c **** * File Name          : ch32v30x_it.c
   3:../User/ch32v30x_it.c **** * Author             : WCH
   4:../User/ch32v30x_it.c **** * Version            : V1.0.0
   5:../User/ch32v30x_it.c **** * Date               : 2024/03/06
   6:../User/ch32v30x_it.c **** * Description        : Main Interrupt Service Routines.
   7:../User/ch32v30x_it.c **** *********************************************************************************
   8:../User/ch32v30x_it.c **** * Copyright (c) 2021 Nanjing Qinheng Microelectronics Co., Ltd.
   9:../User/ch32v30x_it.c **** * Attention: This software (modified or not) and binary are used for 
  10:../User/ch32v30x_it.c **** * microcontroller manufactured by Nanjing Qinheng Microelectronics.
  11:../User/ch32v30x_it.c **** *******************************************************************************/
  12:../User/ch32v30x_it.c **** #include "ch32v30x_it.h"
  13:../User/ch32v30x_it.c **** 
  14:../User/ch32v30x_it.c **** void NMI_Handler(void) __attribute__((interrupt("WCH-Interrupt-fast")));
  15:../User/ch32v30x_it.c **** void HardFault_Handler(void) __attribute__((interrupt("WCH-Interrupt-fast")));
  16:../User/ch32v30x_it.c **** 
  17:../User/ch32v30x_it.c **** /*********************************************************************
  18:../User/ch32v30x_it.c ****  * @fn      NMI_Handler
  19:../User/ch32v30x_it.c ****  *
  20:../User/ch32v30x_it.c ****  * @brief   This function handles NMI exception.
  21:../User/ch32v30x_it.c ****  *
  22:../User/ch32v30x_it.c ****  * @return  none
  23:../User/ch32v30x_it.c ****  */
  24:../User/ch32v30x_it.c **** void NMI_Handler(void)
  25:../User/ch32v30x_it.c **** {
  17              		.loc 1 25 1
  18              		.cfi_startproc
  19              	.L2:
  26:../User/ch32v30x_it.c ****   while (1)
  20              		.loc 1 26 3 discriminator 1
  27:../User/ch32v30x_it.c ****   {
  28:../User/ch32v30x_it.c ****   }
  21              		.loc 1 28 3 discriminator 1
  26:../User/ch32v30x_it.c ****   while (1)
  22              		.loc 1 26 9 discriminator 1
  23 0000 01A0     		j	.L2
  24              		.cfi_endproc
  25              	.LFE29:
  27              		.section	.text.HardFault_Handler,"ax",@progbits
  28              		.align	1
  29              		.globl	HardFault_Handler
  31              	HardFault_Handler:
  32              	.LFB30:
  29:../User/ch32v30x_it.c **** }
  30:../User/ch32v30x_it.c **** 
  31:../User/ch32v30x_it.c **** /*********************************************************************
  32:../User/ch32v30x_it.c ****  * @fn      HardFault_Handler
  33:../User/ch32v30x_it.c ****  *
  34:../User/ch32v30x_it.c ****  * @brief   This function handles Hard Fault exception.
  35:../User/ch32v30x_it.c ****  *
  36:../User/ch32v30x_it.c ****  * @return  none
  37:../User/ch32v30x_it.c ****  */
  38:../User/ch32v30x_it.c **** void HardFault_Handler(void)
  39:../User/ch32v30x_it.c **** {
  33              		.loc 1 39 1
  34              		.cfi_startproc
  35              	.L4:
  40:../User/ch32v30x_it.c ****   while (1)
  36              		.loc 1 40 3 discriminator 1
  41:../User/ch32v30x_it.c ****   {
  42:../User/ch32v30x_it.c ****   }
  37              		.loc 1 42 3 discriminator 1
  40:../User/ch32v30x_it.c ****   while (1)
  38              		.loc 1 40 9 discriminator 1
  39 0000 01A0     		j	.L4
  40              		.cfi_endproc
  41              	.LFE30:
  43              		.text
  44              	.Letext0:
DEFINED SYMBOLS
                            *ABS*:0000000000000000 ch32v30x_it.c
C:\Users\LOCALH~1\AppData\Local\Temp\ccGgASHD.s:14     .text.NMI_Handler:0000000000000000 NMI_Handler
C:\Users\LOCALH~1\AppData\Local\Temp\ccGgASHD.s:18     .text.NMI_Handler:0000000000000000 .L0 
C:\Users\LOCALH~1\AppData\Local\Temp\ccGgASHD.s:20     .text.NMI_Handler:0000000000000000 .L0 
C:\Users\LOCALH~1\AppData\Local\Temp\ccGgASHD.s:21     .text.NMI_Handler:0000000000000000 .L0 
C:\Users\LOCALH~1\AppData\Local\Temp\ccGgASHD.s:22     .text.NMI_Handler:0000000000000000 .L0 
C:\Users\LOCALH~1\AppData\Local\Temp\ccGgASHD.s:23     .text.NMI_Handler:0000000000000000 $x
C:\Users\LOCALH~1\AppData\Local\Temp\ccGgASHD.s:23     .text.NMI_Handler:0000000000000000 .L0 
C:\Users\LOCALH~1\AppData\Local\Temp\ccGgASHD.s:24     .text.NMI_Handler:0000000000000002 .L0 
C:\Users\LOCALH~1\AppData\Local\Temp\ccGgASHD.s:31     .text.HardFault_Handler:0000000000000000 HardFault_Handler
C:\Users\LOCALH~1\AppData\Local\Temp\ccGgASHD.s:34     .text.HardFault_Handler:0000000000000000 .L0 
C:\Users\LOCALH~1\AppData\Local\Temp\ccGgASHD.s:36     .text.HardFault_Handler:0000000000000000 .L0 
C:\Users\LOCALH~1\AppData\Local\Temp\ccGgASHD.s:37     .text.HardFault_Handler:0000000000000000 .L0 
C:\Users\LOCALH~1\AppData\Local\Temp\ccGgASHD.s:38     .text.HardFault_Handler:0000000000000000 .L0 
C:\Users\LOCALH~1\AppData\Local\Temp\ccGgASHD.s:39     .text.HardFault_Handler:0000000000000000 $x
C:\Users\LOCALH~1\AppData\Local\Temp\ccGgASHD.s:39     .text.HardFault_Handler:0000000000000000 .L0 
C:\Users\LOCALH~1\AppData\Local\Temp\ccGgASHD.s:40     .text.HardFault_Handler:0000000000000002 .L0 
C:\Users\LOCALH~1\AppData\Local\Temp\ccGgASHD.s:261    .debug_line_str:000000000000006b .L0 
C:\Users\LOCALH~1\AppData\Local\Temp\ccGgASHD.s:261    .debug_line_str:00000000000000c0 .L0 
C:\Users\LOCALH~1\AppData\Local\Temp\ccGgASHD.s:261    .debug_line_str:00000000000000c8 .L0 
C:\Users\LOCALH~1\AppData\Local\Temp\ccGgASHD.s:261    .debug_line_str:00000000000000d6 .L0 
C:\Users\LOCALH~1\AppData\Local\Temp\ccGgASHD.s:27     .text.NMI_Handler:0000000000000002 .L0 
C:\Users\LOCALH~1\AppData\Local\Temp\ccGgASHD.s:43     .text.HardFault_Handler:0000000000000002 .L0 
                     .debug_frame:0000000000000000 .L0 
C:\Users\LOCALH~1\AppData\Local\Temp\ccGgASHD.s:19     .text.NMI_Handler:0000000000000000 .L2
C:\Users\LOCALH~1\AppData\Local\Temp\ccGgASHD.s:35     .text.HardFault_Handler:0000000000000000 .L4
C:\Users\LOCALH~1\AppData\Local\Temp\ccGgASHD.s:124    .debug_abbrev:0000000000000000 .Ldebug_abbrev0
C:\Users\LOCALH~1\AppData\Local\Temp\ccGgASHD.s:244    .debug_str:0000000000000076 .LASF15
C:\Users\LOCALH~1\AppData\Local\Temp\ccGgASHD.s:259    .debug_line_str:0000000000000055 .LASF0
C:\Users\LOCALH~1\AppData\Local\Temp\ccGgASHD.s:257    .debug_line_str:0000000000000000 .LASF1
C:\Users\LOCALH~1\AppData\Local\Temp\ccGgASHD.s:216    .debug_rnglists:000000000000000c .LLRL0
C:\Users\LOCALH~1\AppData\Local\Temp\ccGgASHD.s:226    .debug_line:0000000000000000 .Ldebug_line0
C:\Users\LOCALH~1\AppData\Local\Temp\ccGgASHD.s:234    .debug_str:000000000000002b .LASF2
C:\Users\LOCALH~1\AppData\Local\Temp\ccGgASHD.s:246    .debug_str:0000000000000177 .LASF3
C:\Users\LOCALH~1\AppData\Local\Temp\ccGgASHD.s:240    .debug_str:0000000000000055 .LASF4
C:\Users\LOCALH~1\AppData\Local\Temp\ccGgASHD.s:252    .debug_str:0000000000000193 .LASF5
C:\Users\LOCALH~1\AppData\Local\Temp\ccGgASHD.s:248    .debug_str:0000000000000185 .LASF6
C:\Users\LOCALH~1\AppData\Local\Temp\ccGgASHD.s:232    .debug_str:0000000000000019 .LASF7
C:\Users\LOCALH~1\AppData\Local\Temp\ccGgASHD.s:254    .debug_str:00000000000001a6 .LASF8
C:\Users\LOCALH~1\AppData\Local\Temp\ccGgASHD.s:242    .debug_str:000000000000005f .LASF9
C:\Users\LOCALH~1\AppData\Local\Temp\ccGgASHD.s:230    .debug_str:000000000000000c .LASF10
C:\Users\LOCALH~1\AppData\Local\Temp\ccGgASHD.s:238    .debug_str:0000000000000049 .LASF11
C:\Users\LOCALH~1\AppData\Local\Temp\ccGgASHD.s:250    .debug_str:000000000000018e .LASF12
C:\Users\LOCALH~1\AppData\Local\Temp\ccGgASHD.s:236    .debug_str:0000000000000037 .LASF13
C:\Users\LOCALH~1\AppData\Local\Temp\ccGgASHD.s:32     .text.HardFault_Handler:0000000000000000 .LFB30
C:\Users\LOCALH~1\AppData\Local\Temp\ccGgASHD.s:41     .text.HardFault_Handler:0000000000000002 .LFE30
C:\Users\LOCALH~1\AppData\Local\Temp\ccGgASHD.s:228    .debug_str:0000000000000000 .LASF14
C:\Users\LOCALH~1\AppData\Local\Temp\ccGgASHD.s:15     .text.NMI_Handler:0000000000000000 .LFB29
C:\Users\LOCALH~1\AppData\Local\Temp\ccGgASHD.s:25     .text.NMI_Handler:0000000000000002 .LFE29
C:\Users\LOCALH~1\AppData\Local\Temp\ccGgASHD.s:46     .debug_info:0000000000000000 .Ldebug_info0

NO UNDEFINED SYMBOLS
