   1              		.file	"ch32v30x_misc.c"
   2              		.option nopic
   3              		.attribute arch, "rv32i2p0_m2p0_a2p0_f2p0_c2p0_xw"
   4              		.attribute unaligned_access, 0
   5              		.attribute stack_align, 16
   6              		.text
   7              	.Ltext0:
   8              		.cfi_sections	.debug_frame
   9              		.file 0 "C:\\Users\\localhost\\Documents\\turbomoskal-repo\\qqexpert\\firmware\\MasterController\\
  10              		.section	.text.NVIC_PriorityGroupConfig,"ax",@progbits
  11              		.align	1
  12              		.globl	NVIC_PriorityGroupConfig
  14              	NVIC_PriorityGroupConfig:
  15              	.LFB29:
  16              		.file 1 "../Peripheral/src/ch32v30x_misc.c"
   1:../Peripheral/src/ch32v30x_misc.c **** /********************************** (C) COPYRIGHT *******************************
   2:../Peripheral/src/ch32v30x_misc.c **** * File Name          : ch32v30x_misc.c
   3:../Peripheral/src/ch32v30x_misc.c **** * Author             : WCH
   4:../Peripheral/src/ch32v30x_misc.c **** * Version            : V1.0.0
   5:../Peripheral/src/ch32v30x_misc.c **** * Date               : 2024/03/06
   6:../Peripheral/src/ch32v30x_misc.c **** * Description        : This file provides all the miscellaneous firmware functions .
   7:../Peripheral/src/ch32v30x_misc.c **** *********************************************************************************
   8:../Peripheral/src/ch32v30x_misc.c **** * Copyright (c) 2021 Nanjing Qinheng Microelectronics Co., Ltd.
   9:../Peripheral/src/ch32v30x_misc.c **** * Attention: This software (modified or not) and binary are used for 
  10:../Peripheral/src/ch32v30x_misc.c **** * microcontroller manufactured by Nanjing Qinheng Microelectronics.
  11:../Peripheral/src/ch32v30x_misc.c **** *******************************************************************************/
  12:../Peripheral/src/ch32v30x_misc.c **** #include "ch32v30x_misc.h"
  13:../Peripheral/src/ch32v30x_misc.c **** 
  14:../Peripheral/src/ch32v30x_misc.c **** __IO uint32_t NVIC_Priority_Group = 0;
  15:../Peripheral/src/ch32v30x_misc.c **** 
  16:../Peripheral/src/ch32v30x_misc.c **** /*********************************************************************
  17:../Peripheral/src/ch32v30x_misc.c ****  * @fn      NVIC_PriorityGroupConfig
  18:../Peripheral/src/ch32v30x_misc.c ****  *
  19:../Peripheral/src/ch32v30x_misc.c ****  * @brief   Configures the priority grouping - pre-emption priority and subpriority.
  20:../Peripheral/src/ch32v30x_misc.c ****  *
  21:../Peripheral/src/ch32v30x_misc.c ****  * @param   NVIC_PriorityGroup - specifies the priority grouping bits length.
  22:../Peripheral/src/ch32v30x_misc.c ****  *            NVIC_PriorityGroup_0 - 0 bits for pre-emption priority
  23:../Peripheral/src/ch32v30x_misc.c ****  *                                   3 bits for subpriority
  24:../Peripheral/src/ch32v30x_misc.c ****  *            NVIC_PriorityGroup_1 - 1 bits for pre-emption priority
  25:../Peripheral/src/ch32v30x_misc.c ****  *                                   2 bits for subpriority
  26:../Peripheral/src/ch32v30x_misc.c ****  *            NVIC_PriorityGroup_2 - 2 bits for pre-emption priority
  27:../Peripheral/src/ch32v30x_misc.c ****  *                                   1 bits for subpriority
  28:../Peripheral/src/ch32v30x_misc.c ****  *            NVIC_PriorityGroup_3 - 3 bits for pre-emption priority
  29:../Peripheral/src/ch32v30x_misc.c ****  *                                   0 bits for subpriority
  30:../Peripheral/src/ch32v30x_misc.c ****  *
  31:../Peripheral/src/ch32v30x_misc.c ****  * @return  none
  32:../Peripheral/src/ch32v30x_misc.c ****  */
  33:../Peripheral/src/ch32v30x_misc.c **** void NVIC_PriorityGroupConfig(uint32_t NVIC_PriorityGroup)
  34:../Peripheral/src/ch32v30x_misc.c **** {
  17              		.loc 1 34 1
  18              		.cfi_startproc
  19              	.LVL0:
  35:../Peripheral/src/ch32v30x_misc.c ****     NVIC_Priority_Group = NVIC_PriorityGroup;
  20              		.loc 1 35 5
  21              		.loc 1 35 25 is_stmt 0
  22 0000 97070000 		sw	a0,NVIC_Priority_Group,a5
  22      23A0A700 
  36:../Peripheral/src/ch32v30x_misc.c **** }
  23              		.loc 1 36 1
  24 0008 8280     		ret
  25              		.cfi_endproc
  26              	.LFE29:
  28              		.section	.text.NVIC_Init,"ax",@progbits
  29              		.align	1
  30              		.globl	NVIC_Init
  32              	NVIC_Init:
  33              	.LFB30:
  37:../Peripheral/src/ch32v30x_misc.c **** 
  38:../Peripheral/src/ch32v30x_misc.c **** /*********************************************************************
  39:../Peripheral/src/ch32v30x_misc.c ****  * @fn      NVIC_Init
  40:../Peripheral/src/ch32v30x_misc.c ****  *
  41:../Peripheral/src/ch32v30x_misc.c ****  * @brief   Initializes the NVIC peripheral according to the specified parameters in
  42:../Peripheral/src/ch32v30x_misc.c ****  *        the NVIC_InitStruct.
  43:../Peripheral/src/ch32v30x_misc.c ****  *
  44:../Peripheral/src/ch32v30x_misc.c ****  * @param   NVIC_InitStruct - pointer to a NVIC_InitTypeDef structure that contains the
  45:../Peripheral/src/ch32v30x_misc.c ****  *        configuration information for the specified NVIC peripheral.
  46:../Peripheral/src/ch32v30x_misc.c ****  *            interrupt nesting disable(CSR-0x804 bit1 = 0)
  47:../Peripheral/src/ch32v30x_misc.c ****  *              NVIC_IRQChannelPreemptionPriority - range is 0.
  48:../Peripheral/src/ch32v30x_misc.c ****  *              NVIC_IRQChannelSubPriority - range from 0 to 7.
  49:../Peripheral/src/ch32v30x_misc.c ****  *
  50:../Peripheral/src/ch32v30x_misc.c ****  *            interrupt nesting enable-2 Level(CSR-0x804 bit1 = 1 bit[3:2] = 1)
  51:../Peripheral/src/ch32v30x_misc.c ****  *              NVIC_IRQChannelPreemptionPriority - range from 0 to 1.
  52:../Peripheral/src/ch32v30x_misc.c ****  *              NVIC_IRQChannelSubPriority - range from 0 to 3.
  53:../Peripheral/src/ch32v30x_misc.c ****  *
  54:../Peripheral/src/ch32v30x_misc.c ****  *            interrupt nesting enable-4 Level(CSR-0x804 bit1 = 1 bit[3:2] = 2)
  55:../Peripheral/src/ch32v30x_misc.c ****  *              NVIC_IRQChannelPreemptionPriority - range from 0 to 3.
  56:../Peripheral/src/ch32v30x_misc.c ****  *              NVIC_IRQChannelSubPriority - range from 0 to 1.
  57:../Peripheral/src/ch32v30x_misc.c ****  *
  58:../Peripheral/src/ch32v30x_misc.c ****  *            interrupt nesting enable-8 Level(CSR-0x804 bit1 = 1 bit[3:2] = 3)
  59:../Peripheral/src/ch32v30x_misc.c ****  *              NVIC_IRQChannelPreemptionPriority - range from 0 to 7.
  60:../Peripheral/src/ch32v30x_misc.c ****  *              NVIC_IRQChannelSubPriority - range range is 0.
  61:../Peripheral/src/ch32v30x_misc.c ****  *
  62:../Peripheral/src/ch32v30x_misc.c ****  * @return  none
  63:../Peripheral/src/ch32v30x_misc.c ****  */
  64:../Peripheral/src/ch32v30x_misc.c **** void NVIC_Init(NVIC_InitTypeDef *NVIC_InitStruct)
  65:../Peripheral/src/ch32v30x_misc.c **** {
  34              		.loc 1 65 1 is_stmt 1
  35              		.cfi_startproc
  36              	.LVL1:
  66:../Peripheral/src/ch32v30x_misc.c **** #if (INTSYSCR_INEST == INTSYSCR_INEST_NoEN)
  67:../Peripheral/src/ch32v30x_misc.c ****     if(NVIC_Priority_Group == NVIC_PriorityGroup_0)
  68:../Peripheral/src/ch32v30x_misc.c ****     {
  69:../Peripheral/src/ch32v30x_misc.c ****         NVIC_SetPriority(NVIC_InitStruct->NVIC_IRQChannel, NVIC_InitStruct->NVIC_IRQChannelSubPrior
  70:../Peripheral/src/ch32v30x_misc.c ****     }
  71:../Peripheral/src/ch32v30x_misc.c **** #elif (INTSYSCR_INEST == INTSYSCR_INEST_EN_2Level)
  72:../Peripheral/src/ch32v30x_misc.c ****     if(NVIC_Priority_Group == NVIC_PriorityGroup_1)
  73:../Peripheral/src/ch32v30x_misc.c ****     {
  74:../Peripheral/src/ch32v30x_misc.c ****         if(NVIC_InitStruct->NVIC_IRQChannelPreemptionPriority < 2)
  75:../Peripheral/src/ch32v30x_misc.c ****         {
  76:../Peripheral/src/ch32v30x_misc.c ****             NVIC_SetPriority(NVIC_InitStruct->NVIC_IRQChannel, (NVIC_InitStruct->NVIC_IRQChannelPre
  77:../Peripheral/src/ch32v30x_misc.c ****         }
  78:../Peripheral/src/ch32v30x_misc.c ****     }
  79:../Peripheral/src/ch32v30x_misc.c **** #elif (INTSYSCR_INEST == INTSYSCR_INEST_EN_4Level)
  80:../Peripheral/src/ch32v30x_misc.c ****     if(NVIC_Priority_Group == NVIC_PriorityGroup_2)
  37              		.loc 1 80 5
  38              		.loc 1 80 28 is_stmt 0
  39 0000 17070000 		lw	a4,NVIC_Priority_Group
  39      03270700 
  40              		.loc 1 80 7
  41 0008 8947     		li	a5,2
  81:../Peripheral/src/ch32v30x_misc.c ****     {
  82:../Peripheral/src/ch32v30x_misc.c ****         if(NVIC_InitStruct->NVIC_IRQChannelPreemptionPriority < 4)
  83:../Peripheral/src/ch32v30x_misc.c ****         {
  84:../Peripheral/src/ch32v30x_misc.c ****             NVIC_SetPriority(NVIC_InitStruct->NVIC_IRQChannel, (NVIC_InitStruct->NVIC_IRQChannelPre
  42              		.loc 1 84 45
  43 000a 1421     		lbu	a3,0(a0)
  80:../Peripheral/src/ch32v30x_misc.c ****     {
  44              		.loc 1 80 7
  45 000c 6311F702 		bne	a4,a5,.L3
  82:../Peripheral/src/ch32v30x_misc.c ****         {
  46              		.loc 1 82 9 is_stmt 1
  82:../Peripheral/src/ch32v30x_misc.c ****         {
  47              		.loc 1 82 27 is_stmt 0
  48 0010 1831     		lbu	a4,1(a0)
  82:../Peripheral/src/ch32v30x_misc.c ****         {
  49              		.loc 1 82 11
  50 0012 8D47     		li	a5,3
  51 0014 63EDE700 		bgtu	a4,a5,.L3
  52              		.loc 1 84 13 is_stmt 1
  53              		.loc 1 84 140 is_stmt 0
  54 0018 3C21     		lbu	a5,2(a0)
  55              		.loc 1 84 116
  56 001a 1A07     		slli	a4,a4,6
  57              		.loc 1 84 169
  58 001c 9607     		slli	a5,a5,5
  59              		.loc 1 84 122
  60 001e D98F     		or	a5,a5,a4
  61              	.LBB8:
  62              	.LBB9:
  63              		.file 2 "C:\\Users\\localhost\\Documents\\turbomoskal-repo\\qqexpert\\firmware\\MasterController\\
   1:C:\Users\localhost\Documents\turbomoskal-repo\qqexpert\firmware\MasterController\Core\core_riscv.h **** /********************************** (C) COPYRIGHT  *******************************
   2:C:\Users\localhost\Documents\turbomoskal-repo\qqexpert\firmware\MasterController\Core\core_riscv.h **** * File Name          : core_riscv.h
   3:C:\Users\localhost\Documents\turbomoskal-repo\qqexpert\firmware\MasterController\Core\core_riscv.h **** * Author             : WCH
   4:C:\Users\localhost\Documents\turbomoskal-repo\qqexpert\firmware\MasterController\Core\core_riscv.h **** * Version            : V1.0.1
   5:C:\Users\localhost\Documents\turbomoskal-repo\qqexpert\firmware\MasterController\Core\core_riscv.h **** * Date               : 2024/03/06
   6:C:\Users\localhost\Documents\turbomoskal-repo\qqexpert\firmware\MasterController\Core\core_riscv.h **** * Description        : RISC-V V4 Core Peripheral Access Layer Header File for CH32V30x
   7:C:\Users\localhost\Documents\turbomoskal-repo\qqexpert\firmware\MasterController\Core\core_riscv.h **** *********************************************************************************
   8:C:\Users\localhost\Documents\turbomoskal-repo\qqexpert\firmware\MasterController\Core\core_riscv.h **** * Copyright (c) 2021 Nanjing Qinheng Microelectronics Co., Ltd.
   9:C:\Users\localhost\Documents\turbomoskal-repo\qqexpert\firmware\MasterController\Core\core_riscv.h **** * Attention: This software (modified or not) and binary are used for 
  10:C:\Users\localhost\Documents\turbomoskal-repo\qqexpert\firmware\MasterController\Core\core_riscv.h **** * microcontroller manufactured by Nanjing Qinheng Microelectronics.
  11:C:\Users\localhost\Documents\turbomoskal-repo\qqexpert\firmware\MasterController\Core\core_riscv.h **** *******************************************************************************/
  12:C:\Users\localhost\Documents\turbomoskal-repo\qqexpert\firmware\MasterController\Core\core_riscv.h **** #ifndef __CORE_RISCV_H__
  13:C:\Users\localhost\Documents\turbomoskal-repo\qqexpert\firmware\MasterController\Core\core_riscv.h **** #define __CORE_RISCV_H__
  14:C:\Users\localhost\Documents\turbomoskal-repo\qqexpert\firmware\MasterController\Core\core_riscv.h **** 
  15:C:\Users\localhost\Documents\turbomoskal-repo\qqexpert\firmware\MasterController\Core\core_riscv.h **** #ifdef __cplusplus
  16:C:\Users\localhost\Documents\turbomoskal-repo\qqexpert\firmware\MasterController\Core\core_riscv.h ****  extern "C" {
  17:C:\Users\localhost\Documents\turbomoskal-repo\qqexpert\firmware\MasterController\Core\core_riscv.h **** #endif
  18:C:\Users\localhost\Documents\turbomoskal-repo\qqexpert\firmware\MasterController\Core\core_riscv.h **** 
  19:C:\Users\localhost\Documents\turbomoskal-repo\qqexpert\firmware\MasterController\Core\core_riscv.h **** /* IO definitions */
  20:C:\Users\localhost\Documents\turbomoskal-repo\qqexpert\firmware\MasterController\Core\core_riscv.h **** #ifdef __cplusplus
  21:C:\Users\localhost\Documents\turbomoskal-repo\qqexpert\firmware\MasterController\Core\core_riscv.h ****   #define     __I     volatile                /* defines 'read only' permissions    */
  22:C:\Users\localhost\Documents\turbomoskal-repo\qqexpert\firmware\MasterController\Core\core_riscv.h **** #else
  23:C:\Users\localhost\Documents\turbomoskal-repo\qqexpert\firmware\MasterController\Core\core_riscv.h ****   #define     __I     volatile const          /* defines 'read only' permissions    */
  24:C:\Users\localhost\Documents\turbomoskal-repo\qqexpert\firmware\MasterController\Core\core_riscv.h **** #endif
  25:C:\Users\localhost\Documents\turbomoskal-repo\qqexpert\firmware\MasterController\Core\core_riscv.h **** #define       __O     volatile                /* defines 'write only' permissions   */
  26:C:\Users\localhost\Documents\turbomoskal-repo\qqexpert\firmware\MasterController\Core\core_riscv.h **** #define       __IO    volatile                /* defines 'read / write' permissions */
  27:C:\Users\localhost\Documents\turbomoskal-repo\qqexpert\firmware\MasterController\Core\core_riscv.h **** 
  28:C:\Users\localhost\Documents\turbomoskal-repo\qqexpert\firmware\MasterController\Core\core_riscv.h **** /* Standard Peripheral Library old types (maintained for legacy purpose) */
  29:C:\Users\localhost\Documents\turbomoskal-repo\qqexpert\firmware\MasterController\Core\core_riscv.h **** typedef __I uint64_t vuc64;  /* Read Only */
  30:C:\Users\localhost\Documents\turbomoskal-repo\qqexpert\firmware\MasterController\Core\core_riscv.h **** typedef __I uint32_t vuc32;  /* Read Only */
  31:C:\Users\localhost\Documents\turbomoskal-repo\qqexpert\firmware\MasterController\Core\core_riscv.h **** typedef __I uint16_t vuc16;  /* Read Only */
  32:C:\Users\localhost\Documents\turbomoskal-repo\qqexpert\firmware\MasterController\Core\core_riscv.h **** typedef __I uint8_t  vuc8;   /* Read Only */
  33:C:\Users\localhost\Documents\turbomoskal-repo\qqexpert\firmware\MasterController\Core\core_riscv.h **** 
  34:C:\Users\localhost\Documents\turbomoskal-repo\qqexpert\firmware\MasterController\Core\core_riscv.h **** typedef const uint64_t uc64;  /* Read Only */
  35:C:\Users\localhost\Documents\turbomoskal-repo\qqexpert\firmware\MasterController\Core\core_riscv.h **** typedef const uint32_t uc32;  /* Read Only */
  36:C:\Users\localhost\Documents\turbomoskal-repo\qqexpert\firmware\MasterController\Core\core_riscv.h **** typedef const uint16_t uc16;  /* Read Only */
  37:C:\Users\localhost\Documents\turbomoskal-repo\qqexpert\firmware\MasterController\Core\core_riscv.h **** typedef const uint8_t  uc8;   /* Read Only */
  38:C:\Users\localhost\Documents\turbomoskal-repo\qqexpert\firmware\MasterController\Core\core_riscv.h **** 
  39:C:\Users\localhost\Documents\turbomoskal-repo\qqexpert\firmware\MasterController\Core\core_riscv.h **** typedef __I int64_t vsc64;  /* Read Only */
  40:C:\Users\localhost\Documents\turbomoskal-repo\qqexpert\firmware\MasterController\Core\core_riscv.h **** typedef __I int32_t vsc32;  /* Read Only */
  41:C:\Users\localhost\Documents\turbomoskal-repo\qqexpert\firmware\MasterController\Core\core_riscv.h **** typedef __I int16_t vsc16;  /* Read Only */
  42:C:\Users\localhost\Documents\turbomoskal-repo\qqexpert\firmware\MasterController\Core\core_riscv.h **** typedef __I int8_t  vsc8;   /* Read Only */
  43:C:\Users\localhost\Documents\turbomoskal-repo\qqexpert\firmware\MasterController\Core\core_riscv.h **** 
  44:C:\Users\localhost\Documents\turbomoskal-repo\qqexpert\firmware\MasterController\Core\core_riscv.h **** typedef const int64_t sc64;  /* Read Only */
  45:C:\Users\localhost\Documents\turbomoskal-repo\qqexpert\firmware\MasterController\Core\core_riscv.h **** typedef const int32_t sc32;  /* Read Only */
  46:C:\Users\localhost\Documents\turbomoskal-repo\qqexpert\firmware\MasterController\Core\core_riscv.h **** typedef const int16_t sc16;  /* Read Only */
  47:C:\Users\localhost\Documents\turbomoskal-repo\qqexpert\firmware\MasterController\Core\core_riscv.h **** typedef const int8_t  sc8;   /* Read Only */
  48:C:\Users\localhost\Documents\turbomoskal-repo\qqexpert\firmware\MasterController\Core\core_riscv.h **** 
  49:C:\Users\localhost\Documents\turbomoskal-repo\qqexpert\firmware\MasterController\Core\core_riscv.h **** typedef __IO uint64_t  vu64;
  50:C:\Users\localhost\Documents\turbomoskal-repo\qqexpert\firmware\MasterController\Core\core_riscv.h **** typedef __IO uint32_t  vu32;
  51:C:\Users\localhost\Documents\turbomoskal-repo\qqexpert\firmware\MasterController\Core\core_riscv.h **** typedef __IO uint16_t  vu16;
  52:C:\Users\localhost\Documents\turbomoskal-repo\qqexpert\firmware\MasterController\Core\core_riscv.h **** typedef __IO uint8_t   vu8;
  53:C:\Users\localhost\Documents\turbomoskal-repo\qqexpert\firmware\MasterController\Core\core_riscv.h **** 
  54:C:\Users\localhost\Documents\turbomoskal-repo\qqexpert\firmware\MasterController\Core\core_riscv.h **** typedef uint64_t  u64;
  55:C:\Users\localhost\Documents\turbomoskal-repo\qqexpert\firmware\MasterController\Core\core_riscv.h **** typedef uint32_t  u32;
  56:C:\Users\localhost\Documents\turbomoskal-repo\qqexpert\firmware\MasterController\Core\core_riscv.h **** typedef uint16_t  u16;
  57:C:\Users\localhost\Documents\turbomoskal-repo\qqexpert\firmware\MasterController\Core\core_riscv.h **** typedef uint8_t   u8;
  58:C:\Users\localhost\Documents\turbomoskal-repo\qqexpert\firmware\MasterController\Core\core_riscv.h **** 
  59:C:\Users\localhost\Documents\turbomoskal-repo\qqexpert\firmware\MasterController\Core\core_riscv.h **** typedef __IO int64_t  vs64;
  60:C:\Users\localhost\Documents\turbomoskal-repo\qqexpert\firmware\MasterController\Core\core_riscv.h **** typedef __IO int32_t  vs32;
  61:C:\Users\localhost\Documents\turbomoskal-repo\qqexpert\firmware\MasterController\Core\core_riscv.h **** typedef __IO int16_t  vs16;
  62:C:\Users\localhost\Documents\turbomoskal-repo\qqexpert\firmware\MasterController\Core\core_riscv.h **** typedef __IO int8_t   vs8;
  63:C:\Users\localhost\Documents\turbomoskal-repo\qqexpert\firmware\MasterController\Core\core_riscv.h **** 
  64:C:\Users\localhost\Documents\turbomoskal-repo\qqexpert\firmware\MasterController\Core\core_riscv.h **** typedef int64_t  s64;
  65:C:\Users\localhost\Documents\turbomoskal-repo\qqexpert\firmware\MasterController\Core\core_riscv.h **** typedef int32_t  s32;
  66:C:\Users\localhost\Documents\turbomoskal-repo\qqexpert\firmware\MasterController\Core\core_riscv.h **** typedef int16_t  s16;
  67:C:\Users\localhost\Documents\turbomoskal-repo\qqexpert\firmware\MasterController\Core\core_riscv.h **** typedef int8_t   s8;
  68:C:\Users\localhost\Documents\turbomoskal-repo\qqexpert\firmware\MasterController\Core\core_riscv.h **** 
  69:C:\Users\localhost\Documents\turbomoskal-repo\qqexpert\firmware\MasterController\Core\core_riscv.h **** typedef enum {NoREADY = 0, READY = !NoREADY} ErrorStatus;
  70:C:\Users\localhost\Documents\turbomoskal-repo\qqexpert\firmware\MasterController\Core\core_riscv.h **** 
  71:C:\Users\localhost\Documents\turbomoskal-repo\qqexpert\firmware\MasterController\Core\core_riscv.h **** typedef enum {DISABLE = 0, ENABLE = !DISABLE} FunctionalState;
  72:C:\Users\localhost\Documents\turbomoskal-repo\qqexpert\firmware\MasterController\Core\core_riscv.h **** 
  73:C:\Users\localhost\Documents\turbomoskal-repo\qqexpert\firmware\MasterController\Core\core_riscv.h **** typedef enum {RESET = 0, SET = !RESET} FlagStatus, ITStatus;
  74:C:\Users\localhost\Documents\turbomoskal-repo\qqexpert\firmware\MasterController\Core\core_riscv.h **** 
  75:C:\Users\localhost\Documents\turbomoskal-repo\qqexpert\firmware\MasterController\Core\core_riscv.h **** #define   RV_STATIC_INLINE  static  inline
  76:C:\Users\localhost\Documents\turbomoskal-repo\qqexpert\firmware\MasterController\Core\core_riscv.h **** 
  77:C:\Users\localhost\Documents\turbomoskal-repo\qqexpert\firmware\MasterController\Core\core_riscv.h **** /* memory mapped structure for Program Fast Interrupt Controller (PFIC) */
  78:C:\Users\localhost\Documents\turbomoskal-repo\qqexpert\firmware\MasterController\Core\core_riscv.h **** typedef struct{
  79:C:\Users\localhost\Documents\turbomoskal-repo\qqexpert\firmware\MasterController\Core\core_riscv.h ****   __I  uint32_t ISR[8];
  80:C:\Users\localhost\Documents\turbomoskal-repo\qqexpert\firmware\MasterController\Core\core_riscv.h ****   __I  uint32_t IPR[8];
  81:C:\Users\localhost\Documents\turbomoskal-repo\qqexpert\firmware\MasterController\Core\core_riscv.h ****   __IO uint32_t ITHRESDR;
  82:C:\Users\localhost\Documents\turbomoskal-repo\qqexpert\firmware\MasterController\Core\core_riscv.h ****   __IO uint32_t RESERVED;
  83:C:\Users\localhost\Documents\turbomoskal-repo\qqexpert\firmware\MasterController\Core\core_riscv.h ****   __IO uint32_t CFGR;
  84:C:\Users\localhost\Documents\turbomoskal-repo\qqexpert\firmware\MasterController\Core\core_riscv.h ****   __I  uint32_t GISR;
  85:C:\Users\localhost\Documents\turbomoskal-repo\qqexpert\firmware\MasterController\Core\core_riscv.h ****   __IO uint8_t VTFIDR[4];
  86:C:\Users\localhost\Documents\turbomoskal-repo\qqexpert\firmware\MasterController\Core\core_riscv.h ****   uint8_t RESERVED0[12];
  87:C:\Users\localhost\Documents\turbomoskal-repo\qqexpert\firmware\MasterController\Core\core_riscv.h ****   __IO uint32_t VTFADDR[4];
  88:C:\Users\localhost\Documents\turbomoskal-repo\qqexpert\firmware\MasterController\Core\core_riscv.h ****   uint8_t RESERVED1[0x90];
  89:C:\Users\localhost\Documents\turbomoskal-repo\qqexpert\firmware\MasterController\Core\core_riscv.h ****   __O  uint32_t IENR[8];
  90:C:\Users\localhost\Documents\turbomoskal-repo\qqexpert\firmware\MasterController\Core\core_riscv.h ****   uint8_t RESERVED2[0x60];
  91:C:\Users\localhost\Documents\turbomoskal-repo\qqexpert\firmware\MasterController\Core\core_riscv.h ****   __O  uint32_t IRER[8];
  92:C:\Users\localhost\Documents\turbomoskal-repo\qqexpert\firmware\MasterController\Core\core_riscv.h ****   uint8_t RESERVED3[0x60];
  93:C:\Users\localhost\Documents\turbomoskal-repo\qqexpert\firmware\MasterController\Core\core_riscv.h ****   __O  uint32_t IPSR[8];
  94:C:\Users\localhost\Documents\turbomoskal-repo\qqexpert\firmware\MasterController\Core\core_riscv.h ****   uint8_t RESERVED4[0x60];
  95:C:\Users\localhost\Documents\turbomoskal-repo\qqexpert\firmware\MasterController\Core\core_riscv.h ****   __O  uint32_t IPRR[8];
  96:C:\Users\localhost\Documents\turbomoskal-repo\qqexpert\firmware\MasterController\Core\core_riscv.h ****   uint8_t RESERVED5[0x60];
  97:C:\Users\localhost\Documents\turbomoskal-repo\qqexpert\firmware\MasterController\Core\core_riscv.h ****   __IO uint32_t IACTR[8];
  98:C:\Users\localhost\Documents\turbomoskal-repo\qqexpert\firmware\MasterController\Core\core_riscv.h ****   uint8_t RESERVED6[0xE0];
  99:C:\Users\localhost\Documents\turbomoskal-repo\qqexpert\firmware\MasterController\Core\core_riscv.h ****   __IO uint8_t IPRIOR[256];
 100:C:\Users\localhost\Documents\turbomoskal-repo\qqexpert\firmware\MasterController\Core\core_riscv.h ****   uint8_t RESERVED7[0x810];
 101:C:\Users\localhost\Documents\turbomoskal-repo\qqexpert\firmware\MasterController\Core\core_riscv.h ****   __IO uint32_t SCTLR;
 102:C:\Users\localhost\Documents\turbomoskal-repo\qqexpert\firmware\MasterController\Core\core_riscv.h **** }PFIC_Type;
 103:C:\Users\localhost\Documents\turbomoskal-repo\qqexpert\firmware\MasterController\Core\core_riscv.h **** 
 104:C:\Users\localhost\Documents\turbomoskal-repo\qqexpert\firmware\MasterController\Core\core_riscv.h **** /* memory mapped structure for SysTick */
 105:C:\Users\localhost\Documents\turbomoskal-repo\qqexpert\firmware\MasterController\Core\core_riscv.h **** typedef struct
 106:C:\Users\localhost\Documents\turbomoskal-repo\qqexpert\firmware\MasterController\Core\core_riscv.h **** {
 107:C:\Users\localhost\Documents\turbomoskal-repo\qqexpert\firmware\MasterController\Core\core_riscv.h ****     __IO uint32_t CTLR;
 108:C:\Users\localhost\Documents\turbomoskal-repo\qqexpert\firmware\MasterController\Core\core_riscv.h ****     __IO uint32_t SR;
 109:C:\Users\localhost\Documents\turbomoskal-repo\qqexpert\firmware\MasterController\Core\core_riscv.h ****     __IO uint64_t CNT;
 110:C:\Users\localhost\Documents\turbomoskal-repo\qqexpert\firmware\MasterController\Core\core_riscv.h ****     __IO uint64_t CMP;
 111:C:\Users\localhost\Documents\turbomoskal-repo\qqexpert\firmware\MasterController\Core\core_riscv.h **** }SysTick_Type;
 112:C:\Users\localhost\Documents\turbomoskal-repo\qqexpert\firmware\MasterController\Core\core_riscv.h **** 
 113:C:\Users\localhost\Documents\turbomoskal-repo\qqexpert\firmware\MasterController\Core\core_riscv.h **** 
 114:C:\Users\localhost\Documents\turbomoskal-repo\qqexpert\firmware\MasterController\Core\core_riscv.h **** #define PFIC            ((PFIC_Type *) 0xE000E000 )
 115:C:\Users\localhost\Documents\turbomoskal-repo\qqexpert\firmware\MasterController\Core\core_riscv.h **** #define NVIC            PFIC
 116:C:\Users\localhost\Documents\turbomoskal-repo\qqexpert\firmware\MasterController\Core\core_riscv.h **** #define NVIC_KEY1       ((uint32_t)0xFA050000)
 117:C:\Users\localhost\Documents\turbomoskal-repo\qqexpert\firmware\MasterController\Core\core_riscv.h **** #define	NVIC_KEY2		((uint32_t)0xBCAF0000)
 118:C:\Users\localhost\Documents\turbomoskal-repo\qqexpert\firmware\MasterController\Core\core_riscv.h **** #define	NVIC_KEY3		((uint32_t)0xBEEF0000)
 119:C:\Users\localhost\Documents\turbomoskal-repo\qqexpert\firmware\MasterController\Core\core_riscv.h **** 
 120:C:\Users\localhost\Documents\turbomoskal-repo\qqexpert\firmware\MasterController\Core\core_riscv.h **** #define SysTick         ((SysTick_Type *) 0xE000F000)
 121:C:\Users\localhost\Documents\turbomoskal-repo\qqexpert\firmware\MasterController\Core\core_riscv.h **** 
 122:C:\Users\localhost\Documents\turbomoskal-repo\qqexpert\firmware\MasterController\Core\core_riscv.h **** /*********************************************************************
 123:C:\Users\localhost\Documents\turbomoskal-repo\qqexpert\firmware\MasterController\Core\core_riscv.h ****  * @fn      __enable_irq
 124:C:\Users\localhost\Documents\turbomoskal-repo\qqexpert\firmware\MasterController\Core\core_riscv.h ****  *
 125:C:\Users\localhost\Documents\turbomoskal-repo\qqexpert\firmware\MasterController\Core\core_riscv.h ****  * @brief   Enable Global Interrupt
 126:C:\Users\localhost\Documents\turbomoskal-repo\qqexpert\firmware\MasterController\Core\core_riscv.h ****  *
 127:C:\Users\localhost\Documents\turbomoskal-repo\qqexpert\firmware\MasterController\Core\core_riscv.h ****  * @return  none
 128:C:\Users\localhost\Documents\turbomoskal-repo\qqexpert\firmware\MasterController\Core\core_riscv.h ****  */
 129:C:\Users\localhost\Documents\turbomoskal-repo\qqexpert\firmware\MasterController\Core\core_riscv.h **** __attribute__( ( always_inline ) ) RV_STATIC_INLINE void __enable_irq()
 130:C:\Users\localhost\Documents\turbomoskal-repo\qqexpert\firmware\MasterController\Core\core_riscv.h **** {
 131:C:\Users\localhost\Documents\turbomoskal-repo\qqexpert\firmware\MasterController\Core\core_riscv.h ****   __asm volatile ("csrs 0x800, %0" : : "r" (0x88) );
 132:C:\Users\localhost\Documents\turbomoskal-repo\qqexpert\firmware\MasterController\Core\core_riscv.h **** }
 133:C:\Users\localhost\Documents\turbomoskal-repo\qqexpert\firmware\MasterController\Core\core_riscv.h **** 
 134:C:\Users\localhost\Documents\turbomoskal-repo\qqexpert\firmware\MasterController\Core\core_riscv.h **** /*********************************************************************
 135:C:\Users\localhost\Documents\turbomoskal-repo\qqexpert\firmware\MasterController\Core\core_riscv.h ****  * @fn      __disable_irq
 136:C:\Users\localhost\Documents\turbomoskal-repo\qqexpert\firmware\MasterController\Core\core_riscv.h ****  *
 137:C:\Users\localhost\Documents\turbomoskal-repo\qqexpert\firmware\MasterController\Core\core_riscv.h ****  * @brief   Disable Global Interrupt
 138:C:\Users\localhost\Documents\turbomoskal-repo\qqexpert\firmware\MasterController\Core\core_riscv.h ****  *
 139:C:\Users\localhost\Documents\turbomoskal-repo\qqexpert\firmware\MasterController\Core\core_riscv.h ****  * @return  none
 140:C:\Users\localhost\Documents\turbomoskal-repo\qqexpert\firmware\MasterController\Core\core_riscv.h ****  */
 141:C:\Users\localhost\Documents\turbomoskal-repo\qqexpert\firmware\MasterController\Core\core_riscv.h **** __attribute__( ( always_inline ) ) RV_STATIC_INLINE void __disable_irq()
 142:C:\Users\localhost\Documents\turbomoskal-repo\qqexpert\firmware\MasterController\Core\core_riscv.h **** {
 143:C:\Users\localhost\Documents\turbomoskal-repo\qqexpert\firmware\MasterController\Core\core_riscv.h ****   __asm volatile ("csrc 0x800, %0" : : "r" (0x88) );
 144:C:\Users\localhost\Documents\turbomoskal-repo\qqexpert\firmware\MasterController\Core\core_riscv.h **** }
 145:C:\Users\localhost\Documents\turbomoskal-repo\qqexpert\firmware\MasterController\Core\core_riscv.h **** 
 146:C:\Users\localhost\Documents\turbomoskal-repo\qqexpert\firmware\MasterController\Core\core_riscv.h **** /*********************************************************************
 147:C:\Users\localhost\Documents\turbomoskal-repo\qqexpert\firmware\MasterController\Core\core_riscv.h ****  * @fn      __NOP
 148:C:\Users\localhost\Documents\turbomoskal-repo\qqexpert\firmware\MasterController\Core\core_riscv.h ****  *
 149:C:\Users\localhost\Documents\turbomoskal-repo\qqexpert\firmware\MasterController\Core\core_riscv.h ****  * @brief   nop
 150:C:\Users\localhost\Documents\turbomoskal-repo\qqexpert\firmware\MasterController\Core\core_riscv.h ****  *
 151:C:\Users\localhost\Documents\turbomoskal-repo\qqexpert\firmware\MasterController\Core\core_riscv.h ****  * @return  none
 152:C:\Users\localhost\Documents\turbomoskal-repo\qqexpert\firmware\MasterController\Core\core_riscv.h ****  */
 153:C:\Users\localhost\Documents\turbomoskal-repo\qqexpert\firmware\MasterController\Core\core_riscv.h **** __attribute__( ( always_inline ) ) RV_STATIC_INLINE void __NOP()
 154:C:\Users\localhost\Documents\turbomoskal-repo\qqexpert\firmware\MasterController\Core\core_riscv.h **** {
 155:C:\Users\localhost\Documents\turbomoskal-repo\qqexpert\firmware\MasterController\Core\core_riscv.h ****   __asm volatile ("nop");
 156:C:\Users\localhost\Documents\turbomoskal-repo\qqexpert\firmware\MasterController\Core\core_riscv.h **** }
 157:C:\Users\localhost\Documents\turbomoskal-repo\qqexpert\firmware\MasterController\Core\core_riscv.h **** 
 158:C:\Users\localhost\Documents\turbomoskal-repo\qqexpert\firmware\MasterController\Core\core_riscv.h **** /*********************************************************************
 159:C:\Users\localhost\Documents\turbomoskal-repo\qqexpert\firmware\MasterController\Core\core_riscv.h ****  * @fn      NVIC_EnableIRQ
 160:C:\Users\localhost\Documents\turbomoskal-repo\qqexpert\firmware\MasterController\Core\core_riscv.h ****  *
 161:C:\Users\localhost\Documents\turbomoskal-repo\qqexpert\firmware\MasterController\Core\core_riscv.h ****  * @brief   Enable Interrupt
 162:C:\Users\localhost\Documents\turbomoskal-repo\qqexpert\firmware\MasterController\Core\core_riscv.h ****  *
 163:C:\Users\localhost\Documents\turbomoskal-repo\qqexpert\firmware\MasterController\Core\core_riscv.h ****  * @param   IRQn - Interrupt Numbers
 164:C:\Users\localhost\Documents\turbomoskal-repo\qqexpert\firmware\MasterController\Core\core_riscv.h ****  *
 165:C:\Users\localhost\Documents\turbomoskal-repo\qqexpert\firmware\MasterController\Core\core_riscv.h ****  * @return  none
 166:C:\Users\localhost\Documents\turbomoskal-repo\qqexpert\firmware\MasterController\Core\core_riscv.h ****  */
 167:C:\Users\localhost\Documents\turbomoskal-repo\qqexpert\firmware\MasterController\Core\core_riscv.h **** __attribute__( ( always_inline ) ) RV_STATIC_INLINE void NVIC_EnableIRQ(IRQn_Type IRQn)
 168:C:\Users\localhost\Documents\turbomoskal-repo\qqexpert\firmware\MasterController\Core\core_riscv.h **** {
 169:C:\Users\localhost\Documents\turbomoskal-repo\qqexpert\firmware\MasterController\Core\core_riscv.h ****   NVIC->IENR[((uint32_t)(IRQn) >> 5)] = (1 << ((uint32_t)(IRQn) & 0x1F));
 170:C:\Users\localhost\Documents\turbomoskal-repo\qqexpert\firmware\MasterController\Core\core_riscv.h **** }
 171:C:\Users\localhost\Documents\turbomoskal-repo\qqexpert\firmware\MasterController\Core\core_riscv.h **** 
 172:C:\Users\localhost\Documents\turbomoskal-repo\qqexpert\firmware\MasterController\Core\core_riscv.h **** /*********************************************************************
 173:C:\Users\localhost\Documents\turbomoskal-repo\qqexpert\firmware\MasterController\Core\core_riscv.h ****  * @fn      NVIC_DisableIRQ
 174:C:\Users\localhost\Documents\turbomoskal-repo\qqexpert\firmware\MasterController\Core\core_riscv.h ****  *
 175:C:\Users\localhost\Documents\turbomoskal-repo\qqexpert\firmware\MasterController\Core\core_riscv.h ****  * @brief   Disable Interrupt
 176:C:\Users\localhost\Documents\turbomoskal-repo\qqexpert\firmware\MasterController\Core\core_riscv.h ****  *
 177:C:\Users\localhost\Documents\turbomoskal-repo\qqexpert\firmware\MasterController\Core\core_riscv.h ****  * @param   IRQn - Interrupt Numbers
 178:C:\Users\localhost\Documents\turbomoskal-repo\qqexpert\firmware\MasterController\Core\core_riscv.h ****  *
 179:C:\Users\localhost\Documents\turbomoskal-repo\qqexpert\firmware\MasterController\Core\core_riscv.h ****  * @return  none
 180:C:\Users\localhost\Documents\turbomoskal-repo\qqexpert\firmware\MasterController\Core\core_riscv.h ****  */
 181:C:\Users\localhost\Documents\turbomoskal-repo\qqexpert\firmware\MasterController\Core\core_riscv.h **** __attribute__( ( always_inline ) ) RV_STATIC_INLINE void NVIC_DisableIRQ(IRQn_Type IRQn)
 182:C:\Users\localhost\Documents\turbomoskal-repo\qqexpert\firmware\MasterController\Core\core_riscv.h **** {
 183:C:\Users\localhost\Documents\turbomoskal-repo\qqexpert\firmware\MasterController\Core\core_riscv.h ****   NVIC->IRER[((uint32_t)(IRQn) >> 5)] = (1 << ((uint32_t)(IRQn) & 0x1F));
 184:C:\Users\localhost\Documents\turbomoskal-repo\qqexpert\firmware\MasterController\Core\core_riscv.h **** }
 185:C:\Users\localhost\Documents\turbomoskal-repo\qqexpert\firmware\MasterController\Core\core_riscv.h **** 
 186:C:\Users\localhost\Documents\turbomoskal-repo\qqexpert\firmware\MasterController\Core\core_riscv.h **** /*********************************************************************
 187:C:\Users\localhost\Documents\turbomoskal-repo\qqexpert\firmware\MasterController\Core\core_riscv.h ****  * @fn      NVIC_GetStatusIRQ
 188:C:\Users\localhost\Documents\turbomoskal-repo\qqexpert\firmware\MasterController\Core\core_riscv.h ****  *
 189:C:\Users\localhost\Documents\turbomoskal-repo\qqexpert\firmware\MasterController\Core\core_riscv.h ****  * @brief   Get Interrupt Enable State
 190:C:\Users\localhost\Documents\turbomoskal-repo\qqexpert\firmware\MasterController\Core\core_riscv.h ****  *
 191:C:\Users\localhost\Documents\turbomoskal-repo\qqexpert\firmware\MasterController\Core\core_riscv.h ****  * @param   IRQn - Interrupt Numbers
 192:C:\Users\localhost\Documents\turbomoskal-repo\qqexpert\firmware\MasterController\Core\core_riscv.h ****  *
 193:C:\Users\localhost\Documents\turbomoskal-repo\qqexpert\firmware\MasterController\Core\core_riscv.h ****  * @return  1 - Interrupt Enable
 194:C:\Users\localhost\Documents\turbomoskal-repo\qqexpert\firmware\MasterController\Core\core_riscv.h ****  *          0 - Interrupt Disable
 195:C:\Users\localhost\Documents\turbomoskal-repo\qqexpert\firmware\MasterController\Core\core_riscv.h ****  */
 196:C:\Users\localhost\Documents\turbomoskal-repo\qqexpert\firmware\MasterController\Core\core_riscv.h **** __attribute__( ( always_inline ) ) RV_STATIC_INLINE uint32_t NVIC_GetStatusIRQ(IRQn_Type IRQn)
 197:C:\Users\localhost\Documents\turbomoskal-repo\qqexpert\firmware\MasterController\Core\core_riscv.h **** {
 198:C:\Users\localhost\Documents\turbomoskal-repo\qqexpert\firmware\MasterController\Core\core_riscv.h ****   return((uint32_t) ((NVIC->ISR[(uint32_t)(IRQn) >> 5] & (1 << ((uint32_t)(IRQn) & 0x1F)))?1:0));
 199:C:\Users\localhost\Documents\turbomoskal-repo\qqexpert\firmware\MasterController\Core\core_riscv.h **** }
 200:C:\Users\localhost\Documents\turbomoskal-repo\qqexpert\firmware\MasterController\Core\core_riscv.h **** 
 201:C:\Users\localhost\Documents\turbomoskal-repo\qqexpert\firmware\MasterController\Core\core_riscv.h **** /*********************************************************************
 202:C:\Users\localhost\Documents\turbomoskal-repo\qqexpert\firmware\MasterController\Core\core_riscv.h ****  * @fn      NVIC_GetPendingIRQ
 203:C:\Users\localhost\Documents\turbomoskal-repo\qqexpert\firmware\MasterController\Core\core_riscv.h ****  *
 204:C:\Users\localhost\Documents\turbomoskal-repo\qqexpert\firmware\MasterController\Core\core_riscv.h ****  * @brief   Get Interrupt Pending State
 205:C:\Users\localhost\Documents\turbomoskal-repo\qqexpert\firmware\MasterController\Core\core_riscv.h ****  *
 206:C:\Users\localhost\Documents\turbomoskal-repo\qqexpert\firmware\MasterController\Core\core_riscv.h ****  * @param   IRQn - Interrupt Numbers
 207:C:\Users\localhost\Documents\turbomoskal-repo\qqexpert\firmware\MasterController\Core\core_riscv.h ****  *
 208:C:\Users\localhost\Documents\turbomoskal-repo\qqexpert\firmware\MasterController\Core\core_riscv.h ****  * @return  1 - Interrupt Pending Enable
 209:C:\Users\localhost\Documents\turbomoskal-repo\qqexpert\firmware\MasterController\Core\core_riscv.h ****  *          0 - Interrupt Pending Disable
 210:C:\Users\localhost\Documents\turbomoskal-repo\qqexpert\firmware\MasterController\Core\core_riscv.h ****  */
 211:C:\Users\localhost\Documents\turbomoskal-repo\qqexpert\firmware\MasterController\Core\core_riscv.h **** __attribute__( ( always_inline ) ) RV_STATIC_INLINE uint32_t NVIC_GetPendingIRQ(IRQn_Type IRQn)
 212:C:\Users\localhost\Documents\turbomoskal-repo\qqexpert\firmware\MasterController\Core\core_riscv.h **** {
 213:C:\Users\localhost\Documents\turbomoskal-repo\qqexpert\firmware\MasterController\Core\core_riscv.h ****   return((uint32_t) ((NVIC->IPR[(uint32_t)(IRQn) >> 5] & (1 << ((uint32_t)(IRQn) & 0x1F)))?1:0));
 214:C:\Users\localhost\Documents\turbomoskal-repo\qqexpert\firmware\MasterController\Core\core_riscv.h **** }
 215:C:\Users\localhost\Documents\turbomoskal-repo\qqexpert\firmware\MasterController\Core\core_riscv.h **** 
 216:C:\Users\localhost\Documents\turbomoskal-repo\qqexpert\firmware\MasterController\Core\core_riscv.h **** /*********************************************************************
 217:C:\Users\localhost\Documents\turbomoskal-repo\qqexpert\firmware\MasterController\Core\core_riscv.h ****  * @fn      NVIC_SetPendingIRQ
 218:C:\Users\localhost\Documents\turbomoskal-repo\qqexpert\firmware\MasterController\Core\core_riscv.h ****  *
 219:C:\Users\localhost\Documents\turbomoskal-repo\qqexpert\firmware\MasterController\Core\core_riscv.h ****  * @brief   Set Interrupt Pending
 220:C:\Users\localhost\Documents\turbomoskal-repo\qqexpert\firmware\MasterController\Core\core_riscv.h ****  *
 221:C:\Users\localhost\Documents\turbomoskal-repo\qqexpert\firmware\MasterController\Core\core_riscv.h ****  * @param   IRQn - Interrupt Numbers
 222:C:\Users\localhost\Documents\turbomoskal-repo\qqexpert\firmware\MasterController\Core\core_riscv.h ****  *
 223:C:\Users\localhost\Documents\turbomoskal-repo\qqexpert\firmware\MasterController\Core\core_riscv.h ****  * @return  none
 224:C:\Users\localhost\Documents\turbomoskal-repo\qqexpert\firmware\MasterController\Core\core_riscv.h ****  */
 225:C:\Users\localhost\Documents\turbomoskal-repo\qqexpert\firmware\MasterController\Core\core_riscv.h **** __attribute__( ( always_inline ) ) RV_STATIC_INLINE void NVIC_SetPendingIRQ(IRQn_Type IRQn)
 226:C:\Users\localhost\Documents\turbomoskal-repo\qqexpert\firmware\MasterController\Core\core_riscv.h **** {
 227:C:\Users\localhost\Documents\turbomoskal-repo\qqexpert\firmware\MasterController\Core\core_riscv.h ****   NVIC->IPSR[((uint32_t)(IRQn) >> 5)] = (1 << ((uint32_t)(IRQn) & 0x1F));
 228:C:\Users\localhost\Documents\turbomoskal-repo\qqexpert\firmware\MasterController\Core\core_riscv.h **** }
 229:C:\Users\localhost\Documents\turbomoskal-repo\qqexpert\firmware\MasterController\Core\core_riscv.h **** 
 230:C:\Users\localhost\Documents\turbomoskal-repo\qqexpert\firmware\MasterController\Core\core_riscv.h **** /*********************************************************************
 231:C:\Users\localhost\Documents\turbomoskal-repo\qqexpert\firmware\MasterController\Core\core_riscv.h ****  * @fn      NVIC_ClearPendingIRQ
 232:C:\Users\localhost\Documents\turbomoskal-repo\qqexpert\firmware\MasterController\Core\core_riscv.h ****  *
 233:C:\Users\localhost\Documents\turbomoskal-repo\qqexpert\firmware\MasterController\Core\core_riscv.h ****  * @brief   Clear Interrupt Pending
 234:C:\Users\localhost\Documents\turbomoskal-repo\qqexpert\firmware\MasterController\Core\core_riscv.h ****  *
 235:C:\Users\localhost\Documents\turbomoskal-repo\qqexpert\firmware\MasterController\Core\core_riscv.h ****  * @param   IRQn - Interrupt Numbers
 236:C:\Users\localhost\Documents\turbomoskal-repo\qqexpert\firmware\MasterController\Core\core_riscv.h ****  *
 237:C:\Users\localhost\Documents\turbomoskal-repo\qqexpert\firmware\MasterController\Core\core_riscv.h ****  * @return  none
 238:C:\Users\localhost\Documents\turbomoskal-repo\qqexpert\firmware\MasterController\Core\core_riscv.h ****  */
 239:C:\Users\localhost\Documents\turbomoskal-repo\qqexpert\firmware\MasterController\Core\core_riscv.h **** __attribute__( ( always_inline ) ) RV_STATIC_INLINE void NVIC_ClearPendingIRQ(IRQn_Type IRQn)
 240:C:\Users\localhost\Documents\turbomoskal-repo\qqexpert\firmware\MasterController\Core\core_riscv.h **** {
 241:C:\Users\localhost\Documents\turbomoskal-repo\qqexpert\firmware\MasterController\Core\core_riscv.h ****   NVIC->IPRR[((uint32_t)(IRQn) >> 5)] = (1 << ((uint32_t)(IRQn) & 0x1F));
 242:C:\Users\localhost\Documents\turbomoskal-repo\qqexpert\firmware\MasterController\Core\core_riscv.h **** }
 243:C:\Users\localhost\Documents\turbomoskal-repo\qqexpert\firmware\MasterController\Core\core_riscv.h **** 
 244:C:\Users\localhost\Documents\turbomoskal-repo\qqexpert\firmware\MasterController\Core\core_riscv.h **** /*********************************************************************
 245:C:\Users\localhost\Documents\turbomoskal-repo\qqexpert\firmware\MasterController\Core\core_riscv.h ****  * @fn      NVIC_GetActive
 246:C:\Users\localhost\Documents\turbomoskal-repo\qqexpert\firmware\MasterController\Core\core_riscv.h ****  *
 247:C:\Users\localhost\Documents\turbomoskal-repo\qqexpert\firmware\MasterController\Core\core_riscv.h ****  * @brief   Get Interrupt Active State
 248:C:\Users\localhost\Documents\turbomoskal-repo\qqexpert\firmware\MasterController\Core\core_riscv.h ****  *
 249:C:\Users\localhost\Documents\turbomoskal-repo\qqexpert\firmware\MasterController\Core\core_riscv.h ****  * @param   IRQn - Interrupt Numbers
 250:C:\Users\localhost\Documents\turbomoskal-repo\qqexpert\firmware\MasterController\Core\core_riscv.h ****  *
 251:C:\Users\localhost\Documents\turbomoskal-repo\qqexpert\firmware\MasterController\Core\core_riscv.h ****  * @return  1 - Interrupt Active
 252:C:\Users\localhost\Documents\turbomoskal-repo\qqexpert\firmware\MasterController\Core\core_riscv.h ****  *          0 - Interrupt No Active
 253:C:\Users\localhost\Documents\turbomoskal-repo\qqexpert\firmware\MasterController\Core\core_riscv.h ****  */
 254:C:\Users\localhost\Documents\turbomoskal-repo\qqexpert\firmware\MasterController\Core\core_riscv.h **** __attribute__( ( always_inline ) ) RV_STATIC_INLINE uint32_t NVIC_GetActive(IRQn_Type IRQn)
 255:C:\Users\localhost\Documents\turbomoskal-repo\qqexpert\firmware\MasterController\Core\core_riscv.h **** {
 256:C:\Users\localhost\Documents\turbomoskal-repo\qqexpert\firmware\MasterController\Core\core_riscv.h ****   return((uint32_t)((NVIC->IACTR[(uint32_t)(IRQn) >> 5] & (1 << ((uint32_t)(IRQn) & 0x1F)))?1:0));
 257:C:\Users\localhost\Documents\turbomoskal-repo\qqexpert\firmware\MasterController\Core\core_riscv.h **** }
 258:C:\Users\localhost\Documents\turbomoskal-repo\qqexpert\firmware\MasterController\Core\core_riscv.h **** 
 259:C:\Users\localhost\Documents\turbomoskal-repo\qqexpert\firmware\MasterController\Core\core_riscv.h **** /*********************************************************************
 260:C:\Users\localhost\Documents\turbomoskal-repo\qqexpert\firmware\MasterController\Core\core_riscv.h ****  * @fn      NVIC_SetPriority
 261:C:\Users\localhost\Documents\turbomoskal-repo\qqexpert\firmware\MasterController\Core\core_riscv.h ****  *
 262:C:\Users\localhost\Documents\turbomoskal-repo\qqexpert\firmware\MasterController\Core\core_riscv.h ****  * @brief   Set Interrupt Priority
 263:C:\Users\localhost\Documents\turbomoskal-repo\qqexpert\firmware\MasterController\Core\core_riscv.h ****  *
 264:C:\Users\localhost\Documents\turbomoskal-repo\qqexpert\firmware\MasterController\Core\core_riscv.h ****  * @param   IRQn - Interrupt Numbers
 265:C:\Users\localhost\Documents\turbomoskal-repo\qqexpert\firmware\MasterController\Core\core_riscv.h ****  *          interrupt nesting enable-8 Level(CSR-0x804 bit1 = 1 bit[3:2] = 3)
 266:C:\Users\localhost\Documents\turbomoskal-repo\qqexpert\firmware\MasterController\Core\core_riscv.h ****  *            priority - bit[7:5] - Preemption Priority
 267:C:\Users\localhost\Documents\turbomoskal-repo\qqexpert\firmware\MasterController\Core\core_riscv.h ****  *                       bit[4:0] - Reserve
 268:C:\Users\localhost\Documents\turbomoskal-repo\qqexpert\firmware\MasterController\Core\core_riscv.h ****  *          interrupt nesting enable-4 Level(CSR-0x804 bit1 = 1 bit[3:2] = 2)
 269:C:\Users\localhost\Documents\turbomoskal-repo\qqexpert\firmware\MasterController\Core\core_riscv.h ****  *            priority - bit[7:6] - Preemption Priority
 270:C:\Users\localhost\Documents\turbomoskal-repo\qqexpert\firmware\MasterController\Core\core_riscv.h ****  *                       bit[5] - Sub priority
 271:C:\Users\localhost\Documents\turbomoskal-repo\qqexpert\firmware\MasterController\Core\core_riscv.h ****  *                       bit[4:0] - Reserve
 272:C:\Users\localhost\Documents\turbomoskal-repo\qqexpert\firmware\MasterController\Core\core_riscv.h ****  *          interrupt nesting enable-2 Level(CSR-0x804 bit1 = 1 bit[3:2] = 1)
 273:C:\Users\localhost\Documents\turbomoskal-repo\qqexpert\firmware\MasterController\Core\core_riscv.h ****  *            priority - bit[7] - Preemption Priority
 274:C:\Users\localhost\Documents\turbomoskal-repo\qqexpert\firmware\MasterController\Core\core_riscv.h ****  *                       bit[6:5] - Sub priority
 275:C:\Users\localhost\Documents\turbomoskal-repo\qqexpert\firmware\MasterController\Core\core_riscv.h ****  *                       bit[4:0] - Reserve
 276:C:\Users\localhost\Documents\turbomoskal-repo\qqexpert\firmware\MasterController\Core\core_riscv.h ****  *          interrupt nesting disable(CSR-0x804 bit1 = 0)
 277:C:\Users\localhost\Documents\turbomoskal-repo\qqexpert\firmware\MasterController\Core\core_riscv.h ****  *            priority - bit[7:5] - Sub priority
 278:C:\Users\localhost\Documents\turbomoskal-repo\qqexpert\firmware\MasterController\Core\core_riscv.h ****  *                       bit[4:0] - Reserve
 279:C:\Users\localhost\Documents\turbomoskal-repo\qqexpert\firmware\MasterController\Core\core_riscv.h ****  *
 280:C:\Users\localhost\Documents\turbomoskal-repo\qqexpert\firmware\MasterController\Core\core_riscv.h ****  * @return  none
 281:C:\Users\localhost\Documents\turbomoskal-repo\qqexpert\firmware\MasterController\Core\core_riscv.h ****  */
 282:C:\Users\localhost\Documents\turbomoskal-repo\qqexpert\firmware\MasterController\Core\core_riscv.h **** __attribute__( ( always_inline ) ) RV_STATIC_INLINE void NVIC_SetPriority(IRQn_Type IRQn, uint8_t p
 283:C:\Users\localhost\Documents\turbomoskal-repo\qqexpert\firmware\MasterController\Core\core_riscv.h **** {
 284:C:\Users\localhost\Documents\turbomoskal-repo\qqexpert\firmware\MasterController\Core\core_riscv.h ****   NVIC->IPRIOR[(uint32_t)(IRQn)] = priority;
  64              		.loc 2 284 34
  65 0020 37E700E0 		li	a4,-536813568
  66              	.LBE9:
  67              	.LBE8:
  68              		.loc 1 84 13
  69 0024 93F7F70F 		andi	a5,a5,0xff
  70              	.LVL2:
  71              	.LBB11:
  72              	.LBB10:
  73              		.loc 2 284 3 is_stmt 1
  74              		.loc 2 284 34 is_stmt 0
  75 0028 3697     		add	a4,a4,a3
  76 002a 2300F740 		sb	a5,1024(a4)
  77              	.LVL3:
  78              	.L3:
  79              	.LBE10:
  80              	.LBE11:
  85:../Peripheral/src/ch32v30x_misc.c ****         }
  86:../Peripheral/src/ch32v30x_misc.c ****     }
  87:../Peripheral/src/ch32v30x_misc.c **** #elif (INTSYSCR_INEST == INTSYSCR_INEST_EN_8Level)
  88:../Peripheral/src/ch32v30x_misc.c ****     if(NVIC_Priority_Group == NVIC_PriorityGroup_3)
  89:../Peripheral/src/ch32v30x_misc.c ****     {
  90:../Peripheral/src/ch32v30x_misc.c ****         if(NVIC_InitStruct->NVIC_IRQChannelPreemptionPriority < 8)
  91:../Peripheral/src/ch32v30x_misc.c ****         {
  92:../Peripheral/src/ch32v30x_misc.c ****             NVIC_SetPriority(NVIC_InitStruct->NVIC_IRQChannel, (NVIC_InitStruct->NVIC_IRQChannelPre
  93:../Peripheral/src/ch32v30x_misc.c ****         }
  94:../Peripheral/src/ch32v30x_misc.c ****     }
  95:../Peripheral/src/ch32v30x_misc.c **** #endif
  96:../Peripheral/src/ch32v30x_misc.c **** 
  97:../Peripheral/src/ch32v30x_misc.c ****     if(NVIC_InitStruct->NVIC_IRQChannelCmd != DISABLE)
  81              		.loc 1 97 5 is_stmt 1
  82              	.LBB12:
  83              	.LBB13:
 169:C:\Users\localhost\Documents\turbomoskal-repo\qqexpert\firmware\MasterController\Core\core_riscv.h **** }
  84              		.loc 2 169 44 is_stmt 0
  85 002e 0547     		li	a4,1
 169:C:\Users\localhost\Documents\turbomoskal-repo\qqexpert\firmware\MasterController\Core\core_riscv.h **** }
  86              		.loc 2 169 32
  87 0030 93D75600 		srli	a5,a3,5
 169:C:\Users\localhost\Documents\turbomoskal-repo\qqexpert\firmware\MasterController\Core\core_riscv.h **** }
  88              		.loc 2 169 44
  89 0034 3317D700 		sll	a4,a4,a3
  90              	.LBE13:
  91              	.LBE12:
  92              		.loc 1 97 7
  93 0038 5441     		lw	a3,4(a0)
  94 003a 89CA     		beq	a3,zero,.L4
  98:../Peripheral/src/ch32v30x_misc.c ****     {
  99:../Peripheral/src/ch32v30x_misc.c ****         NVIC_EnableIRQ(NVIC_InitStruct->NVIC_IRQChannel);
  95              		.loc 1 99 9 is_stmt 1
  96              	.LVL4:
  97              	.LBB15:
  98              	.LBB14:
 169:C:\Users\localhost\Documents\turbomoskal-repo\qqexpert\firmware\MasterController\Core\core_riscv.h **** }
  99              		.loc 2 169 3
 169:C:\Users\localhost\Documents\turbomoskal-repo\qqexpert\firmware\MasterController\Core\core_riscv.h **** }
 100              		.loc 2 169 39 is_stmt 0
 101 003c 93870704 		addi	a5,a5,64
 102              	.LVL5:
 103              	.L6:
 104              	.LBE14:
 105              	.LBE15:
 106              	.LBB16:
 107              	.LBB17:
 183:C:\Users\localhost\Documents\turbomoskal-repo\qqexpert\firmware\MasterController\Core\core_riscv.h **** }
 108              		.loc 2 183 39
 109 0040 8A07     		slli	a5,a5,2
 110 0042 B7E600E0 		li	a3,-536813568
 111 0046 B697     		add	a5,a3,a5
 112 0048 98C3     		sw	a4,0(a5)
 113              	.LBE17:
 114              	.LBE16:
 100:../Peripheral/src/ch32v30x_misc.c ****     }
 101:../Peripheral/src/ch32v30x_misc.c ****     else
 102:../Peripheral/src/ch32v30x_misc.c ****     {
 103:../Peripheral/src/ch32v30x_misc.c ****         NVIC_DisableIRQ(NVIC_InitStruct->NVIC_IRQChannel);
 104:../Peripheral/src/ch32v30x_misc.c ****     }
 105:../Peripheral/src/ch32v30x_misc.c **** }
 115              		.loc 1 105 1
 116 004a 8280     		ret
 117              	.L4:
 103:../Peripheral/src/ch32v30x_misc.c ****     }
 118              		.loc 1 103 9 is_stmt 1
 119              	.LVL6:
 120              	.LBB19:
 121              	.LBB18:
 183:C:\Users\localhost\Documents\turbomoskal-repo\qqexpert\firmware\MasterController\Core\core_riscv.h **** }
 122              		.loc 2 183 3
 183:C:\Users\localhost\Documents\turbomoskal-repo\qqexpert\firmware\MasterController\Core\core_riscv.h **** }
 123              		.loc 2 183 39 is_stmt 0
 124 004c 93870706 		addi	a5,a5,96
 125 0050 C5BF     		j	.L6
 126              	.LBE18:
 127              	.LBE19:
 128              		.cfi_endproc
 129              	.LFE30:
 131              		.globl	NVIC_Priority_Group
 132              		.section	.sbss.NVIC_Priority_Group,"aw",@nobits
 133              		.align	2
 136              	NVIC_Priority_Group:
 137 0000 00000000 		.zero	4
 138              		.text
 139              	.Letext0:
 140              		.file 3 "C:\\Users\\localhost\\Documents\\turbomoskal-repo\\qqexpert\\firmware\\MasterController\\
 141              		.file 4 "d:\\software\\mounriver_studio\\toolchain\\risc-v embedded gcc12\\riscv-none-elf\\include
 142              		.file 5 "d:\\software\\mounriver_studio\\toolchain\\risc-v embedded gcc12\\riscv-none-elf\\include
 143              		.file 6 "C:\\Users\\localhost\\Documents\\turbomoskal-repo\\qqexpert\\firmware\\MasterController\\
DEFINED SYMBOLS
                            *ABS*:0000000000000000 ch32v30x_misc.c
C:\Users\LOCALH~1\AppData\Local\Temp\ccLDYIJf.s:14     .text.NVIC_PriorityGroupConfig:0000000000000000 NVIC_PriorityGroupConfig
C:\Users\LOCALH~1\AppData\Local\Temp\ccLDYIJf.s:18     .text.NVIC_PriorityGroupConfig:0000000000000000 .L0 
C:\Users\LOCALH~1\AppData\Local\Temp\ccLDYIJf.s:20     .text.NVIC_PriorityGroupConfig:0000000000000000 .L0 
C:\Users\LOCALH~1\AppData\Local\Temp\ccLDYIJf.s:21     .text.NVIC_PriorityGroupConfig:0000000000000000 .L0 
C:\Users\LOCALH~1\AppData\Local\Temp\ccLDYIJf.s:22     .text.NVIC_PriorityGroupConfig:0000000000000000 $x
C:\Users\LOCALH~1\AppData\Local\Temp\ccLDYIJf.s:136    .sbss.NVIC_Priority_Group:0000000000000000 NVIC_Priority_Group
C:\Users\LOCALH~1\AppData\Local\Temp\ccLDYIJf.s:22     .text.NVIC_PriorityGroupConfig:0000000000000000 .L0 
C:\Users\LOCALH~1\AppData\Local\Temp\ccLDYIJf.s:24     .text.NVIC_PriorityGroupConfig:0000000000000008 .L0 
C:\Users\LOCALH~1\AppData\Local\Temp\ccLDYIJf.s:25     .text.NVIC_PriorityGroupConfig:000000000000000a .L0 
C:\Users\LOCALH~1\AppData\Local\Temp\ccLDYIJf.s:32     .text.NVIC_Init:0000000000000000 NVIC_Init
C:\Users\LOCALH~1\AppData\Local\Temp\ccLDYIJf.s:35     .text.NVIC_Init:0000000000000000 .L0 
C:\Users\LOCALH~1\AppData\Local\Temp\ccLDYIJf.s:37     .text.NVIC_Init:0000000000000000 .L0 
C:\Users\LOCALH~1\AppData\Local\Temp\ccLDYIJf.s:38     .text.NVIC_Init:0000000000000000 .L0 
C:\Users\LOCALH~1\AppData\Local\Temp\ccLDYIJf.s:39     .text.NVIC_Init:0000000000000000 $x
C:\Users\LOCALH~1\AppData\Local\Temp\ccLDYIJf.s:39     .text.NVIC_Init:0000000000000000 .L0 
C:\Users\LOCALH~1\AppData\Local\Temp\ccLDYIJf.s:41     .text.NVIC_Init:0000000000000008 .L0 
C:\Users\LOCALH~1\AppData\Local\Temp\ccLDYIJf.s:43     .text.NVIC_Init:000000000000000a .L0 
C:\Users\LOCALH~1\AppData\Local\Temp\ccLDYIJf.s:45     .text.NVIC_Init:000000000000000c .L0 
C:\Users\LOCALH~1\AppData\Local\Temp\ccLDYIJf.s:47     .text.NVIC_Init:0000000000000010 .L0 
C:\Users\LOCALH~1\AppData\Local\Temp\ccLDYIJf.s:48     .text.NVIC_Init:0000000000000010 .L0 
C:\Users\LOCALH~1\AppData\Local\Temp\ccLDYIJf.s:50     .text.NVIC_Init:0000000000000012 .L0 
C:\Users\LOCALH~1\AppData\Local\Temp\ccLDYIJf.s:53     .text.NVIC_Init:0000000000000018 .L0 
C:\Users\LOCALH~1\AppData\Local\Temp\ccLDYIJf.s:54     .text.NVIC_Init:0000000000000018 .L0 
C:\Users\LOCALH~1\AppData\Local\Temp\ccLDYIJf.s:56     .text.NVIC_Init:000000000000001a .L0 
C:\Users\LOCALH~1\AppData\Local\Temp\ccLDYIJf.s:58     .text.NVIC_Init:000000000000001c .L0 
C:\Users\LOCALH~1\AppData\Local\Temp\ccLDYIJf.s:60     .text.NVIC_Init:000000000000001e .L0 
C:\Users\LOCALH~1\AppData\Local\Temp\ccLDYIJf.s:65     .text.NVIC_Init:0000000000000020 .L0 
C:\Users\LOCALH~1\AppData\Local\Temp\ccLDYIJf.s:69     .text.NVIC_Init:0000000000000024 .L0 
C:\Users\LOCALH~1\AppData\Local\Temp\ccLDYIJf.s:74     .text.NVIC_Init:0000000000000028 .L0 
C:\Users\LOCALH~1\AppData\Local\Temp\ccLDYIJf.s:75     .text.NVIC_Init:0000000000000028 .L0 
C:\Users\LOCALH~1\AppData\Local\Temp\ccLDYIJf.s:84     .text.NVIC_Init:000000000000002e .L0 
C:\Users\LOCALH~1\AppData\Local\Temp\ccLDYIJf.s:85     .text.NVIC_Init:000000000000002e .L0 
C:\Users\LOCALH~1\AppData\Local\Temp\ccLDYIJf.s:87     .text.NVIC_Init:0000000000000030 .L0 
C:\Users\LOCALH~1\AppData\Local\Temp\ccLDYIJf.s:89     .text.NVIC_Init:0000000000000034 .L0 
C:\Users\LOCALH~1\AppData\Local\Temp\ccLDYIJf.s:93     .text.NVIC_Init:0000000000000038 .L0 
C:\Users\LOCALH~1\AppData\Local\Temp\ccLDYIJf.s:99     .text.NVIC_Init:000000000000003c .L0 
C:\Users\LOCALH~1\AppData\Local\Temp\ccLDYIJf.s:100    .text.NVIC_Init:000000000000003c .L0 
C:\Users\LOCALH~1\AppData\Local\Temp\ccLDYIJf.s:101    .text.NVIC_Init:000000000000003c .L0 
C:\Users\LOCALH~1\AppData\Local\Temp\ccLDYIJf.s:109    .text.NVIC_Init:0000000000000040 .L0 
C:\Users\LOCALH~1\AppData\Local\Temp\ccLDYIJf.s:116    .text.NVIC_Init:000000000000004a .L0 
C:\Users\LOCALH~1\AppData\Local\Temp\ccLDYIJf.s:122    .text.NVIC_Init:000000000000004c .L0 
C:\Users\LOCALH~1\AppData\Local\Temp\ccLDYIJf.s:123    .text.NVIC_Init:000000000000004c .L0 
C:\Users\LOCALH~1\AppData\Local\Temp\ccLDYIJf.s:124    .text.NVIC_Init:000000000000004c .L0 
C:\Users\LOCALH~1\AppData\Local\Temp\ccLDYIJf.s:128    .text.NVIC_Init:0000000000000052 .L0 
C:\Users\LOCALH~1\AppData\Local\Temp\ccLDYIJf.s:1830   .debug_line_str:0000000000000077 .L0 
C:\Users\LOCALH~1\AppData\Local\Temp\ccLDYIJf.s:1830   .debug_line_str:00000000000000cc .L0 
C:\Users\LOCALH~1\AppData\Local\Temp\ccLDYIJf.s:1830   .debug_line_str:00000000000000de .L0 
C:\Users\LOCALH~1\AppData\Local\Temp\ccLDYIJf.s:1830   .debug_line_str:0000000000000134 .L0 
C:\Users\LOCALH~1\AppData\Local\Temp\ccLDYIJf.s:1830   .debug_line_str:0000000000000194 .L0 
C:\Users\LOCALH~1\AppData\Local\Temp\ccLDYIJf.s:1830   .debug_line_str:00000000000001f0 .L0 
C:\Users\LOCALH~1\AppData\Local\Temp\ccLDYIJf.s:1830   .debug_line_str:0000000000000248 .L0 
C:\Users\LOCALH~1\AppData\Local\Temp\ccLDYIJf.s:1830   .debug_line_str:0000000000000258 .L0 
C:\Users\LOCALH~1\AppData\Local\Temp\ccLDYIJf.s:1830   .debug_line_str:0000000000000268 .L0 
C:\Users\LOCALH~1\AppData\Local\Temp\ccLDYIJf.s:1830   .debug_line_str:0000000000000275 .L0 
C:\Users\LOCALH~1\AppData\Local\Temp\ccLDYIJf.s:1830   .debug_line_str:0000000000000280 .L0 
C:\Users\LOCALH~1\AppData\Local\Temp\ccLDYIJf.s:1830   .debug_line_str:0000000000000291 .L0 
C:\Users\LOCALH~1\AppData\Local\Temp\ccLDYIJf.s:1830   .debug_line_str:000000000000029b .L0 
C:\Users\LOCALH~1\AppData\Local\Temp\ccLDYIJf.s:28     .text.NVIC_PriorityGroupConfig:000000000000000a .L0 
C:\Users\LOCALH~1\AppData\Local\Temp\ccLDYIJf.s:132    .text.NVIC_Init:0000000000000052 .L0 
                     .debug_frame:0000000000000000 .L0 
C:\Users\LOCALH~1\AppData\Local\Temp\ccLDYIJf.s:22     .text.NVIC_PriorityGroupConfig:0000000000000000 .L0 
C:\Users\LOCALH~1\AppData\Local\Temp\ccLDYIJf.s:39     .text.NVIC_Init:0000000000000000 .L0 
C:\Users\LOCALH~1\AppData\Local\Temp\ccLDYIJf.s:78     .text.NVIC_Init:000000000000002e .L3
C:\Users\LOCALH~1\AppData\Local\Temp\ccLDYIJf.s:117    .text.NVIC_Init:000000000000004c .L4
C:\Users\LOCALH~1\AppData\Local\Temp\ccLDYIJf.s:103    .text.NVIC_Init:0000000000000040 .L6
C:\Users\LOCALH~1\AppData\Local\Temp\ccLDYIJf.s:971    .debug_abbrev:0000000000000000 .Ldebug_abbrev0
C:\Users\LOCALH~1\AppData\Local\Temp\ccLDYIJf.s:1723   .debug_str:0000000000000552 .LASF150
C:\Users\LOCALH~1\AppData\Local\Temp\ccLDYIJf.s:1828   .debug_line_str:0000000000000055 .LASF0
C:\Users\LOCALH~1\AppData\Local\Temp\ccLDYIJf.s:1826   .debug_line_str:0000000000000000 .LASF1
C:\Users\LOCALH~1\AppData\Local\Temp\ccLDYIJf.s:1511   .debug_rnglists:0000000000000045 .LLRL6
C:\Users\LOCALH~1\AppData\Local\Temp\ccLDYIJf.s:1521   .debug_line:0000000000000000 .Ldebug_line0
C:\Users\LOCALH~1\AppData\Local\Temp\ccLDYIJf.s:1641   .debug_str:0000000000000326 .LASF146
C:\Users\LOCALH~1\AppData\Local\Temp\ccLDYIJf.s:1757   .debug_str:0000000000000717 .LASF2
C:\Users\LOCALH~1\AppData\Local\Temp\ccLDYIJf.s:1523   .debug_str:0000000000000000 .LASF3
C:\Users\LOCALH~1\AppData\Local\Temp\ccLDYIJf.s:1673   .debug_str:000000000000040a .LASF4
C:\Users\LOCALH~1\AppData\Local\Temp\ccLDYIJf.s:1763   .debug_str:0000000000000749 .LASF5
C:\Users\LOCALH~1\AppData\Local\Temp\ccLDYIJf.s:1539   .debug_str:0000000000000067 .LASF6
C:\Users\LOCALH~1\AppData\Local\Temp\ccLDYIJf.s:1635   .debug_str:00000000000002f8 .LASF7
C:\Users\LOCALH~1\AppData\Local\Temp\ccLDYIJf.s:1559   .debug_str:00000000000000ee .LASF8
C:\Users\LOCALH~1\AppData\Local\Temp\ccLDYIJf.s:1555   .debug_str:00000000000000da .LASF9
C:\Users\LOCALH~1\AppData\Local\Temp\ccLDYIJf.s:1527   .debug_str:000000000000001c .LASF10
C:\Users\LOCALH~1\AppData\Local\Temp\ccLDYIJf.s:1765   .debug_str:000000000000075b .LASF11
C:\Users\LOCALH~1\AppData\Local\Temp\ccLDYIJf.s:1571   .debug_str:0000000000000141 .LASF12
C:\Users\LOCALH~1\AppData\Local\Temp\ccLDYIJf.s:1727   .debug_str:000000000000065d .LASF13
C:\Users\LOCALH~1\AppData\Local\Temp\ccLDYIJf.s:1793   .debug_str:000000000000080b .LASF14
C:\Users\LOCALH~1\AppData\Local\Temp\ccLDYIJf.s:1783   .debug_str:00000000000007ce .LASF15
C:\Users\LOCALH~1\AppData\Local\Temp\ccLDYIJf.s:1821   .debug_str:00000000000008a3 .LASF16
C:\Users\LOCALH~1\AppData\Local\Temp\ccLDYIJf.s:1553   .debug_str:00000000000000cf .LASF17
C:\Users\LOCALH~1\AppData\Local\Temp\ccLDYIJf.s:1663   .debug_str:00000000000003d1 .LASF18
C:\Users\LOCALH~1\AppData\Local\Temp\ccLDYIJf.s:1711   .debug_str:0000000000000506 .LASF19
C:\Users\LOCALH~1\AppData\Local\Temp\ccLDYIJf.s:1677   .debug_str:0000000000000425 .LASF20
C:\Users\LOCALH~1\AppData\Local\Temp\ccLDYIJf.s:1643   .debug_str:000000000000032b .LASF21
C:\Users\LOCALH~1\AppData\Local\Temp\ccLDYIJf.s:1587   .debug_str:0000000000000196 .LASF22
C:\Users\LOCALH~1\AppData\Local\Temp\ccLDYIJf.s:1595   .debug_str:00000000000001cc .LASF23
C:\Users\LOCALH~1\AppData\Local\Temp\ccLDYIJf.s:1615   .debug_str:0000000000000257 .LASF24
C:\Users\LOCALH~1\AppData\Local\Temp\ccLDYIJf.s:1625   .debug_str:00000000000002a7 .LASF25
C:\Users\LOCALH~1\AppData\Local\Temp\ccLDYIJf.s:1801   .debug_str:000000000000082d .LASF26
C:\Users\LOCALH~1\AppData\Local\Temp\ccLDYIJf.s:1809   .debug_str:0000000000000857 .LASF27
C:\Users\LOCALH~1\AppData\Local\Temp\ccLDYIJf.s:1705   .debug_str:00000000000004d1 .LASF28
C:\Users\LOCALH~1\AppData\Local\Temp\ccLDYIJf.s:1719   .debug_str:000000000000052e .LASF29
C:\Users\LOCALH~1\AppData\Local\Temp\ccLDYIJf.s:1543   .debug_str:0000000000000080 .LASF30
C:\Users\LOCALH~1\AppData\Local\Temp\ccLDYIJf.s:1815   .debug_str:000000000000087d .LASF31
C:\Users\LOCALH~1\AppData\Local\Temp\ccLDYIJf.s:1585   .debug_str:0000000000000189 .LASF32
C:\Users\LOCALH~1\AppData\Local\Temp\ccLDYIJf.s:1751   .debug_str:00000000000006f1 .LASF33
C:\Users\LOCALH~1\AppData\Local\Temp\ccLDYIJf.s:1767   .debug_str:0000000000000767 .LASF34
C:\Users\LOCALH~1\AppData\Local\Temp\ccLDYIJf.s:1531   .debug_str:0000000000000033 .LASF35
C:\Users\LOCALH~1\AppData\Local\Temp\ccLDYIJf.s:1637   .debug_str:0000000000000305 .LASF36
C:\Users\LOCALH~1\AppData\Local\Temp\ccLDYIJf.s:1779   .debug_str:00000000000007b7 .LASF37
C:\Users\LOCALH~1\AppData\Local\Temp\ccLDYIJf.s:1819   .debug_str:0000000000000899 .LASF38
C:\Users\LOCALH~1\AppData\Local\Temp\ccLDYIJf.s:1551   .debug_str:00000000000000c5 .LASF39
C:\Users\LOCALH~1\AppData\Local\Temp\ccLDYIJf.s:1535   .debug_str:0000000000000050 .LASF40
C:\Users\LOCALH~1\AppData\Local\Temp\ccLDYIJf.s:1805   .debug_str:0000000000000845 .LASF41
C:\Users\LOCALH~1\AppData\Local\Temp\ccLDYIJf.s:1579   .debug_str:000000000000016c .LASF42
C:\Users\LOCALH~1\AppData\Local\Temp\ccLDYIJf.s:1549   .debug_str:00000000000000b8 .LASF43
C:\Users\LOCALH~1\AppData\Local\Temp\ccLDYIJf.s:1627   .debug_str:00000000000002ba .LASF44
C:\Users\LOCALH~1\AppData\Local\Temp\ccLDYIJf.s:1665   .debug_str:00000000000003dc .LASF45
C:\Users\LOCALH~1\AppData\Local\Temp\ccLDYIJf.s:1785   .debug_str:00000000000007d9 .LASF46
C:\Users\LOCALH~1\AppData\Local\Temp\ccLDYIJf.s:1741   .debug_str:00000000000006b4 .LASF47
C:\Users\LOCALH~1\AppData\Local\Temp\ccLDYIJf.s:1777   .debug_str:00000000000007ab .LASF48
C:\Users\LOCALH~1\AppData\Local\Temp\ccLDYIJf.s:1623   .debug_str:0000000000000298 .LASF49
C:\Users\LOCALH~1\AppData\Local\Temp\ccLDYIJf.s:1753   .debug_str:00000000000006ff .LASF50
C:\Users\LOCALH~1\AppData\Local\Temp\ccLDYIJf.s:1769   .debug_str:0000000000000774 .LASF51
C:\Users\LOCALH~1\AppData\Local\Temp\ccLDYIJf.s:1645   .debug_str:000000000000033e .LASF52
C:\Users\LOCALH~1\AppData\Local\Temp\ccLDYIJf.s:1781   .debug_str:00000000000007c1 .LASF53
C:\Users\LOCALH~1\AppData\Local\Temp\ccLDYIJf.s:1703   .debug_str:00000000000004bf .LASF54
C:\Users\LOCALH~1\AppData\Local\Temp\ccLDYIJf.s:1653   .debug_str:0000000000000382 .LASF55
C:\Users\LOCALH~1\AppData\Local\Temp\ccLDYIJf.s:1713   .debug_str:0000000000000511 .LASF56
C:\Users\LOCALH~1\AppData\Local\Temp\ccLDYIJf.s:1557   .debug_str:00000000000000e4 .LASF57
C:\Users\LOCALH~1\AppData\Local\Temp\ccLDYIJf.s:1659   .debug_str:00000000000003b3 .LASF58
C:\Users\LOCALH~1\AppData\Local\Temp\ccLDYIJf.s:1811   .debug_str:0000000000000860 .LASF59
C:\Users\LOCALH~1\AppData\Local\Temp\ccLDYIJf.s:1593   .debug_str:00000000000001c1 .LASF60
C:\Users\LOCALH~1\AppData\Local\Temp\ccLDYIJf.s:1715   .debug_str:000000000000051a .LASF61
C:\Users\LOCALH~1\AppData\Local\Temp\ccLDYIJf.s:1725   .debug_str:0000000000000653 .LASF62
C:\Users\LOCALH~1\AppData\Local\Temp\ccLDYIJf.s:1755   .debug_str:000000000000070d .LASF63
C:\Users\LOCALH~1\AppData\Local\Temp\ccLDYIJf.s:1547   .debug_str:00000000000000a5 .LASF64
C:\Users\LOCALH~1\AppData\Local\Temp\ccLDYIJf.s:1657   .debug_str:00000000000003a0 .LASF65
C:\Users\LOCALH~1\AppData\Local\Temp\ccLDYIJf.s:1697   .debug_str:0000000000000490 .LASF66
C:\Users\LOCALH~1\AppData\Local\Temp\ccLDYIJf.s:1749   .debug_str:00000000000006de .LASF67
C:\Users\LOCALH~1\AppData\Local\Temp\ccLDYIJf.s:1569   .debug_str:000000000000012e .LASF68
C:\Users\LOCALH~1\AppData\Local\Temp\ccLDYIJf.s:1651   .debug_str:0000000000000379 .LASF69
C:\Users\LOCALH~1\AppData\Local\Temp\ccLDYIJf.s:1591   .debug_str:00000000000001b3 .LASF70
C:\Users\LOCALH~1\AppData\Local\Temp\ccLDYIJf.s:1667   .debug_str:00000000000003e6 .LASF71
C:\Users\LOCALH~1\AppData\Local\Temp\ccLDYIJf.s:1529   .debug_str:0000000000000025 .LASF72
C:\Users\LOCALH~1\AppData\Local\Temp\ccLDYIJf.s:1565   .debug_str:0000000000000116 .LASF73
C:\Users\LOCALH~1\AppData\Local\Temp\ccLDYIJf.s:1817   .debug_str:000000000000088b .LASF74
C:\Users\LOCALH~1\AppData\Local\Temp\ccLDYIJf.s:1621   .debug_str:000000000000028d .LASF75
C:\Users\LOCALH~1\AppData\Local\Temp\ccLDYIJf.s:1629   .debug_str:00000000000002c4 .LASF76
C:\Users\LOCALH~1\AppData\Local\Temp\ccLDYIJf.s:1647   .debug_str:000000000000034c .LASF77
C:\Users\LOCALH~1\AppData\Local\Temp\ccLDYIJf.s:1729   .debug_str:0000000000000668 .LASF78
C:\Users\LOCALH~1\AppData\Local\Temp\ccLDYIJf.s:1759   .debug_str:000000000000072b .LASF79
C:\Users\LOCALH~1\AppData\Local\Temp\ccLDYIJf.s:1799   .debug_str:0000000000000822 .LASF80
C:\Users\LOCALH~1\AppData\Local\Temp\ccLDYIJf.s:1533   .debug_str:0000000000000045 .LASF81
C:\Users\LOCALH~1\AppData\Local\Temp\ccLDYIJf.s:1731   .debug_str:0000000000000671 .LASF82
C:\Users\LOCALH~1\AppData\Local\Temp\ccLDYIJf.s:1743   .debug_str:00000000000006c0 .LASF83
C:\Users\LOCALH~1\AppData\Local\Temp\ccLDYIJf.s:1575   .debug_str:0000000000000153 .LASF84
C:\Users\LOCALH~1\AppData\Local\Temp\ccLDYIJf.s:1707   .debug_str:00000000000004e5 .LASF85
C:\Users\LOCALH~1\AppData\Local\Temp\ccLDYIJf.s:1603   .debug_str:00000000000001fe .LASF86
C:\Users\LOCALH~1\AppData\Local\Temp\ccLDYIJf.s:1701   .debug_str:00000000000004b1 .LASF87
C:\Users\LOCALH~1\AppData\Local\Temp\ccLDYIJf.s:1761   .debug_str:0000000000000736 .LASF88
C:\Users\LOCALH~1\AppData\Local\Temp\ccLDYIJf.s:1601   .debug_str:00000000000001f0 .LASF89
C:\Users\LOCALH~1\AppData\Local\Temp\ccLDYIJf.s:1605   .debug_str:000000000000020d .LASF90
C:\Users\LOCALH~1\AppData\Local\Temp\ccLDYIJf.s:1631   .debug_str:00000000000002d5 .LASF91
C:\Users\LOCALH~1\AppData\Local\Temp\ccLDYIJf.s:1775   .debug_str:0000000000000798 .LASF92
C:\Users\LOCALH~1\AppData\Local\Temp\ccLDYIJf.s:1813   .debug_str:000000000000086a .LASF93
C:\Users\LOCALH~1\AppData\Local\Temp\ccLDYIJf.s:1661   .debug_str:00000000000003bd .LASF94
C:\Users\LOCALH~1\AppData\Local\Temp\ccLDYIJf.s:1709   .debug_str:00000000000004f2 .LASF95
C:\Users\LOCALH~1\AppData\Local\Temp\ccLDYIJf.s:1607   .debug_str:0000000000000220 .LASF96
C:\Users\LOCALH~1\AppData\Local\Temp\ccLDYIJf.s:1733   .debug_str:000000000000067f .LASF98
C:\Users\LOCALH~1\AppData\Local\Temp\ccLDYIJf.s:1563   .debug_str:000000000000010a .LASF97
C:\Users\LOCALH~1\AppData\Local\Temp\ccLDYIJf.s:1537   .debug_str:000000000000005d .LASF99
C:\Users\LOCALH~1\AppData\Local\Temp\ccLDYIJf.s:1699   .debug_str:00000000000004a3 .LASF100
C:\Users\LOCALH~1\AppData\Local\Temp\ccLDYIJf.s:1589   .debug_str:00000000000001a9 .LASF101
C:\Users\LOCALH~1\AppData\Local\Temp\ccLDYIJf.s:1617   .debug_str:000000000000026a .LASF102
C:\Users\LOCALH~1\AppData\Local\Temp\ccLDYIJf.s:1573   .debug_str:000000000000014a .LASF103
C:\Users\LOCALH~1\AppData\Local\Temp\ccLDYIJf.s:1599   .debug_str:00000000000001e5 .LASF104
C:\Users\LOCALH~1\AppData\Local\Temp\ccLDYIJf.s:1611   .debug_str:0000000000000240 .LASF105
C:\Users\LOCALH~1\AppData\Local\Temp\ccLDYIJf.s:1561   .debug_str:00000000000000fc .LASF106
C:\Users\LOCALH~1\AppData\Local\Temp\ccLDYIJf.s:1545   .debug_str:000000000000008e .LASF107
C:\Users\LOCALH~1\AppData\Local\Temp\ccLDYIJf.s:1789   .debug_str:00000000000007ea .LASF108
C:\Users\LOCALH~1\AppData\Local\Temp\ccLDYIJf.s:1737   .debug_str:0000000000000690 .LASF109
C:\Users\LOCALH~1\AppData\Local\Temp\ccLDYIJf.s:1541   .debug_str:0000000000000078 .LASF110
C:\Users\LOCALH~1\AppData\Local\Temp\ccLDYIJf.s:1577   .debug_str:0000000000000165 .LASF111
C:\Users\LOCALH~1\AppData\Local\Temp\ccLDYIJf.s:1671   .debug_str:00000000000003fa .LASF112
C:\Users\LOCALH~1\AppData\Local\Temp\ccLDYIJf.s:1795   .debug_str:0000000000000814 .LASF113
C:\Users\LOCALH~1\AppData\Local\Temp\ccLDYIJf.s:1717   .debug_str:0000000000000525 .LASF114
C:\Users\LOCALH~1\AppData\Local\Temp\ccLDYIJf.s:1803   .debug_str:0000000000000840 .LASF115
C:\Users\LOCALH~1\AppData\Local\Temp\ccLDYIJf.s:1807   .debug_str:0000000000000852 .LASF116
C:\Users\LOCALH~1\AppData\Local\Temp\ccLDYIJf.s:1735   .debug_str:0000000000000689 .LASF117
C:\Users\LOCALH~1\AppData\Local\Temp\ccLDYIJf.s:1679   .debug_str:0000000000000438 .LASF118
C:\Users\LOCALH~1\AppData\Local\Temp\ccLDYIJf.s:1695   .debug_str:0000000000000488 .LASF119
C:\Users\LOCALH~1\AppData\Local\Temp\ccLDYIJf.s:1681   .debug_str:0000000000000442 .LASF120
C:\Users\LOCALH~1\AppData\Local\Temp\ccLDYIJf.s:1613   .debug_str:0000000000000252 .LASF121
C:\Users\LOCALH~1\AppData\Local\Temp\ccLDYIJf.s:1683   .debug_str:000000000000044c .LASF122
C:\Users\LOCALH~1\AppData\Local\Temp\ccLDYIJf.s:1773   .debug_str:0000000000000793 .LASF123
C:\Users\LOCALH~1\AppData\Local\Temp\ccLDYIJf.s:1685   .debug_str:0000000000000456 .LASF124
C:\Users\LOCALH~1\AppData\Local\Temp\ccLDYIJf.s:1787   .debug_str:00000000000007e5 .LASF125
C:\Users\LOCALH~1\AppData\Local\Temp\ccLDYIJf.s:1687   .debug_str:0000000000000460 .LASF126
C:\Users\LOCALH~1\AppData\Local\Temp\ccLDYIJf.s:1797   .debug_str:000000000000081d .LASF127
C:\Users\LOCALH~1\AppData\Local\Temp\ccLDYIJf.s:1689   .debug_str:000000000000046a .LASF128
C:\Users\LOCALH~1\AppData\Local\Temp\ccLDYIJf.s:1597   .debug_str:00000000000001df .LASF129
C:\Users\LOCALH~1\AppData\Local\Temp\ccLDYIJf.s:1691   .debug_str:0000000000000474 .LASF130
C:\Users\LOCALH~1\AppData\Local\Temp\ccLDYIJf.s:1669   .debug_str:00000000000003f3 .LASF131
C:\Users\LOCALH~1\AppData\Local\Temp\ccLDYIJf.s:1693   .debug_str:000000000000047e .LASF132
C:\Users\LOCALH~1\AppData\Local\Temp\ccLDYIJf.s:1583   .debug_str:0000000000000183 .LASF133
C:\Users\LOCALH~1\AppData\Local\Temp\ccLDYIJf.s:1581   .debug_str:0000000000000179 .LASF134
C:\Users\LOCALH~1\AppData\Local\Temp\ccLDYIJf.s:1745   .debug_str:00000000000006cd .LASF135
C:\Users\LOCALH~1\AppData\Local\Temp\ccLDYIJf.s:1747   .debug_str:00000000000006d9 .LASF136
C:\Users\LOCALH~1\AppData\Local\Temp\ccLDYIJf.s:1633   .debug_str:00000000000002e8 .LASF137
C:\Users\LOCALH~1\AppData\Local\Temp\ccLDYIJf.s:1649   .debug_str:0000000000000357 .LASF138
C:\Users\LOCALH~1\AppData\Local\Temp\ccLDYIJf.s:1739   .debug_str:0000000000000699 .LASF139
C:\Users\LOCALH~1\AppData\Local\Temp\ccLDYIJf.s:1525   .debug_str:0000000000000009 .LASF140
C:\Users\LOCALH~1\AppData\Local\Temp\ccLDYIJf.s:1655   .debug_str:000000000000038f .LASF141
C:\Users\LOCALH~1\AppData\Local\Temp\ccLDYIJf.s:1639   .debug_str:0000000000000312 .LASF151
C:\Users\LOCALH~1\AppData\Local\Temp\ccLDYIJf.s:1567   .debug_str:0000000000000124 .LASF142
C:\Users\LOCALH~1\AppData\Local\Temp\ccLDYIJf.s:33     .text.NVIC_Init:0000000000000000 .LFB30
C:\Users\LOCALH~1\AppData\Local\Temp\ccLDYIJf.s:129    .text.NVIC_Init:0000000000000052 .LFE30
C:\Users\LOCALH~1\AppData\Local\Temp\ccLDYIJf.s:1619   .debug_str:000000000000027d .LASF144
C:\Users\LOCALH~1\AppData\Local\Temp\ccLDYIJf.s:61     .text.NVIC_Init:0000000000000020 .LBB8
C:\Users\LOCALH~1\AppData\Local\Temp\ccLDYIJf.s:1487   .debug_rnglists:000000000000000c .LLRL0
C:\Users\LOCALH~1\AppData\Local\Temp\ccLDYIJf.s:1429   .debug_loclists:000000000000000c .LLST1
C:\Users\LOCALH~1\AppData\Local\Temp\ccLDYIJf.s:1436   .debug_loclists:0000000000000018 .LLST2
C:\Users\LOCALH~1\AppData\Local\Temp\ccLDYIJf.s:82     .text.NVIC_Init:000000000000002e .LBB12
C:\Users\LOCALH~1\AppData\Local\Temp\ccLDYIJf.s:1495   .debug_rnglists:000000000000001f .LLRL3
C:\Users\LOCALH~1\AppData\Local\Temp\ccLDYIJf.s:1450   .debug_loclists:000000000000002b .LLST4
C:\Users\LOCALH~1\AppData\Local\Temp\ccLDYIJf.s:106    .text.NVIC_Init:0000000000000040 .LBB16
C:\Users\LOCALH~1\AppData\Local\Temp\ccLDYIJf.s:1503   .debug_rnglists:0000000000000032 .LLRL5
C:\Users\LOCALH~1\AppData\Local\Temp\ccLDYIJf.s:1791   .debug_str:00000000000007f2 .LASF143
C:\Users\LOCALH~1\AppData\Local\Temp\ccLDYIJf.s:15     .text.NVIC_PriorityGroupConfig:0000000000000000 .LFB29
C:\Users\LOCALH~1\AppData\Local\Temp\ccLDYIJf.s:26     .text.NVIC_PriorityGroupConfig:000000000000000a .LFE29
C:\Users\LOCALH~1\AppData\Local\Temp\ccLDYIJf.s:1609   .debug_str:000000000000022d .LASF145
C:\Users\LOCALH~1\AppData\Local\Temp\ccLDYIJf.s:1823   .debug_str:00000000000008ae .LASF148
C:\Users\LOCALH~1\AppData\Local\Temp\ccLDYIJf.s:1675   .debug_str:000000000000041c .LASF147
C:\Users\LOCALH~1\AppData\Local\Temp\ccLDYIJf.s:1771   .debug_str:0000000000000783 .LASF149
C:\Users\LOCALH~1\AppData\Local\Temp\ccLDYIJf.s:1721   .debug_str:0000000000000543 .LASF152
C:\Users\LOCALH~1\AppData\Local\Temp\ccLDYIJf.s:70     .text.NVIC_Init:0000000000000028 .LVL2
C:\Users\LOCALH~1\AppData\Local\Temp\ccLDYIJf.s:77     .text.NVIC_Init:000000000000002e .LVL3
C:\Users\LOCALH~1\AppData\Local\Temp\ccLDYIJf.s:96     .text.NVIC_Init:000000000000003c .LVL4
C:\Users\LOCALH~1\AppData\Local\Temp\ccLDYIJf.s:102    .text.NVIC_Init:0000000000000040 .LVL5
C:\Users\LOCALH~1\AppData\Local\Temp\ccLDYIJf.s:145    .debug_info:0000000000000000 .Ldebug_info0
C:\Users\LOCALH~1\AppData\Local\Temp\ccLDYIJf.s:67     .text.NVIC_Init:0000000000000024 .LBE8
C:\Users\LOCALH~1\AppData\Local\Temp\ccLDYIJf.s:71     .text.NVIC_Init:0000000000000028 .LBB11
C:\Users\LOCALH~1\AppData\Local\Temp\ccLDYIJf.s:80     .text.NVIC_Init:000000000000002e .LBE11
C:\Users\LOCALH~1\AppData\Local\Temp\ccLDYIJf.s:91     .text.NVIC_Init:0000000000000038 .LBE12
C:\Users\LOCALH~1\AppData\Local\Temp\ccLDYIJf.s:97     .text.NVIC_Init:000000000000003c .LBB15
C:\Users\LOCALH~1\AppData\Local\Temp\ccLDYIJf.s:105    .text.NVIC_Init:0000000000000040 .LBE15
C:\Users\LOCALH~1\AppData\Local\Temp\ccLDYIJf.s:114    .text.NVIC_Init:000000000000004a .LBE16
C:\Users\LOCALH~1\AppData\Local\Temp\ccLDYIJf.s:120    .text.NVIC_Init:000000000000004c .LBB19
C:\Users\LOCALH~1\AppData\Local\Temp\ccLDYIJf.s:127    .text.NVIC_Init:0000000000000052 .LBE19

NO UNDEFINED SYMBOLS
