   1              		.file	"ch32v30x_dbgmcu.c"
   2              		.option nopic
   3              		.attribute arch, "rv32i2p0_m2p0_a2p0_f2p0_c2p0_xw"
   4              		.attribute unaligned_access, 0
   5              		.attribute stack_align, 16
   6              		.text
   7              	.Ltext0:
   8              		.cfi_sections	.debug_frame
   9              		.file 0 "C:\\Users\\localhost\\Documents\\turbomoskal-repo\\qqexpert\\firmware\\MasterController\\
  10              		.section	.text.DBGMCU_GetREVID,"ax",@progbits
  11              		.align	1
  12              		.globl	DBGMCU_GetREVID
  14              	DBGMCU_GetREVID:
  15              	.LFB29:
  16              		.file 1 "../Peripheral/src/ch32v30x_dbgmcu.c"
   1:../Peripheral/src/ch32v30x_dbgmcu.c **** /********************************** (C) COPYRIGHT  *******************************
   2:../Peripheral/src/ch32v30x_dbgmcu.c **** * File Name          : ch32v30x_dbgmcu.c
   3:../Peripheral/src/ch32v30x_dbgmcu.c **** * Author             : WCH
   4:../Peripheral/src/ch32v30x_dbgmcu.c **** * Version            : V1.0.0
   5:../Peripheral/src/ch32v30x_dbgmcu.c **** * Date               : 2024/05/28
   6:../Peripheral/src/ch32v30x_dbgmcu.c **** * Description        : This file provides all the DBGMCU firmware functions.
   7:../Peripheral/src/ch32v30x_dbgmcu.c **** *********************************************************************************
   8:../Peripheral/src/ch32v30x_dbgmcu.c **** * Copyright (c) 2021 Nanjing Qinheng Microelectronics Co., Ltd.
   9:../Peripheral/src/ch32v30x_dbgmcu.c **** * Attention: This software (modified or not) and binary are used for 
  10:../Peripheral/src/ch32v30x_dbgmcu.c **** * microcontroller manufactured by Nanjing Qinheng Microelectronics.
  11:../Peripheral/src/ch32v30x_dbgmcu.c **** *******************************************************************************/
  12:../Peripheral/src/ch32v30x_dbgmcu.c **** #include "ch32v30x_dbgmcu.h"
  13:../Peripheral/src/ch32v30x_dbgmcu.c **** 
  14:../Peripheral/src/ch32v30x_dbgmcu.c **** #define IDCODE_DEVID_MASK    ((uint32_t)0x0000FFFF)
  15:../Peripheral/src/ch32v30x_dbgmcu.c **** 
  16:../Peripheral/src/ch32v30x_dbgmcu.c **** /*********************************************************************
  17:../Peripheral/src/ch32v30x_dbgmcu.c ****  * @fn      DBGMCU_GetREVID
  18:../Peripheral/src/ch32v30x_dbgmcu.c ****  *
  19:../Peripheral/src/ch32v30x_dbgmcu.c ****  * @brief   Returns the device revision identifier.
  20:../Peripheral/src/ch32v30x_dbgmcu.c ****  *
  21:../Peripheral/src/ch32v30x_dbgmcu.c ****  * @return  Revision identifier.
  22:../Peripheral/src/ch32v30x_dbgmcu.c ****  */
  23:../Peripheral/src/ch32v30x_dbgmcu.c **** uint32_t DBGMCU_GetREVID(void)
  24:../Peripheral/src/ch32v30x_dbgmcu.c **** {
  17              		.loc 1 24 1
  18              		.cfi_startproc
  25:../Peripheral/src/ch32v30x_dbgmcu.c ****     return ((*(uint32_t *)0x1FFFF704) >> 16);
  19              		.loc 1 25 5
  26:../Peripheral/src/ch32v30x_dbgmcu.c **** }
  20              		.loc 1 26 1 is_stmt 0
  21 0000 B7F7FF1F 		li	a5,536866816
  22 0004 03D56770 		lhu	a0,1798(a5)
  23 0008 8280     		ret
  24              		.cfi_endproc
  25              	.LFE29:
  27              		.section	.text.DBGMCU_GetDEVID,"ax",@progbits
  28              		.align	1
  29              		.globl	DBGMCU_GetDEVID
  31              	DBGMCU_GetDEVID:
  32              	.LFB30:
  27:../Peripheral/src/ch32v30x_dbgmcu.c **** 
  28:../Peripheral/src/ch32v30x_dbgmcu.c **** /*********************************************************************
  29:../Peripheral/src/ch32v30x_dbgmcu.c ****  * @fn      DBGMCU_GetDEVID
  30:../Peripheral/src/ch32v30x_dbgmcu.c ****  *
  31:../Peripheral/src/ch32v30x_dbgmcu.c ****  * @brief   Returns the device identifier.
  32:../Peripheral/src/ch32v30x_dbgmcu.c ****  *
  33:../Peripheral/src/ch32v30x_dbgmcu.c ****  * @return  Device identifier.
  34:../Peripheral/src/ch32v30x_dbgmcu.c ****  */
  35:../Peripheral/src/ch32v30x_dbgmcu.c **** uint32_t DBGMCU_GetDEVID(void)
  36:../Peripheral/src/ch32v30x_dbgmcu.c **** {
  33              		.loc 1 36 1 is_stmt 1
  34              		.cfi_startproc
  37:../Peripheral/src/ch32v30x_dbgmcu.c ****     return ((*(uint32_t *)0x1FFFF704) & IDCODE_DEVID_MASK);
  35              		.loc 1 37 5
  38:../Peripheral/src/ch32v30x_dbgmcu.c **** }
  36              		.loc 1 38 1 is_stmt 0
  37 0000 B7F7FF1F 		li	a5,536866816
  38 0004 03D54770 		lhu	a0,1796(a5)
  39 0008 8280     		ret
  40              		.cfi_endproc
  41              	.LFE30:
  43              		.section	.text.__get_DEBUG_CR,"ax",@progbits
  44              		.align	1
  45              		.globl	__get_DEBUG_CR
  47              	__get_DEBUG_CR:
  48              	.LFB31:
  39:../Peripheral/src/ch32v30x_dbgmcu.c **** 
  40:../Peripheral/src/ch32v30x_dbgmcu.c **** /*********************************************************************
  41:../Peripheral/src/ch32v30x_dbgmcu.c ****  * @fn      __get_DEBUG_CR
  42:../Peripheral/src/ch32v30x_dbgmcu.c ****  *
  43:../Peripheral/src/ch32v30x_dbgmcu.c ****  * @brief   Return the DEBUGE Control Register
  44:../Peripheral/src/ch32v30x_dbgmcu.c ****  *
  45:../Peripheral/src/ch32v30x_dbgmcu.c ****  * @return  DEBUGE Control value
  46:../Peripheral/src/ch32v30x_dbgmcu.c ****  */
  47:../Peripheral/src/ch32v30x_dbgmcu.c **** uint32_t __get_DEBUG_CR(void)
  48:../Peripheral/src/ch32v30x_dbgmcu.c **** {
  49              		.loc 1 48 1 is_stmt 1
  50              		.cfi_startproc
  49:../Peripheral/src/ch32v30x_dbgmcu.c ****     uint32_t result;
  51              		.loc 1 49 5
  50:../Peripheral/src/ch32v30x_dbgmcu.c **** 
  51:../Peripheral/src/ch32v30x_dbgmcu.c ****     __asm volatile("csrr %0,""0x7C0" : "=r"(result));
  52              		.loc 1 51 5
  53              	 #APP
  54              	# 51 "../Peripheral/src/ch32v30x_dbgmcu.c" 1
  52              	    return (result);
  55              		csrr a0,0x7C0
  56              	# 0 "" 2
  57              	.LVL0:
  58              		.loc 1 52 5
  53:../Peripheral/src/ch32v30x_dbgmcu.c **** }
  59              		.loc 1 53 1 is_stmt 0
  60              	 #NO_APP
  61 0004 8280     		ret
  62              		.cfi_endproc
  63              	.LFE31:
  65              		.section	.text.__set_DEBUG_CR,"ax",@progbits
  66              		.align	1
  67              		.globl	__set_DEBUG_CR
  69              	__set_DEBUG_CR:
  70              	.LFB32:
  54:../Peripheral/src/ch32v30x_dbgmcu.c **** 
  55:../Peripheral/src/ch32v30x_dbgmcu.c **** /*********************************************************************
  56:../Peripheral/src/ch32v30x_dbgmcu.c ****  * @fn      __set_DEBUG_CR
  57:../Peripheral/src/ch32v30x_dbgmcu.c ****  *
  58:../Peripheral/src/ch32v30x_dbgmcu.c ****  * @brief   Set the DEBUGE Control Register
  59:../Peripheral/src/ch32v30x_dbgmcu.c ****  *
  60:../Peripheral/src/ch32v30x_dbgmcu.c ****  * @param   value  - set DEBUGE Control value
  61:../Peripheral/src/ch32v30x_dbgmcu.c ****  *
  62:../Peripheral/src/ch32v30x_dbgmcu.c ****  * @return  none
  63:../Peripheral/src/ch32v30x_dbgmcu.c ****  */
  64:../Peripheral/src/ch32v30x_dbgmcu.c **** void __set_DEBUG_CR(uint32_t value)
  65:../Peripheral/src/ch32v30x_dbgmcu.c **** {
  71              		.loc 1 65 1 is_stmt 1
  72              		.cfi_startproc
  73              	.LVL1:
  66:../Peripheral/src/ch32v30x_dbgmcu.c ****     __asm volatile("csrw 0x7C0, %0" : : "r"(value));
  74              		.loc 1 66 5
  75              	 #APP
  76              	# 66 "../Peripheral/src/ch32v30x_dbgmcu.c" 1
  67              	}
  77              		csrw 0x7C0, a0
  78              	# 0 "" 2
  79              		.loc 1 67 1 is_stmt 0
  80              	 #NO_APP
  81 0004 8280     		ret
  82              		.cfi_endproc
  83              	.LFE32:
  85              		.section	.text.DBGMCU_Config,"ax",@progbits
  86              		.align	1
  87              		.globl	DBGMCU_Config
  89              	DBGMCU_Config:
  90              	.LFB33:
  68:../Peripheral/src/ch32v30x_dbgmcu.c **** 
  69:../Peripheral/src/ch32v30x_dbgmcu.c **** 
  70:../Peripheral/src/ch32v30x_dbgmcu.c **** /*********************************************************************
  71:../Peripheral/src/ch32v30x_dbgmcu.c ****  * @fn      DBGMCU_Config
  72:../Peripheral/src/ch32v30x_dbgmcu.c ****  *
  73:../Peripheral/src/ch32v30x_dbgmcu.c ****  * @brief   Configures the specified peripheral and low power mode behavior
  74:../Peripheral/src/ch32v30x_dbgmcu.c ****  *        when the MCU under Debug mode.
  75:../Peripheral/src/ch32v30x_dbgmcu.c ****  *
  76:../Peripheral/src/ch32v30x_dbgmcu.c ****  * @param   DBGMCU_Periph - specifies the peripheral and low power mode.
  77:../Peripheral/src/ch32v30x_dbgmcu.c ****  *            DBGMCU_IWDG_STOP - Debug IWDG stopped when Core is halted
  78:../Peripheral/src/ch32v30x_dbgmcu.c ****  *            DBGMCU_WWDG_STOP - Debug WWDG stopped when Core is halted
  79:../Peripheral/src/ch32v30x_dbgmcu.c ****  *            DBGMCU_TIM1_STOP - TIM1 counter stopped when Core is halted
  80:../Peripheral/src/ch32v30x_dbgmcu.c ****  *            DBGMCU_TIM2_STOP - TIM2 counter stopped when Core is halted
  81:../Peripheral/src/ch32v30x_dbgmcu.c ****  *          NewState - ENABLE or DISABLE.
  82:../Peripheral/src/ch32v30x_dbgmcu.c ****  *
  83:../Peripheral/src/ch32v30x_dbgmcu.c ****  * @return  none
  84:../Peripheral/src/ch32v30x_dbgmcu.c ****  */
  85:../Peripheral/src/ch32v30x_dbgmcu.c **** void DBGMCU_Config(uint32_t DBGMCU_Periph, FunctionalState NewState)
  86:../Peripheral/src/ch32v30x_dbgmcu.c **** {
  91              		.loc 1 86 1 is_stmt 1
  92              		.cfi_startproc
  93              	.LVL2:
  87:../Peripheral/src/ch32v30x_dbgmcu.c ****     uint32_t val;
  94              		.loc 1 87 5
  88:../Peripheral/src/ch32v30x_dbgmcu.c **** 
  89:../Peripheral/src/ch32v30x_dbgmcu.c ****     if(NewState != DISABLE)
  95              		.loc 1 89 5
  96              		.loc 1 89 7 is_stmt 0
  97 0000 81C5     		beq	a1,zero,.L6
  98              	.LVL3:
  99              	.L8:
 100              	.LBB8:
 101              	.LBB9:
  66:../Peripheral/src/ch32v30x_dbgmcu.c **** }
 102              		.loc 1 66 5
 103              	 #APP
 104              	# 66 "../Peripheral/src/ch32v30x_dbgmcu.c" 1
 105              		csrw 0x7C0, a0
 106              	# 0 "" 2
 107              	 #NO_APP
 108              	.LBE9:
 109              	.LBE8:
  90:../Peripheral/src/ch32v30x_dbgmcu.c ****     {
  91:../Peripheral/src/ch32v30x_dbgmcu.c ****         __set_DEBUG_CR(DBGMCU_Periph);
  92:../Peripheral/src/ch32v30x_dbgmcu.c ****     }
  93:../Peripheral/src/ch32v30x_dbgmcu.c ****     else
  94:../Peripheral/src/ch32v30x_dbgmcu.c ****     {
  95:../Peripheral/src/ch32v30x_dbgmcu.c ****         val = __get_DEBUG_CR();
  96:../Peripheral/src/ch32v30x_dbgmcu.c ****         val &= ~(uint32_t)DBGMCU_Periph;
  97:../Peripheral/src/ch32v30x_dbgmcu.c ****         __set_DEBUG_CR(val);
  98:../Peripheral/src/ch32v30x_dbgmcu.c ****     }
  99:../Peripheral/src/ch32v30x_dbgmcu.c **** 
 100:../Peripheral/src/ch32v30x_dbgmcu.c **** }
 110              		.loc 1 100 1
 111 0006 8280     		ret
 112              	.LVL4:
 113              	.L6:
  95:../Peripheral/src/ch32v30x_dbgmcu.c ****         val &= ~(uint32_t)DBGMCU_Periph;
 114              		.loc 1 95 9 is_stmt 1
 115              	.LBB11:
 116              	.LBB12:
  49:../Peripheral/src/ch32v30x_dbgmcu.c **** 
 117              		.loc 1 49 5
  51:../Peripheral/src/ch32v30x_dbgmcu.c ****     return (result);
 118              		.loc 1 51 5
 119              	 #APP
 120              	# 51 "../Peripheral/src/ch32v30x_dbgmcu.c" 1
 121              		csrr a5,0x7C0
 122              	# 0 "" 2
 123              	.LVL5:
  52:../Peripheral/src/ch32v30x_dbgmcu.c **** }
 124              		.loc 1 52 5
 125              	 #NO_APP
 126              	.LBE12:
 127              	.LBE11:
  96:../Peripheral/src/ch32v30x_dbgmcu.c ****         __set_DEBUG_CR(val);
 128              		.loc 1 96 9
  97:../Peripheral/src/ch32v30x_dbgmcu.c ****     }
 129              		.loc 1 97 9
 130              	.LBB13:
 131              	.LBB10:
  66:../Peripheral/src/ch32v30x_dbgmcu.c **** }
 132              		.loc 1 66 5
 133              	.LBE10:
 134              	.LBE13:
  96:../Peripheral/src/ch32v30x_dbgmcu.c ****         __set_DEBUG_CR(val);
 135              		.loc 1 96 16 is_stmt 0
 136 000c 1345F5FF 		not	a0,a0
 137              	.LVL6:
  96:../Peripheral/src/ch32v30x_dbgmcu.c ****         __set_DEBUG_CR(val);
 138              		.loc 1 96 13
 139 0010 7D8D     		and	a0,a0,a5
 140              	.LVL7:
 141 0012 C5BF     		j	.L8
 142              		.cfi_endproc
 143              	.LFE33:
 145              		.section	.text.DBGMCU_GetCHIPID,"ax",@progbits
 146              		.align	1
 147              		.globl	DBGMCU_GetCHIPID
 149              	DBGMCU_GetCHIPID:
 150              	.LFB34:
 101:../Peripheral/src/ch32v30x_dbgmcu.c **** 
 102:../Peripheral/src/ch32v30x_dbgmcu.c **** /*********************************************************************
 103:../Peripheral/src/ch32v30x_dbgmcu.c ****  * @fn      DBGMCU_GetCHIPID
 104:../Peripheral/src/ch32v30x_dbgmcu.c ****  *
 105:../Peripheral/src/ch32v30x_dbgmcu.c ****  * @brief   Returns the CHIP identifier.
 106:../Peripheral/src/ch32v30x_dbgmcu.c ****  *
 107:../Peripheral/src/ch32v30x_dbgmcu.c ****  * @return Device identifier.
 108:../Peripheral/src/ch32v30x_dbgmcu.c ****  *          ChipID List-
 109:../Peripheral/src/ch32v30x_dbgmcu.c ****  *          CH32V303CBT6-0x303305x4
 110:../Peripheral/src/ch32v30x_dbgmcu.c ****  *          CH32V303RBT6-0x303205x4
 111:../Peripheral/src/ch32v30x_dbgmcu.c ****  *          CH32V303RCT6-0x303105x4
 112:../Peripheral/src/ch32v30x_dbgmcu.c ****  *          CH32V303VCT6-0x303005x4
 113:../Peripheral/src/ch32v30x_dbgmcu.c ****  *          CH32V305FBP6-0x305205x8
 114:../Peripheral/src/ch32v30x_dbgmcu.c ****  *          CH32V305RBT6-0x305005x8
 115:../Peripheral/src/ch32v30x_dbgmcu.c ****  *          CH32V305GBU6-0x305B05x8
 116:../Peripheral/src/ch32v30x_dbgmcu.c ****  *          CH32V307WCU6-0x307305x8
 117:../Peripheral/src/ch32v30x_dbgmcu.c ****  *          CH32V307FBP6-0x307205x8
 118:../Peripheral/src/ch32v30x_dbgmcu.c ****  *          CH32V307RCT6-0x307105x8
 119:../Peripheral/src/ch32v30x_dbgmcu.c ****  *          CH32V307VCT6-0x307005x8
 120:../Peripheral/src/ch32v30x_dbgmcu.c ****  *          CH32V317VCT6-0x3170B5X8
 121:../Peripheral/src/ch32v30x_dbgmcu.c ****  *          CH32V317WCU6-0x3173B5X8
 122:../Peripheral/src/ch32v30x_dbgmcu.c ****  *          CH32V317TCU6-0x3175B5X8
 123:../Peripheral/src/ch32v30x_dbgmcu.c ****  */
 124:../Peripheral/src/ch32v30x_dbgmcu.c **** uint32_t DBGMCU_GetCHIPID( void )
 125:../Peripheral/src/ch32v30x_dbgmcu.c **** {
 151              		.loc 1 125 1 is_stmt 1
 152              		.cfi_startproc
 126:../Peripheral/src/ch32v30x_dbgmcu.c ****     return( *( uint32_t * )0x1FFFF704 );
 153              		.loc 1 126 5
 127:../Peripheral/src/ch32v30x_dbgmcu.c **** }
 154              		.loc 1 127 1 is_stmt 0
 155 0000 B7F7FF1F 		li	a5,536866816
 156 0004 03A54770 		lw	a0,1796(a5)
 157 0008 8280     		ret
 158              		.cfi_endproc
 159              	.LFE34:
 161              		.text
 162              	.Letext0:
 163              		.file 2 "d:\\software\\mounriver_studio\\toolchain\\risc-v embedded gcc12\\riscv-none-elf\\include
 164              		.file 3 "d:\\software\\mounriver_studio\\toolchain\\risc-v embedded gcc12\\riscv-none-elf\\include
 165              		.file 4 "C:\\Users\\localhost\\Documents\\turbomoskal-repo\\qqexpert\\firmware\\MasterController\\
DEFINED SYMBOLS
                            *ABS*:0000000000000000 ch32v30x_dbgmcu.c
C:\Users\LOCALH~1\AppData\Local\Temp\ccHUsLOd.s:14     .text.DBGMCU_GetREVID:0000000000000000 DBGMCU_GetREVID
C:\Users\LOCALH~1\AppData\Local\Temp\ccHUsLOd.s:18     .text.DBGMCU_GetREVID:0000000000000000 .L0 
C:\Users\LOCALH~1\AppData\Local\Temp\ccHUsLOd.s:19     .text.DBGMCU_GetREVID:0000000000000000 .L0 
C:\Users\LOCALH~1\AppData\Local\Temp\ccHUsLOd.s:20     .text.DBGMCU_GetREVID:0000000000000000 .L0 
C:\Users\LOCALH~1\AppData\Local\Temp\ccHUsLOd.s:21     .text.DBGMCU_GetREVID:0000000000000000 $x
C:\Users\LOCALH~1\AppData\Local\Temp\ccHUsLOd.s:21     .text.DBGMCU_GetREVID:0000000000000000 .L0 
C:\Users\LOCALH~1\AppData\Local\Temp\ccHUsLOd.s:24     .text.DBGMCU_GetREVID:000000000000000a .L0 
C:\Users\LOCALH~1\AppData\Local\Temp\ccHUsLOd.s:31     .text.DBGMCU_GetDEVID:0000000000000000 DBGMCU_GetDEVID
C:\Users\LOCALH~1\AppData\Local\Temp\ccHUsLOd.s:34     .text.DBGMCU_GetDEVID:0000000000000000 .L0 
C:\Users\LOCALH~1\AppData\Local\Temp\ccHUsLOd.s:35     .text.DBGMCU_GetDEVID:0000000000000000 .L0 
C:\Users\LOCALH~1\AppData\Local\Temp\ccHUsLOd.s:36     .text.DBGMCU_GetDEVID:0000000000000000 .L0 
C:\Users\LOCALH~1\AppData\Local\Temp\ccHUsLOd.s:37     .text.DBGMCU_GetDEVID:0000000000000000 $x
C:\Users\LOCALH~1\AppData\Local\Temp\ccHUsLOd.s:37     .text.DBGMCU_GetDEVID:0000000000000000 .L0 
C:\Users\LOCALH~1\AppData\Local\Temp\ccHUsLOd.s:40     .text.DBGMCU_GetDEVID:000000000000000a .L0 
C:\Users\LOCALH~1\AppData\Local\Temp\ccHUsLOd.s:47     .text.__get_DEBUG_CR:0000000000000000 __get_DEBUG_CR
C:\Users\LOCALH~1\AppData\Local\Temp\ccHUsLOd.s:50     .text.__get_DEBUG_CR:0000000000000000 .L0 
C:\Users\LOCALH~1\AppData\Local\Temp\ccHUsLOd.s:51     .text.__get_DEBUG_CR:0000000000000000 .L0 
C:\Users\LOCALH~1\AppData\Local\Temp\ccHUsLOd.s:52     .text.__get_DEBUG_CR:0000000000000000 .L0 
../Peripheral/src/ch32v30x_dbgmcu.c:51     .text.__get_DEBUG_CR:0000000000000000 $x
../Peripheral/src/ch32v30x_dbgmcu.c:51     .text.__get_DEBUG_CR:0000000000000000 .L0 
C:\Users\LOCALH~1\AppData\Local\Temp\ccHUsLOd.s:59     .text.__get_DEBUG_CR:0000000000000004 .L0 
C:\Users\LOCALH~1\AppData\Local\Temp\ccHUsLOd.s:61     .text.__get_DEBUG_CR:0000000000000004 .L0 
C:\Users\LOCALH~1\AppData\Local\Temp\ccHUsLOd.s:62     .text.__get_DEBUG_CR:0000000000000006 .L0 
C:\Users\LOCALH~1\AppData\Local\Temp\ccHUsLOd.s:69     .text.__set_DEBUG_CR:0000000000000000 __set_DEBUG_CR
C:\Users\LOCALH~1\AppData\Local\Temp\ccHUsLOd.s:72     .text.__set_DEBUG_CR:0000000000000000 .L0 
C:\Users\LOCALH~1\AppData\Local\Temp\ccHUsLOd.s:74     .text.__set_DEBUG_CR:0000000000000000 .L0 
../Peripheral/src/ch32v30x_dbgmcu.c:66     .text.__set_DEBUG_CR:0000000000000000 $x
../Peripheral/src/ch32v30x_dbgmcu.c:66     .text.__set_DEBUG_CR:0000000000000000 .L0 
C:\Users\LOCALH~1\AppData\Local\Temp\ccHUsLOd.s:81     .text.__set_DEBUG_CR:0000000000000004 .L0 
C:\Users\LOCALH~1\AppData\Local\Temp\ccHUsLOd.s:82     .text.__set_DEBUG_CR:0000000000000006 .L0 
C:\Users\LOCALH~1\AppData\Local\Temp\ccHUsLOd.s:89     .text.DBGMCU_Config:0000000000000000 DBGMCU_Config
C:\Users\LOCALH~1\AppData\Local\Temp\ccHUsLOd.s:92     .text.DBGMCU_Config:0000000000000000 .L0 
C:\Users\LOCALH~1\AppData\Local\Temp\ccHUsLOd.s:94     .text.DBGMCU_Config:0000000000000000 .L0 
C:\Users\LOCALH~1\AppData\Local\Temp\ccHUsLOd.s:95     .text.DBGMCU_Config:0000000000000000 .L0 
C:\Users\LOCALH~1\AppData\Local\Temp\ccHUsLOd.s:96     .text.DBGMCU_Config:0000000000000000 .L0 
C:\Users\LOCALH~1\AppData\Local\Temp\ccHUsLOd.s:97     .text.DBGMCU_Config:0000000000000000 $x
C:\Users\LOCALH~1\AppData\Local\Temp\ccHUsLOd.s:97     .text.DBGMCU_Config:0000000000000000 .L0 
../Peripheral/src/ch32v30x_dbgmcu.c:66     .text.DBGMCU_Config:0000000000000002 .L0 
C:\Users\LOCALH~1\AppData\Local\Temp\ccHUsLOd.s:111    .text.DBGMCU_Config:0000000000000006 .L0 
C:\Users\LOCALH~1\AppData\Local\Temp\ccHUsLOd.s:117    .text.DBGMCU_Config:0000000000000008 .L0 
C:\Users\LOCALH~1\AppData\Local\Temp\ccHUsLOd.s:118    .text.DBGMCU_Config:0000000000000008 .L0 
../Peripheral/src/ch32v30x_dbgmcu.c:51     .text.DBGMCU_Config:0000000000000008 .L0 
C:\Users\LOCALH~1\AppData\Local\Temp\ccHUsLOd.s:128    .text.DBGMCU_Config:000000000000000c .L0 
C:\Users\LOCALH~1\AppData\Local\Temp\ccHUsLOd.s:129    .text.DBGMCU_Config:000000000000000c .L0 
C:\Users\LOCALH~1\AppData\Local\Temp\ccHUsLOd.s:132    .text.DBGMCU_Config:000000000000000c .L0 
C:\Users\LOCALH~1\AppData\Local\Temp\ccHUsLOd.s:135    .text.DBGMCU_Config:000000000000000c .L0 
C:\Users\LOCALH~1\AppData\Local\Temp\ccHUsLOd.s:136    .text.DBGMCU_Config:000000000000000c .L0 
C:\Users\LOCALH~1\AppData\Local\Temp\ccHUsLOd.s:139    .text.DBGMCU_Config:0000000000000010 .L0 
C:\Users\LOCALH~1\AppData\Local\Temp\ccHUsLOd.s:142    .text.DBGMCU_Config:0000000000000014 .L0 
C:\Users\LOCALH~1\AppData\Local\Temp\ccHUsLOd.s:149    .text.DBGMCU_GetCHIPID:0000000000000000 DBGMCU_GetCHIPID
C:\Users\LOCALH~1\AppData\Local\Temp\ccHUsLOd.s:152    .text.DBGMCU_GetCHIPID:0000000000000000 .L0 
C:\Users\LOCALH~1\AppData\Local\Temp\ccHUsLOd.s:153    .text.DBGMCU_GetCHIPID:0000000000000000 .L0 
C:\Users\LOCALH~1\AppData\Local\Temp\ccHUsLOd.s:154    .text.DBGMCU_GetCHIPID:0000000000000000 .L0 
C:\Users\LOCALH~1\AppData\Local\Temp\ccHUsLOd.s:155    .text.DBGMCU_GetCHIPID:0000000000000000 $x
C:\Users\LOCALH~1\AppData\Local\Temp\ccHUsLOd.s:155    .text.DBGMCU_GetCHIPID:0000000000000000 .L0 
C:\Users\LOCALH~1\AppData\Local\Temp\ccHUsLOd.s:158    .text.DBGMCU_GetCHIPID:000000000000000a .L0 
C:\Users\LOCALH~1\AppData\Local\Temp\ccHUsLOd.s:958    .debug_line_str:0000000000000079 .L0 
C:\Users\LOCALH~1\AppData\Local\Temp\ccHUsLOd.s:958    .debug_line_str:00000000000000ce .L0 
C:\Users\LOCALH~1\AppData\Local\Temp\ccHUsLOd.s:958    .debug_line_str:00000000000000e0 .L0 
C:\Users\LOCALH~1\AppData\Local\Temp\ccHUsLOd.s:958    .debug_line_str:000000000000013c .L0 
C:\Users\LOCALH~1\AppData\Local\Temp\ccHUsLOd.s:958    .debug_line_str:0000000000000194 .L0 
C:\Users\LOCALH~1\AppData\Local\Temp\ccHUsLOd.s:958    .debug_line_str:00000000000001ea .L0 
C:\Users\LOCALH~1\AppData\Local\Temp\ccHUsLOd.s:958    .debug_line_str:00000000000001fc .L0 
C:\Users\LOCALH~1\AppData\Local\Temp\ccHUsLOd.s:958    .debug_line_str:000000000000020e .L0 
C:\Users\LOCALH~1\AppData\Local\Temp\ccHUsLOd.s:958    .debug_line_str:000000000000021f .L0 
C:\Users\LOCALH~1\AppData\Local\Temp\ccHUsLOd.s:958    .debug_line_str:0000000000000229 .L0 
C:\Users\LOCALH~1\AppData\Local\Temp\ccHUsLOd.s:27     .text.DBGMCU_GetREVID:000000000000000a .L0 
C:\Users\LOCALH~1\AppData\Local\Temp\ccHUsLOd.s:43     .text.DBGMCU_GetDEVID:000000000000000a .L0 
C:\Users\LOCALH~1\AppData\Local\Temp\ccHUsLOd.s:65     .text.__get_DEBUG_CR:0000000000000006 .L0 
C:\Users\LOCALH~1\AppData\Local\Temp\ccHUsLOd.s:85     .text.__set_DEBUG_CR:0000000000000006 .L0 
C:\Users\LOCALH~1\AppData\Local\Temp\ccHUsLOd.s:145    .text.DBGMCU_Config:0000000000000014 .L0 
C:\Users\LOCALH~1\AppData\Local\Temp\ccHUsLOd.s:161    .text.DBGMCU_GetCHIPID:000000000000000a .L0 
                     .debug_frame:0000000000000000 .L0 
C:\Users\LOCALH~1\AppData\Local\Temp\ccHUsLOd.s:113    .text.DBGMCU_Config:0000000000000008 .L6
C:\Users\LOCALH~1\AppData\Local\Temp\ccHUsLOd.s:99     .text.DBGMCU_Config:0000000000000002 .L8
C:\Users\LOCALH~1\AppData\Local\Temp\ccHUsLOd.s:395    .debug_abbrev:0000000000000000 .Ldebug_abbrev0
C:\Users\LOCALH~1\AppData\Local\Temp\ccHUsLOd.s:915    .debug_str:0000000000000067 .LASF23
C:\Users\LOCALH~1\AppData\Local\Temp\ccHUsLOd.s:956    .debug_line_str:0000000000000055 .LASF0
C:\Users\LOCALH~1\AppData\Local\Temp\ccHUsLOd.s:954    .debug_line_str:0000000000000000 .LASF1
C:\Users\LOCALH~1\AppData\Local\Temp\ccHUsLOd.s:875    .debug_rnglists:000000000000001f .LLRL4
C:\Users\LOCALH~1\AppData\Local\Temp\ccHUsLOd.s:897    .debug_line:0000000000000000 .Ldebug_line0
C:\Users\LOCALH~1\AppData\Local\Temp\ccHUsLOd.s:901    .debug_str:000000000000000e .LASF2
C:\Users\LOCALH~1\AppData\Local\Temp\ccHUsLOd.s:941    .debug_str:00000000000001ff .LASF3
C:\Users\LOCALH~1\AppData\Local\Temp\ccHUsLOd.s:923    .debug_str:000000000000018f .LASF4
C:\Users\LOCALH~1\AppData\Local\Temp\ccHUsLOd.s:947    .debug_str:0000000000000220 .LASF5
C:\Users\LOCALH~1\AppData\Local\Temp\ccHUsLOd.s:939    .debug_str:00000000000001ec .LASF6
C:\Users\LOCALH~1\AppData\Local\Temp\ccHUsLOd.s:929    .debug_str:00000000000001a9 .LASF7
C:\Users\LOCALH~1\AppData\Local\Temp\ccHUsLOd.s:907    .debug_str:0000000000000034 .LASF11
C:\Users\LOCALH~1\AppData\Local\Temp\ccHUsLOd.s:913    .debug_str:0000000000000055 .LASF8
C:\Users\LOCALH~1\AppData\Local\Temp\ccHUsLOd.s:899    .debug_str:0000000000000000 .LASF9
C:\Users\LOCALH~1\AppData\Local\Temp\ccHUsLOd.s:921    .debug_str:0000000000000178 .LASF10
C:\Users\LOCALH~1\AppData\Local\Temp\ccHUsLOd.s:903    .debug_str:000000000000001b .LASF12
C:\Users\LOCALH~1\AppData\Local\Temp\ccHUsLOd.s:909    .debug_str:000000000000003f .LASF13
C:\Users\LOCALH~1\AppData\Local\Temp\ccHUsLOd.s:917    .debug_str:0000000000000168 .LASF14
C:\Users\LOCALH~1\AppData\Local\Temp\ccHUsLOd.s:905    .debug_str:0000000000000024 .LASF15
C:\Users\LOCALH~1\AppData\Local\Temp\ccHUsLOd.s:937    .debug_str:00000000000001e0 .LASF16
C:\Users\LOCALH~1\AppData\Local\Temp\ccHUsLOd.s:925    .debug_str:000000000000019d .LASF17
C:\Users\LOCALH~1\AppData\Local\Temp\ccHUsLOd.s:935    .debug_str:00000000000001cf .LASF20
C:\Users\LOCALH~1\AppData\Local\Temp\ccHUsLOd.s:150    .text.DBGMCU_GetCHIPID:0000000000000000 .LFB34
C:\Users\LOCALH~1\AppData\Local\Temp\ccHUsLOd.s:159    .text.DBGMCU_GetCHIPID:000000000000000a .LFE34
C:\Users\LOCALH~1\AppData\Local\Temp\ccHUsLOd.s:911    .debug_str:0000000000000047 .LASF24
C:\Users\LOCALH~1\AppData\Local\Temp\ccHUsLOd.s:90     .text.DBGMCU_Config:0000000000000000 .LFB33
C:\Users\LOCALH~1\AppData\Local\Temp\ccHUsLOd.s:143    .text.DBGMCU_Config:0000000000000014 .LFE33
C:\Users\LOCALH~1\AppData\Local\Temp\ccHUsLOd.s:933    .debug_str:00000000000001c1 .LASF18
C:\Users\LOCALH~1\AppData\Local\Temp\ccHUsLOd.s:772    .debug_loclists:000000000000000c .LLST0
C:\Users\LOCALH~1\AppData\Local\Temp\ccHUsLOd.s:919    .debug_str:000000000000016f .LASF19
C:\Users\LOCALH~1\AppData\Local\Temp\ccHUsLOd.s:808    .debug_loclists:000000000000004d .LLST1
C:\Users\LOCALH~1\AppData\Local\Temp\ccHUsLOd.s:100    .text.DBGMCU_Config:0000000000000002 .LBB8
C:\Users\LOCALH~1\AppData\Local\Temp\ccHUsLOd.s:867    .debug_rnglists:000000000000000c .LLRL2
C:\Users\LOCALH~1\AppData\Local\Temp\ccHUsLOd.s:115    .text.DBGMCU_Config:0000000000000008 .LBB11
C:\Users\LOCALH~1\AppData\Local\Temp\ccHUsLOd.s:127    .text.DBGMCU_Config:000000000000000c .LBE11
C:\Users\LOCALH~1\AppData\Local\Temp\ccHUsLOd.s:931    .debug_str:00000000000001b2 .LASF25
C:\Users\LOCALH~1\AppData\Local\Temp\ccHUsLOd.s:945    .debug_str:000000000000021a .LASF26
C:\Users\LOCALH~1\AppData\Local\Temp\ccHUsLOd.s:943    .debug_str:000000000000020b .LASF27
C:\Users\LOCALH~1\AppData\Local\Temp\ccHUsLOd.s:927    .debug_str:00000000000001a2 .LASF28
C:\Users\LOCALH~1\AppData\Local\Temp\ccHUsLOd.s:951    .debug_str:000000000000023a .LASF21
C:\Users\LOCALH~1\AppData\Local\Temp\ccHUsLOd.s:32     .text.DBGMCU_GetDEVID:0000000000000000 .LFB30
C:\Users\LOCALH~1\AppData\Local\Temp\ccHUsLOd.s:41     .text.DBGMCU_GetDEVID:000000000000000a .LFE30
C:\Users\LOCALH~1\AppData\Local\Temp\ccHUsLOd.s:949    .debug_str:000000000000022a .LASF22
C:\Users\LOCALH~1\AppData\Local\Temp\ccHUsLOd.s:15     .text.DBGMCU_GetREVID:0000000000000000 .LFB29
C:\Users\LOCALH~1\AppData\Local\Temp\ccHUsLOd.s:25     .text.DBGMCU_GetREVID:000000000000000a .LFE29
C:\Users\LOCALH~1\AppData\Local\Temp\ccHUsLOd.s:48     .text.__get_DEBUG_CR:0000000000000000 .LFB31
C:\Users\LOCALH~1\AppData\Local\Temp\ccHUsLOd.s:63     .text.__get_DEBUG_CR:0000000000000006 .LFE31
C:\Users\LOCALH~1\AppData\Local\Temp\ccHUsLOd.s:70     .text.__set_DEBUG_CR:0000000000000000 .LFB32
C:\Users\LOCALH~1\AppData\Local\Temp\ccHUsLOd.s:83     .text.__set_DEBUG_CR:0000000000000006 .LFE32
C:\Users\LOCALH~1\AppData\Local\Temp\ccHUsLOd.s:93     .text.DBGMCU_Config:0000000000000000 .LVL2
C:\Users\LOCALH~1\AppData\Local\Temp\ccHUsLOd.s:98     .text.DBGMCU_Config:0000000000000002 .LVL3
C:\Users\LOCALH~1\AppData\Local\Temp\ccHUsLOd.s:112    .text.DBGMCU_Config:0000000000000008 .LVL4
C:\Users\LOCALH~1\AppData\Local\Temp\ccHUsLOd.s:137    .text.DBGMCU_Config:0000000000000010 .LVL6
C:\Users\LOCALH~1\AppData\Local\Temp\ccHUsLOd.s:140    .text.DBGMCU_Config:0000000000000012 .LVL7
C:\Users\LOCALH~1\AppData\Local\Temp\ccHUsLOd.s:123    .text.DBGMCU_Config:000000000000000c .LVL5
C:\Users\LOCALH~1\AppData\Local\Temp\ccHUsLOd.s:167    .debug_info:0000000000000000 .Ldebug_info0
C:\Users\LOCALH~1\AppData\Local\Temp\ccHUsLOd.s:109    .text.DBGMCU_Config:0000000000000006 .LBE8
C:\Users\LOCALH~1\AppData\Local\Temp\ccHUsLOd.s:130    .text.DBGMCU_Config:000000000000000c .LBB13
C:\Users\LOCALH~1\AppData\Local\Temp\ccHUsLOd.s:134    .text.DBGMCU_Config:000000000000000c .LBE13

NO UNDEFINED SYMBOLS
