   1              		.file	"ch32v30x_iwdg.c"
   2              		.option nopic
   3              		.attribute arch, "rv32i2p0_m2p0_a2p0_f2p0_c2p0_xw"
   4              		.attribute unaligned_access, 0
   5              		.attribute stack_align, 16
   6              		.text
   7              	.Ltext0:
   8              		.cfi_sections	.debug_frame
   9              		.file 0 "C:\\Users\\localhost\\Documents\\turbomoskal-repo\\qqexpert\\firmware\\MasterController\\
  10              		.section	.text.IWDG_WriteAccessCmd,"ax",@progbits
  11              		.align	1
  12              		.globl	IWDG_WriteAccessCmd
  14              	IWDG_WriteAccessCmd:
  15              	.LFB29:
  16              		.file 1 "../Peripheral/src/ch32v30x_iwdg.c"
   1:../Peripheral/src/ch32v30x_iwdg.c **** /********************************** (C) COPYRIGHT  *******************************
   2:../Peripheral/src/ch32v30x_iwdg.c **** * File Name          : ch32v30x_iwdg.c
   3:../Peripheral/src/ch32v30x_iwdg.c **** * Author             : WCH
   4:../Peripheral/src/ch32v30x_iwdg.c **** * Version            : V1.0.0
   5:../Peripheral/src/ch32v30x_iwdg.c **** * Date               : 2024/03/06
   6:../Peripheral/src/ch32v30x_iwdg.c **** * Description        : This file provides all the IWDG firmware functions.
   7:../Peripheral/src/ch32v30x_iwdg.c **** *********************************************************************************
   8:../Peripheral/src/ch32v30x_iwdg.c **** * Copyright (c) 2021 Nanjing Qinheng Microelectronics Co., Ltd.
   9:../Peripheral/src/ch32v30x_iwdg.c **** * Attention: This software (modified or not) and binary are used for 
  10:../Peripheral/src/ch32v30x_iwdg.c **** * microcontroller manufactured by Nanjing Qinheng Microelectronics.
  11:../Peripheral/src/ch32v30x_iwdg.c **** *******************************************************************************/
  12:../Peripheral/src/ch32v30x_iwdg.c **** #include "ch32v30x_iwdg.h"
  13:../Peripheral/src/ch32v30x_iwdg.c **** 
  14:../Peripheral/src/ch32v30x_iwdg.c **** /* CTLR register bit mask */
  15:../Peripheral/src/ch32v30x_iwdg.c **** #define CTLR_KEY_Reload    ((uint16_t)0xAAAA)
  16:../Peripheral/src/ch32v30x_iwdg.c **** #define CTLR_KEY_Enable    ((uint16_t)0xCCCC)
  17:../Peripheral/src/ch32v30x_iwdg.c **** 
  18:../Peripheral/src/ch32v30x_iwdg.c **** /*********************************************************************
  19:../Peripheral/src/ch32v30x_iwdg.c ****  * @fn      IWDG_WriteAccessCmd
  20:../Peripheral/src/ch32v30x_iwdg.c ****  *
  21:../Peripheral/src/ch32v30x_iwdg.c ****  * @brief   Enables or disables write access to IWDG_PSCR and IWDG_RLDR registers.
  22:../Peripheral/src/ch32v30x_iwdg.c ****  *
  23:../Peripheral/src/ch32v30x_iwdg.c ****  * @param   WDG_WriteAccess - new state of write access to IWDG_PSCR and
  24:../Peripheral/src/ch32v30x_iwdg.c ****  *        IWDG_RLDR registers.
  25:../Peripheral/src/ch32v30x_iwdg.c ****  *            IWDG_WriteAccess_Enable - Enable write access to IWDG_PSCR and
  26:../Peripheral/src/ch32v30x_iwdg.c ****  *        IWDG_RLDR registers.
  27:../Peripheral/src/ch32v30x_iwdg.c ****  *            IWDG_WriteAccess_Disable - Disable write access to IWDG_PSCR
  28:../Peripheral/src/ch32v30x_iwdg.c ****  *        and IWDG_RLDR registers.
  29:../Peripheral/src/ch32v30x_iwdg.c ****  *
  30:../Peripheral/src/ch32v30x_iwdg.c ****  * @return  none
  31:../Peripheral/src/ch32v30x_iwdg.c ****  */
  32:../Peripheral/src/ch32v30x_iwdg.c **** void IWDG_WriteAccessCmd(uint16_t IWDG_WriteAccess)
  33:../Peripheral/src/ch32v30x_iwdg.c **** {
  17              		.loc 1 33 1
  18              		.cfi_startproc
  19              	.LVL0:
  34:../Peripheral/src/ch32v30x_iwdg.c ****     IWDG->CTLR = IWDG_WriteAccess;
  20              		.loc 1 34 5
  21              		.loc 1 34 16 is_stmt 0
  22 0000 B7370040 		li	a5,1073754112
  23 0004 88C3     		sw	a0,0(a5)
  35:../Peripheral/src/ch32v30x_iwdg.c **** }
  24              		.loc 1 35 1
  25 0006 8280     		ret
  26              		.cfi_endproc
  27              	.LFE29:
  29              		.section	.text.IWDG_SetPrescaler,"ax",@progbits
  30              		.align	1
  31              		.globl	IWDG_SetPrescaler
  33              	IWDG_SetPrescaler:
  34              	.LFB30:
  36:../Peripheral/src/ch32v30x_iwdg.c **** 
  37:../Peripheral/src/ch32v30x_iwdg.c **** /*********************************************************************
  38:../Peripheral/src/ch32v30x_iwdg.c ****  * @fn      IWDG_SetPrescaler
  39:../Peripheral/src/ch32v30x_iwdg.c ****  *
  40:../Peripheral/src/ch32v30x_iwdg.c ****  * @brief   Sets IWDG Prescaler value.
  41:../Peripheral/src/ch32v30x_iwdg.c ****  *
  42:../Peripheral/src/ch32v30x_iwdg.c ****  * @param   IWDG_Prescaler - specifies the IWDG Prescaler value.
  43:../Peripheral/src/ch32v30x_iwdg.c ****  *             IWDG_Prescaler_4 - IWDG prescaler set to 4.
  44:../Peripheral/src/ch32v30x_iwdg.c ****  *             IWDG_Prescaler_8 - IWDG prescaler set to 8.
  45:../Peripheral/src/ch32v30x_iwdg.c ****  *             IWDG_Prescaler_16 - IWDG prescaler set to 16.
  46:../Peripheral/src/ch32v30x_iwdg.c ****  *             IWDG_Prescaler_32 - IWDG prescaler set to 32.
  47:../Peripheral/src/ch32v30x_iwdg.c ****  *             IWDG_Prescaler_64 - IWDG prescaler set to 64.
  48:../Peripheral/src/ch32v30x_iwdg.c ****  *             IWDG_Prescaler_128 - IWDG prescaler set to 128.
  49:../Peripheral/src/ch32v30x_iwdg.c ****  *             IWDG_Prescaler_256 - IWDG prescaler set to 256.
  50:../Peripheral/src/ch32v30x_iwdg.c ****  *
  51:../Peripheral/src/ch32v30x_iwdg.c ****  * @return  none
  52:../Peripheral/src/ch32v30x_iwdg.c ****  */
  53:../Peripheral/src/ch32v30x_iwdg.c **** void IWDG_SetPrescaler(uint8_t IWDG_Prescaler)
  54:../Peripheral/src/ch32v30x_iwdg.c **** {
  35              		.loc 1 54 1 is_stmt 1
  36              		.cfi_startproc
  37              	.LVL1:
  55:../Peripheral/src/ch32v30x_iwdg.c ****     IWDG->PSCR = IWDG_Prescaler;
  38              		.loc 1 55 5
  39              		.loc 1 55 16 is_stmt 0
  40 0000 B7370040 		li	a5,1073754112
  41 0004 C8C3     		sw	a0,4(a5)
  56:../Peripheral/src/ch32v30x_iwdg.c **** }
  42              		.loc 1 56 1
  43 0006 8280     		ret
  44              		.cfi_endproc
  45              	.LFE30:
  47              		.section	.text.IWDG_SetReload,"ax",@progbits
  48              		.align	1
  49              		.globl	IWDG_SetReload
  51              	IWDG_SetReload:
  52              	.LFB31:
  57:../Peripheral/src/ch32v30x_iwdg.c **** 
  58:../Peripheral/src/ch32v30x_iwdg.c **** /*********************************************************************
  59:../Peripheral/src/ch32v30x_iwdg.c ****  * @fn      IWDG_SetReload
  60:../Peripheral/src/ch32v30x_iwdg.c ****  *
  61:../Peripheral/src/ch32v30x_iwdg.c ****  * @brief   Sets IWDG Reload value.
  62:../Peripheral/src/ch32v30x_iwdg.c ****  *
  63:../Peripheral/src/ch32v30x_iwdg.c ****  * @param   Reload - specifies the IWDG Reload value.
  64:../Peripheral/src/ch32v30x_iwdg.c ****  *            This parameter must be a number between 0 and 0x0FFF.
  65:../Peripheral/src/ch32v30x_iwdg.c ****  *
  66:../Peripheral/src/ch32v30x_iwdg.c ****  * @return  none
  67:../Peripheral/src/ch32v30x_iwdg.c ****  */
  68:../Peripheral/src/ch32v30x_iwdg.c **** void IWDG_SetReload(uint16_t Reload)
  69:../Peripheral/src/ch32v30x_iwdg.c **** {
  53              		.loc 1 69 1 is_stmt 1
  54              		.cfi_startproc
  55              	.LVL2:
  70:../Peripheral/src/ch32v30x_iwdg.c ****     IWDG->RLDR = Reload;
  56              		.loc 1 70 5
  57              		.loc 1 70 16 is_stmt 0
  58 0000 B7370040 		li	a5,1073754112
  59 0004 88C7     		sw	a0,8(a5)
  71:../Peripheral/src/ch32v30x_iwdg.c **** }
  60              		.loc 1 71 1
  61 0006 8280     		ret
  62              		.cfi_endproc
  63              	.LFE31:
  65              		.section	.text.IWDG_ReloadCounter,"ax",@progbits
  66              		.align	1
  67              		.globl	IWDG_ReloadCounter
  69              	IWDG_ReloadCounter:
  70              	.LFB32:
  72:../Peripheral/src/ch32v30x_iwdg.c **** 
  73:../Peripheral/src/ch32v30x_iwdg.c **** /*********************************************************************
  74:../Peripheral/src/ch32v30x_iwdg.c ****  * @fn      IWDG_ReloadCounter
  75:../Peripheral/src/ch32v30x_iwdg.c ****  *
  76:../Peripheral/src/ch32v30x_iwdg.c ****  * @brief   Reloads IWDG counter with value defined in the reload register.
  77:../Peripheral/src/ch32v30x_iwdg.c ****  *
  78:../Peripheral/src/ch32v30x_iwdg.c ****  * @return  none
  79:../Peripheral/src/ch32v30x_iwdg.c ****  */
  80:../Peripheral/src/ch32v30x_iwdg.c **** void IWDG_ReloadCounter(void)
  81:../Peripheral/src/ch32v30x_iwdg.c **** {
  71              		.loc 1 81 1 is_stmt 1
  72              		.cfi_startproc
  82:../Peripheral/src/ch32v30x_iwdg.c ****     IWDG->CTLR = CTLR_KEY_Reload;
  73              		.loc 1 82 5
  74              		.loc 1 82 16 is_stmt 0
  75 0000 AD67     		li	a5,45056
  76 0002 37370040 		li	a4,1073754112
  77 0006 9387A7AA 		addi	a5,a5,-1366
  78 000a 1CC3     		sw	a5,0(a4)
  83:../Peripheral/src/ch32v30x_iwdg.c **** }
  79              		.loc 1 83 1
  80 000c 8280     		ret
  81              		.cfi_endproc
  82              	.LFE32:
  84              		.section	.text.IWDG_Enable,"ax",@progbits
  85              		.align	1
  86              		.globl	IWDG_Enable
  88              	IWDG_Enable:
  89              	.LFB33:
  84:../Peripheral/src/ch32v30x_iwdg.c **** 
  85:../Peripheral/src/ch32v30x_iwdg.c **** /*********************************************************************
  86:../Peripheral/src/ch32v30x_iwdg.c ****  * @fn      IWDG_Enable
  87:../Peripheral/src/ch32v30x_iwdg.c ****  *
  88:../Peripheral/src/ch32v30x_iwdg.c ****  * @brief   Enables IWDG (write access to IWDG_PSCR and IWDG_RLDR registers disabled).
  89:../Peripheral/src/ch32v30x_iwdg.c ****  *
  90:../Peripheral/src/ch32v30x_iwdg.c ****  * @return  none
  91:../Peripheral/src/ch32v30x_iwdg.c ****  */
  92:../Peripheral/src/ch32v30x_iwdg.c **** void IWDG_Enable(void)
  93:../Peripheral/src/ch32v30x_iwdg.c **** {
  90              		.loc 1 93 1 is_stmt 1
  91              		.cfi_startproc
  94:../Peripheral/src/ch32v30x_iwdg.c ****     IWDG->CTLR = CTLR_KEY_Enable;
  92              		.loc 1 94 5
  93              		.loc 1 94 16 is_stmt 0
  94 0000 B567     		li	a5,53248
  95 0002 37370040 		li	a4,1073754112
  96 0006 9387C7CC 		addi	a5,a5,-820
  97 000a 1CC3     		sw	a5,0(a4)
  95:../Peripheral/src/ch32v30x_iwdg.c ****     while((RCC->RSTSCKR & 0x2)==RESET);
  98              		.loc 1 95 5 is_stmt 1
  99              		.loc 1 95 15 is_stmt 0
 100 000c 37170240 		li	a4,1073876992
 101              	.L6:
 102              		.loc 1 95 31 is_stmt 1 discriminator 1
 103              		.loc 1 95 15 is_stmt 0 discriminator 1
 104 0010 5C53     		lw	a5,36(a4)
 105              		.loc 1 95 25 discriminator 1
 106 0012 898B     		andi	a5,a5,2
 107              		.loc 1 95 31 discriminator 1
 108 0014 F5DF     		beq	a5,zero,.L6
  96:../Peripheral/src/ch32v30x_iwdg.c **** }
 109              		.loc 1 96 1
 110 0016 8280     		ret
 111              		.cfi_endproc
 112              	.LFE33:
 114              		.section	.text.IWDG_GetFlagStatus,"ax",@progbits
 115              		.align	1
 116              		.globl	IWDG_GetFlagStatus
 118              	IWDG_GetFlagStatus:
 119              	.LFB34:
  97:../Peripheral/src/ch32v30x_iwdg.c **** 
  98:../Peripheral/src/ch32v30x_iwdg.c **** /*********************************************************************
  99:../Peripheral/src/ch32v30x_iwdg.c ****  * @fn      IWDG_GetFlagStatus
 100:../Peripheral/src/ch32v30x_iwdg.c ****  *
 101:../Peripheral/src/ch32v30x_iwdg.c ****  * @brief   Checks whether the specified IWDG flag is set or not.
 102:../Peripheral/src/ch32v30x_iwdg.c ****  *
 103:../Peripheral/src/ch32v30x_iwdg.c ****  * @param   IWDG_FLAG - specifies the flag to check.
 104:../Peripheral/src/ch32v30x_iwdg.c ****  *            IWDG_FLAG_PVU - Prescaler Value Update on going.
 105:../Peripheral/src/ch32v30x_iwdg.c ****  *            IWDG_FLAG_RVU - Reload Value Update on going.
 106:../Peripheral/src/ch32v30x_iwdg.c ****  *
 107:../Peripheral/src/ch32v30x_iwdg.c ****  * @return  none
 108:../Peripheral/src/ch32v30x_iwdg.c ****  */
 109:../Peripheral/src/ch32v30x_iwdg.c **** FlagStatus IWDG_GetFlagStatus(uint16_t IWDG_FLAG)
 110:../Peripheral/src/ch32v30x_iwdg.c **** {
 120              		.loc 1 110 1 is_stmt 1
 121              		.cfi_startproc
 122              	.LVL3:
 111:../Peripheral/src/ch32v30x_iwdg.c ****     FlagStatus bitstatus = RESET;
 123              		.loc 1 111 5
 112:../Peripheral/src/ch32v30x_iwdg.c **** 
 113:../Peripheral/src/ch32v30x_iwdg.c ****     if((IWDG->STATR & IWDG_FLAG) != (uint32_t)RESET)
 124              		.loc 1 113 5
 125              		.loc 1 113 13 is_stmt 0
 126 0000 B7370040 		li	a5,1073754112
 127 0004 DC47     		lw	a5,12(a5)
 128              	.LVL4:
 114:../Peripheral/src/ch32v30x_iwdg.c ****     {
 115:../Peripheral/src/ch32v30x_iwdg.c ****         bitstatus = SET;
 116:../Peripheral/src/ch32v30x_iwdg.c ****     }
 117:../Peripheral/src/ch32v30x_iwdg.c ****     else
 118:../Peripheral/src/ch32v30x_iwdg.c ****     {
 119:../Peripheral/src/ch32v30x_iwdg.c ****         bitstatus = RESET;
 120:../Peripheral/src/ch32v30x_iwdg.c ****     }
 121:../Peripheral/src/ch32v30x_iwdg.c **** 
 122:../Peripheral/src/ch32v30x_iwdg.c ****     return bitstatus;
 129              		.loc 1 122 5 is_stmt 1
 113:../Peripheral/src/ch32v30x_iwdg.c ****     {
 130              		.loc 1 113 21 is_stmt 0
 131 0006 7D8D     		and	a0,a0,a5
 132              	.LVL5:
 123:../Peripheral/src/ch32v30x_iwdg.c **** }
 133              		.loc 1 123 1
 134 0008 3335A000 		snez	a0,a0
 135 000c 8280     		ret
 136              		.cfi_endproc
 137              	.LFE34:
 139              		.text
 140              	.Letext0:
 141              		.file 2 "d:\\software\\mounriver_studio\\toolchain\\risc-v embedded gcc12\\riscv-none-elf\\include
 142              		.file 3 "d:\\software\\mounriver_studio\\toolchain\\risc-v embedded gcc12\\riscv-none-elf\\include
 143              		.file 4 "C:\\Users\\localhost\\Documents\\turbomoskal-repo\\qqexpert\\firmware\\MasterController\\
 144              		.file 5 "C:\\Users\\localhost\\Documents\\turbomoskal-repo\\qqexpert\\firmware\\MasterController\\
DEFINED SYMBOLS
                            *ABS*:0000000000000000 ch32v30x_iwdg.c
C:\Users\LOCALH~1\AppData\Local\Temp\ccY2ImP7.s:14     .text.IWDG_WriteAccessCmd:0000000000000000 IWDG_WriteAccessCmd
C:\Users\LOCALH~1\AppData\Local\Temp\ccY2ImP7.s:18     .text.IWDG_WriteAccessCmd:0000000000000000 .L0 
C:\Users\LOCALH~1\AppData\Local\Temp\ccY2ImP7.s:20     .text.IWDG_WriteAccessCmd:0000000000000000 .L0 
C:\Users\LOCALH~1\AppData\Local\Temp\ccY2ImP7.s:21     .text.IWDG_WriteAccessCmd:0000000000000000 .L0 
C:\Users\LOCALH~1\AppData\Local\Temp\ccY2ImP7.s:22     .text.IWDG_WriteAccessCmd:0000000000000000 $x
C:\Users\LOCALH~1\AppData\Local\Temp\ccY2ImP7.s:22     .text.IWDG_WriteAccessCmd:0000000000000000 .L0 
C:\Users\LOCALH~1\AppData\Local\Temp\ccY2ImP7.s:25     .text.IWDG_WriteAccessCmd:0000000000000006 .L0 
C:\Users\LOCALH~1\AppData\Local\Temp\ccY2ImP7.s:26     .text.IWDG_WriteAccessCmd:0000000000000008 .L0 
C:\Users\LOCALH~1\AppData\Local\Temp\ccY2ImP7.s:33     .text.IWDG_SetPrescaler:0000000000000000 IWDG_SetPrescaler
C:\Users\LOCALH~1\AppData\Local\Temp\ccY2ImP7.s:36     .text.IWDG_SetPrescaler:0000000000000000 .L0 
C:\Users\LOCALH~1\AppData\Local\Temp\ccY2ImP7.s:38     .text.IWDG_SetPrescaler:0000000000000000 .L0 
C:\Users\LOCALH~1\AppData\Local\Temp\ccY2ImP7.s:39     .text.IWDG_SetPrescaler:0000000000000000 .L0 
C:\Users\LOCALH~1\AppData\Local\Temp\ccY2ImP7.s:40     .text.IWDG_SetPrescaler:0000000000000000 $x
C:\Users\LOCALH~1\AppData\Local\Temp\ccY2ImP7.s:40     .text.IWDG_SetPrescaler:0000000000000000 .L0 
C:\Users\LOCALH~1\AppData\Local\Temp\ccY2ImP7.s:43     .text.IWDG_SetPrescaler:0000000000000006 .L0 
C:\Users\LOCALH~1\AppData\Local\Temp\ccY2ImP7.s:44     .text.IWDG_SetPrescaler:0000000000000008 .L0 
C:\Users\LOCALH~1\AppData\Local\Temp\ccY2ImP7.s:51     .text.IWDG_SetReload:0000000000000000 IWDG_SetReload
C:\Users\LOCALH~1\AppData\Local\Temp\ccY2ImP7.s:54     .text.IWDG_SetReload:0000000000000000 .L0 
C:\Users\LOCALH~1\AppData\Local\Temp\ccY2ImP7.s:56     .text.IWDG_SetReload:0000000000000000 .L0 
C:\Users\LOCALH~1\AppData\Local\Temp\ccY2ImP7.s:57     .text.IWDG_SetReload:0000000000000000 .L0 
C:\Users\LOCALH~1\AppData\Local\Temp\ccY2ImP7.s:58     .text.IWDG_SetReload:0000000000000000 $x
C:\Users\LOCALH~1\AppData\Local\Temp\ccY2ImP7.s:58     .text.IWDG_SetReload:0000000000000000 .L0 
C:\Users\LOCALH~1\AppData\Local\Temp\ccY2ImP7.s:61     .text.IWDG_SetReload:0000000000000006 .L0 
C:\Users\LOCALH~1\AppData\Local\Temp\ccY2ImP7.s:62     .text.IWDG_SetReload:0000000000000008 .L0 
C:\Users\LOCALH~1\AppData\Local\Temp\ccY2ImP7.s:69     .text.IWDG_ReloadCounter:0000000000000000 IWDG_ReloadCounter
C:\Users\LOCALH~1\AppData\Local\Temp\ccY2ImP7.s:72     .text.IWDG_ReloadCounter:0000000000000000 .L0 
C:\Users\LOCALH~1\AppData\Local\Temp\ccY2ImP7.s:73     .text.IWDG_ReloadCounter:0000000000000000 .L0 
C:\Users\LOCALH~1\AppData\Local\Temp\ccY2ImP7.s:74     .text.IWDG_ReloadCounter:0000000000000000 .L0 
C:\Users\LOCALH~1\AppData\Local\Temp\ccY2ImP7.s:75     .text.IWDG_ReloadCounter:0000000000000000 $x
C:\Users\LOCALH~1\AppData\Local\Temp\ccY2ImP7.s:75     .text.IWDG_ReloadCounter:0000000000000000 .L0 
C:\Users\LOCALH~1\AppData\Local\Temp\ccY2ImP7.s:80     .text.IWDG_ReloadCounter:000000000000000c .L0 
C:\Users\LOCALH~1\AppData\Local\Temp\ccY2ImP7.s:81     .text.IWDG_ReloadCounter:000000000000000e .L0 
C:\Users\LOCALH~1\AppData\Local\Temp\ccY2ImP7.s:88     .text.IWDG_Enable:0000000000000000 IWDG_Enable
C:\Users\LOCALH~1\AppData\Local\Temp\ccY2ImP7.s:91     .text.IWDG_Enable:0000000000000000 .L0 
C:\Users\LOCALH~1\AppData\Local\Temp\ccY2ImP7.s:92     .text.IWDG_Enable:0000000000000000 .L0 
C:\Users\LOCALH~1\AppData\Local\Temp\ccY2ImP7.s:93     .text.IWDG_Enable:0000000000000000 .L0 
C:\Users\LOCALH~1\AppData\Local\Temp\ccY2ImP7.s:94     .text.IWDG_Enable:0000000000000000 $x
C:\Users\LOCALH~1\AppData\Local\Temp\ccY2ImP7.s:94     .text.IWDG_Enable:0000000000000000 .L0 
C:\Users\LOCALH~1\AppData\Local\Temp\ccY2ImP7.s:99     .text.IWDG_Enable:000000000000000c .L0 
C:\Users\LOCALH~1\AppData\Local\Temp\ccY2ImP7.s:100    .text.IWDG_Enable:000000000000000c .L0 
C:\Users\LOCALH~1\AppData\Local\Temp\ccY2ImP7.s:103    .text.IWDG_Enable:0000000000000010 .L0 
C:\Users\LOCALH~1\AppData\Local\Temp\ccY2ImP7.s:104    .text.IWDG_Enable:0000000000000010 .L0 
C:\Users\LOCALH~1\AppData\Local\Temp\ccY2ImP7.s:106    .text.IWDG_Enable:0000000000000012 .L0 
C:\Users\LOCALH~1\AppData\Local\Temp\ccY2ImP7.s:108    .text.IWDG_Enable:0000000000000014 .L0 
C:\Users\LOCALH~1\AppData\Local\Temp\ccY2ImP7.s:110    .text.IWDG_Enable:0000000000000016 .L0 
C:\Users\LOCALH~1\AppData\Local\Temp\ccY2ImP7.s:111    .text.IWDG_Enable:0000000000000018 .L0 
C:\Users\LOCALH~1\AppData\Local\Temp\ccY2ImP7.s:118    .text.IWDG_GetFlagStatus:0000000000000000 IWDG_GetFlagStatus
C:\Users\LOCALH~1\AppData\Local\Temp\ccY2ImP7.s:121    .text.IWDG_GetFlagStatus:0000000000000000 .L0 
C:\Users\LOCALH~1\AppData\Local\Temp\ccY2ImP7.s:123    .text.IWDG_GetFlagStatus:0000000000000000 .L0 
C:\Users\LOCALH~1\AppData\Local\Temp\ccY2ImP7.s:124    .text.IWDG_GetFlagStatus:0000000000000000 .L0 
C:\Users\LOCALH~1\AppData\Local\Temp\ccY2ImP7.s:125    .text.IWDG_GetFlagStatus:0000000000000000 .L0 
C:\Users\LOCALH~1\AppData\Local\Temp\ccY2ImP7.s:126    .text.IWDG_GetFlagStatus:0000000000000000 $x
C:\Users\LOCALH~1\AppData\Local\Temp\ccY2ImP7.s:126    .text.IWDG_GetFlagStatus:0000000000000000 .L0 
C:\Users\LOCALH~1\AppData\Local\Temp\ccY2ImP7.s:130    .text.IWDG_GetFlagStatus:0000000000000006 .L0 
C:\Users\LOCALH~1\AppData\Local\Temp\ccY2ImP7.s:131    .text.IWDG_GetFlagStatus:0000000000000006 .L0 
C:\Users\LOCALH~1\AppData\Local\Temp\ccY2ImP7.s:134    .text.IWDG_GetFlagStatus:0000000000000008 .L0 
C:\Users\LOCALH~1\AppData\Local\Temp\ccY2ImP7.s:136    .text.IWDG_GetFlagStatus:000000000000000e .L0 
C:\Users\LOCALH~1\AppData\Local\Temp\ccY2ImP7.s:997    .debug_line_str:0000000000000077 .L0 
C:\Users\LOCALH~1\AppData\Local\Temp\ccY2ImP7.s:997    .debug_line_str:00000000000000cc .L0 
C:\Users\LOCALH~1\AppData\Local\Temp\ccY2ImP7.s:997    .debug_line_str:00000000000000de .L0 
C:\Users\LOCALH~1\AppData\Local\Temp\ccY2ImP7.s:997    .debug_line_str:000000000000013a .L0 
C:\Users\LOCALH~1\AppData\Local\Temp\ccY2ImP7.s:997    .debug_line_str:0000000000000192 .L0 
C:\Users\LOCALH~1\AppData\Local\Temp\ccY2ImP7.s:997    .debug_line_str:00000000000001e8 .L0 
C:\Users\LOCALH~1\AppData\Local\Temp\ccY2ImP7.s:997    .debug_line_str:0000000000000248 .L0 
C:\Users\LOCALH~1\AppData\Local\Temp\ccY2ImP7.s:997    .debug_line_str:0000000000000258 .L0 
C:\Users\LOCALH~1\AppData\Local\Temp\ccY2ImP7.s:997    .debug_line_str:0000000000000268 .L0 
C:\Users\LOCALH~1\AppData\Local\Temp\ccY2ImP7.s:997    .debug_line_str:0000000000000279 .L0 
C:\Users\LOCALH~1\AppData\Local\Temp\ccY2ImP7.s:997    .debug_line_str:0000000000000283 .L0 
C:\Users\LOCALH~1\AppData\Local\Temp\ccY2ImP7.s:997    .debug_line_str:0000000000000290 .L0 
C:\Users\LOCALH~1\AppData\Local\Temp\ccY2ImP7.s:29     .text.IWDG_WriteAccessCmd:0000000000000008 .L0 
C:\Users\LOCALH~1\AppData\Local\Temp\ccY2ImP7.s:47     .text.IWDG_SetPrescaler:0000000000000008 .L0 
C:\Users\LOCALH~1\AppData\Local\Temp\ccY2ImP7.s:65     .text.IWDG_SetReload:0000000000000008 .L0 
C:\Users\LOCALH~1\AppData\Local\Temp\ccY2ImP7.s:84     .text.IWDG_ReloadCounter:000000000000000e .L0 
C:\Users\LOCALH~1\AppData\Local\Temp\ccY2ImP7.s:114    .text.IWDG_Enable:0000000000000018 .L0 
C:\Users\LOCALH~1\AppData\Local\Temp\ccY2ImP7.s:139    .text.IWDG_GetFlagStatus:000000000000000e .L0 
                     .debug_frame:0000000000000000 .L0 
C:\Users\LOCALH~1\AppData\Local\Temp\ccY2ImP7.s:101    .text.IWDG_Enable:0000000000000010 .L6
C:\Users\LOCALH~1\AppData\Local\Temp\ccY2ImP7.s:456    .debug_abbrev:0000000000000000 .Ldebug_abbrev0
C:\Users\LOCALH~1\AppData\Local\Temp\ccY2ImP7.s:978    .debug_str:00000000000001c3 .LASF46
C:\Users\LOCALH~1\AppData\Local\Temp\ccY2ImP7.s:995    .debug_line_str:0000000000000055 .LASF0
C:\Users\LOCALH~1\AppData\Local\Temp\ccY2ImP7.s:993    .debug_line_str:0000000000000000 .LASF1
C:\Users\LOCALH~1\AppData\Local\Temp\ccY2ImP7.s:872    .debug_rnglists:000000000000000c .LLRL2
C:\Users\LOCALH~1\AppData\Local\Temp\ccY2ImP7.s:894    .debug_line:0000000000000000 .Ldebug_line0
C:\Users\LOCALH~1\AppData\Local\Temp\ccY2ImP7.s:954    .debug_str:0000000000000148 .LASF2
C:\Users\LOCALH~1\AppData\Local\Temp\ccY2ImP7.s:984    .debug_str:00000000000002d9 .LASF3
C:\Users\LOCALH~1\AppData\Local\Temp\ccY2ImP7.s:898    .debug_str:000000000000000a .LASF6
C:\Users\LOCALH~1\AppData\Local\Temp\ccY2ImP7.s:922    .debug_str:000000000000008f .LASF4
C:\Users\LOCALH~1\AppData\Local\Temp\ccY2ImP7.s:968    .debug_str:0000000000000186 .LASF5
C:\Users\LOCALH~1\AppData\Local\Temp\ccY2ImP7.s:970    .debug_str:0000000000000190 .LASF7
C:\Users\LOCALH~1\AppData\Local\Temp\ccY2ImP7.s:986    .debug_str:00000000000002e5 .LASF8
C:\Users\LOCALH~1\AppData\Local\Temp\ccY2ImP7.s:980    .debug_str:00000000000002c4 .LASF9
C:\Users\LOCALH~1\AppData\Local\Temp\ccY2ImP7.s:946    .debug_str:0000000000000126 .LASF10
C:\Users\LOCALH~1\AppData\Local\Temp\ccY2ImP7.s:932    .debug_str:00000000000000d0 .LASF11
C:\Users\LOCALH~1\AppData\Local\Temp\ccY2ImP7.s:962    .debug_str:0000000000000169 .LASF12
C:\Users\LOCALH~1\AppData\Local\Temp\ccY2ImP7.s:920    .debug_str:0000000000000078 .LASF13
C:\Users\LOCALH~1\AppData\Local\Temp\ccY2ImP7.s:958    .debug_str:000000000000015a .LASF14
C:\Users\LOCALH~1\AppData\Local\Temp\ccY2ImP7.s:972    .debug_str:000000000000019b .LASF15
C:\Users\LOCALH~1\AppData\Local\Temp\ccY2ImP7.s:938    .debug_str:00000000000000fc .LASF16
C:\Users\LOCALH~1\AppData\Local\Temp\ccY2ImP7.s:936    .debug_str:00000000000000f6 .LASF17
C:\Users\LOCALH~1\AppData\Local\Temp\ccY2ImP7.s:928    .debug_str:00000000000000bf .LASF18
C:\Users\LOCALH~1\AppData\Local\Temp\ccY2ImP7.s:952    .debug_str:0000000000000143 .LASF19
C:\Users\LOCALH~1\AppData\Local\Temp\ccY2ImP7.s:910    .debug_str:0000000000000047 .LASF20
C:\Users\LOCALH~1\AppData\Local\Temp\ccY2ImP7.s:964    .debug_str:0000000000000177 .LASF21
C:\Users\LOCALH~1\AppData\Local\Temp\ccY2ImP7.s:944    .debug_str:0000000000000120 .LASF22
C:\Users\LOCALH~1\AppData\Local\Temp\ccY2ImP7.s:990    .debug_str:00000000000002fd .LASF23
C:\Users\LOCALH~1\AppData\Local\Temp\ccY2ImP7.s:930    .debug_str:00000000000000ca .LASF24
C:\Users\LOCALH~1\AppData\Local\Temp\ccY2ImP7.s:988    .debug_str:00000000000002f8 .LASF25
C:\Users\LOCALH~1\AppData\Local\Temp\ccY2ImP7.s:916    .debug_str:000000000000005c .LASF26
C:\Users\LOCALH~1\AppData\Local\Temp\ccY2ImP7.s:896    .debug_str:0000000000000000 .LASF27
C:\Users\LOCALH~1\AppData\Local\Temp\ccY2ImP7.s:902    .debug_str:000000000000001b .LASF28
C:\Users\LOCALH~1\AppData\Local\Temp\ccY2ImP7.s:948    .debug_str:0000000000000131 .LASF29
C:\Users\LOCALH~1\AppData\Local\Temp\ccY2ImP7.s:966    .debug_str:000000000000017c .LASF30
C:\Users\LOCALH~1\AppData\Local\Temp\ccY2ImP7.s:960    .debug_str:0000000000000162 .LASF31
C:\Users\LOCALH~1\AppData\Local\Temp\ccY2ImP7.s:950    .debug_str:000000000000013b .LASF32
C:\Users\LOCALH~1\AppData\Local\Temp\ccY2ImP7.s:906    .debug_str:0000000000000030 .LASF33
C:\Users\LOCALH~1\AppData\Local\Temp\ccY2ImP7.s:914    .debug_str:0000000000000056 .LASF34
C:\Users\LOCALH~1\AppData\Local\Temp\ccY2ImP7.s:976    .debug_str:00000000000001b7 .LASF35
C:\Users\LOCALH~1\AppData\Local\Temp\ccY2ImP7.s:982    .debug_str:00000000000002cd .LASF36
C:\Users\LOCALH~1\AppData\Local\Temp\ccY2ImP7.s:956    .debug_str:0000000000000155 .LASF37
C:\Users\LOCALH~1\AppData\Local\Temp\ccY2ImP7.s:974    .debug_str:00000000000001a4 .LASF47
C:\Users\LOCALH~1\AppData\Local\Temp\ccY2ImP7.s:119    .text.IWDG_GetFlagStatus:0000000000000000 .LFB34
C:\Users\LOCALH~1\AppData\Local\Temp\ccY2ImP7.s:137    .text.IWDG_GetFlagStatus:000000000000000e .LFE34
C:\Users\LOCALH~1\AppData\Local\Temp\ccY2ImP7.s:940    .debug_str:0000000000000105 .LASF40
C:\Users\LOCALH~1\AppData\Local\Temp\ccY2ImP7.s:781    .debug_loclists:000000000000000c .LLST0
C:\Users\LOCALH~1\AppData\Local\Temp\ccY2ImP7.s:912    .debug_str:000000000000004c .LASF48
C:\Users\LOCALH~1\AppData\Local\Temp\ccY2ImP7.s:796    .debug_loclists:0000000000000026 .LLST1
C:\Users\LOCALH~1\AppData\Local\Temp\ccY2ImP7.s:904    .debug_str:0000000000000024 .LASF38
C:\Users\LOCALH~1\AppData\Local\Temp\ccY2ImP7.s:89     .text.IWDG_Enable:0000000000000000 .LFB33
C:\Users\LOCALH~1\AppData\Local\Temp\ccY2ImP7.s:112    .text.IWDG_Enable:0000000000000018 .LFE33
C:\Users\LOCALH~1\AppData\Local\Temp\ccY2ImP7.s:926    .debug_str:00000000000000ac .LASF39
C:\Users\LOCALH~1\AppData\Local\Temp\ccY2ImP7.s:70     .text.IWDG_ReloadCounter:0000000000000000 .LFB32
C:\Users\LOCALH~1\AppData\Local\Temp\ccY2ImP7.s:82     .text.IWDG_ReloadCounter:000000000000000e .LFE32
C:\Users\LOCALH~1\AppData\Local\Temp\ccY2ImP7.s:924    .debug_str:000000000000009d .LASF42
C:\Users\LOCALH~1\AppData\Local\Temp\ccY2ImP7.s:52     .text.IWDG_SetReload:0000000000000000 .LFB31
C:\Users\LOCALH~1\AppData\Local\Temp\ccY2ImP7.s:63     .text.IWDG_SetReload:0000000000000008 .LFE31
C:\Users\LOCALH~1\AppData\Local\Temp\ccY2ImP7.s:900    .debug_str:0000000000000014 .LASF41
C:\Users\LOCALH~1\AppData\Local\Temp\ccY2ImP7.s:918    .debug_str:0000000000000066 .LASF43
C:\Users\LOCALH~1\AppData\Local\Temp\ccY2ImP7.s:34     .text.IWDG_SetPrescaler:0000000000000000 .LFB30
C:\Users\LOCALH~1\AppData\Local\Temp\ccY2ImP7.s:45     .text.IWDG_SetPrescaler:0000000000000008 .LFE30
C:\Users\LOCALH~1\AppData\Local\Temp\ccY2ImP7.s:908    .debug_str:0000000000000038 .LASF44
C:\Users\LOCALH~1\AppData\Local\Temp\ccY2ImP7.s:934    .debug_str:00000000000000e2 .LASF49
C:\Users\LOCALH~1\AppData\Local\Temp\ccY2ImP7.s:15     .text.IWDG_WriteAccessCmd:0000000000000000 .LFB29
C:\Users\LOCALH~1\AppData\Local\Temp\ccY2ImP7.s:27     .text.IWDG_WriteAccessCmd:0000000000000008 .LFE29
C:\Users\LOCALH~1\AppData\Local\Temp\ccY2ImP7.s:942    .debug_str:000000000000010f .LASF45
C:\Users\LOCALH~1\AppData\Local\Temp\ccY2ImP7.s:122    .text.IWDG_GetFlagStatus:0000000000000000 .LVL3
C:\Users\LOCALH~1\AppData\Local\Temp\ccY2ImP7.s:132    .text.IWDG_GetFlagStatus:0000000000000008 .LVL5
C:\Users\LOCALH~1\AppData\Local\Temp\ccY2ImP7.s:128    .text.IWDG_GetFlagStatus:0000000000000006 .LVL4
C:\Users\LOCALH~1\AppData\Local\Temp\ccY2ImP7.s:146    .debug_info:0000000000000000 .Ldebug_info0

NO UNDEFINED SYMBOLS
