   1              		.file	"ch32v30x_crc.c"
   2              		.option nopic
   3              		.attribute arch, "rv32i2p0_m2p0_a2p0_f2p0_c2p0_xw"
   4              		.attribute unaligned_access, 0
   5              		.attribute stack_align, 16
   6              		.text
   7              	.Ltext0:
   8              		.cfi_sections	.debug_frame
   9              		.file 0 "C:\\Users\\localhost\\Documents\\turbomoskal-repo\\qqexpert\\firmware\\MasterController\\
  10              		.section	.text.CRC_ResetDR,"ax",@progbits
  11              		.align	1
  12              		.globl	CRC_ResetDR
  14              	CRC_ResetDR:
  15              	.LFB29:
  16              		.file 1 "../Peripheral/src/ch32v30x_crc.c"
   1:../Peripheral/src/ch32v30x_crc.c **** /********************************** (C) COPYRIGHT  *******************************
   2:../Peripheral/src/ch32v30x_crc.c **** * File Name          : ch32v30x_crc.c
   3:../Peripheral/src/ch32v30x_crc.c **** * Author             : WCH
   4:../Peripheral/src/ch32v30x_crc.c **** * Version            : V1.0.0
   5:../Peripheral/src/ch32v30x_crc.c **** * Date               : 2021/06/06
   6:../Peripheral/src/ch32v30x_crc.c **** * Description        : This file provides all the CRC firmware functions.
   7:../Peripheral/src/ch32v30x_crc.c **** *********************************************************************************
   8:../Peripheral/src/ch32v30x_crc.c **** * Copyright (c) 2021 Nanjing Qinheng Microelectronics Co., Ltd.
   9:../Peripheral/src/ch32v30x_crc.c **** * Attention: This software (modified or not) and binary are used for 
  10:../Peripheral/src/ch32v30x_crc.c **** * microcontroller manufactured by Nanjing Qinheng Microelectronics.
  11:../Peripheral/src/ch32v30x_crc.c **** *******************************************************************************/
  12:../Peripheral/src/ch32v30x_crc.c **** #include "ch32v30x_crc.h"
  13:../Peripheral/src/ch32v30x_crc.c **** 
  14:../Peripheral/src/ch32v30x_crc.c **** /*********************************************************************
  15:../Peripheral/src/ch32v30x_crc.c ****  * @fn      CRC_ResetDR
  16:../Peripheral/src/ch32v30x_crc.c ****  *
  17:../Peripheral/src/ch32v30x_crc.c ****  * @brief   Resets the CRC Data register (DR).
  18:../Peripheral/src/ch32v30x_crc.c ****  *
  19:../Peripheral/src/ch32v30x_crc.c ****  * @return  none
  20:../Peripheral/src/ch32v30x_crc.c ****  */
  21:../Peripheral/src/ch32v30x_crc.c **** void CRC_ResetDR(void)
  22:../Peripheral/src/ch32v30x_crc.c **** {
  17              		.loc 1 22 1
  18              		.cfi_startproc
  23:../Peripheral/src/ch32v30x_crc.c ****     CRC->CTLR = CRC_CTLR_RESET;
  19              		.loc 1 23 5
  20              		.loc 1 23 15 is_stmt 0
  21 0000 B7370240 		li	a5,1073885184
  22 0004 0547     		li	a4,1
  23 0006 98C7     		sw	a4,8(a5)
  24:../Peripheral/src/ch32v30x_crc.c **** }
  24              		.loc 1 24 1
  25 0008 8280     		ret
  26              		.cfi_endproc
  27              	.LFE29:
  29              		.section	.text.CRC_CalcCRC,"ax",@progbits
  30              		.align	1
  31              		.globl	CRC_CalcCRC
  33              	CRC_CalcCRC:
  34              	.LFB30:
  25:../Peripheral/src/ch32v30x_crc.c **** 
  26:../Peripheral/src/ch32v30x_crc.c **** /*********************************************************************
  27:../Peripheral/src/ch32v30x_crc.c ****  * @fn      CRC_CalcCRC
  28:../Peripheral/src/ch32v30x_crc.c ****  *
  29:../Peripheral/src/ch32v30x_crc.c ****  * @brief   Computes the 32-bit CRC of a given data word(32-bit).
  30:../Peripheral/src/ch32v30x_crc.c ****  *
  31:../Peripheral/src/ch32v30x_crc.c ****  * @param   Data - data word(32-bit) to compute its CRC.
  32:../Peripheral/src/ch32v30x_crc.c ****  *
  33:../Peripheral/src/ch32v30x_crc.c ****  * @return  32-bit CRC.
  34:../Peripheral/src/ch32v30x_crc.c ****  */
  35:../Peripheral/src/ch32v30x_crc.c **** uint32_t CRC_CalcCRC(uint32_t Data)
  36:../Peripheral/src/ch32v30x_crc.c **** {
  35              		.loc 1 36 1 is_stmt 1
  36              		.cfi_startproc
  37              	.LVL0:
  37:../Peripheral/src/ch32v30x_crc.c ****     CRC->DATAR = Data;
  38              		.loc 1 37 5
  39              		.loc 1 37 16 is_stmt 0
  40 0000 B7370240 		li	a5,1073885184
  41 0004 88C3     		sw	a0,0(a5)
  38:../Peripheral/src/ch32v30x_crc.c **** 
  39:../Peripheral/src/ch32v30x_crc.c ****     return (CRC->DATAR);
  42              		.loc 1 39 5 is_stmt 1
  43              		.loc 1 39 16 is_stmt 0
  44 0006 8843     		lw	a0,0(a5)
  45              	.LVL1:
  40:../Peripheral/src/ch32v30x_crc.c **** }
  46              		.loc 1 40 1
  47 0008 8280     		ret
  48              		.cfi_endproc
  49              	.LFE30:
  51              		.section	.text.CRC_CalcBlockCRC,"ax",@progbits
  52              		.align	1
  53              		.globl	CRC_CalcBlockCRC
  55              	CRC_CalcBlockCRC:
  56              	.LFB31:
  41:../Peripheral/src/ch32v30x_crc.c **** 
  42:../Peripheral/src/ch32v30x_crc.c **** /*********************************************************************
  43:../Peripheral/src/ch32v30x_crc.c ****  * @fn      CRC_CalcBlockCRC
  44:../Peripheral/src/ch32v30x_crc.c ****  *
  45:../Peripheral/src/ch32v30x_crc.c ****  * @brief   Computes the 32-bit CRC of a given buffer of data word(32-bit).
  46:../Peripheral/src/ch32v30x_crc.c ****  *
  47:../Peripheral/src/ch32v30x_crc.c ****  * @param   pBuffer - pointer to the buffer containing the data to be computed.
  48:../Peripheral/src/ch32v30x_crc.c ****  *          BufferLength - length of the buffer to be computed.
  49:../Peripheral/src/ch32v30x_crc.c ****  *
  50:../Peripheral/src/ch32v30x_crc.c ****  * @return  32-bit CRC.
  51:../Peripheral/src/ch32v30x_crc.c ****  */
  52:../Peripheral/src/ch32v30x_crc.c **** uint32_t CRC_CalcBlockCRC(uint32_t pBuffer[], uint32_t BufferLength)
  53:../Peripheral/src/ch32v30x_crc.c **** {
  57              		.loc 1 53 1 is_stmt 1
  58              		.cfi_startproc
  59              	.LVL2:
  54:../Peripheral/src/ch32v30x_crc.c ****     uint32_t index = 0;
  60              		.loc 1 54 5
  55:../Peripheral/src/ch32v30x_crc.c **** 
  56:../Peripheral/src/ch32v30x_crc.c ****     for(index = 0; index < BufferLength; index++)
  61              		.loc 1 56 5
  62              		.loc 1 56 15 is_stmt 0
  63 0000 8147     		li	a5,0
  57:../Peripheral/src/ch32v30x_crc.c ****     {
  58:../Peripheral/src/ch32v30x_crc.c ****         CRC->DATAR = pBuffer[index];
  64              		.loc 1 58 20
  65 0002 B7360240 		li	a3,1073885184
  66              	.LVL3:
  67              	.L4:
  56:../Peripheral/src/ch32v30x_crc.c ****     {
  68              		.loc 1 56 26 is_stmt 1 discriminator 1
  69 0006 6396B700 		bne	a5,a1,.L5
  59:../Peripheral/src/ch32v30x_crc.c ****     }
  60:../Peripheral/src/ch32v30x_crc.c **** 
  61:../Peripheral/src/ch32v30x_crc.c ****     return (CRC->DATAR);
  70              		.loc 1 61 5
  71              		.loc 1 61 16 is_stmt 0
  72 000a B7370240 		li	a5,1073885184
  73              	.LVL4:
  74 000e 8843     		lw	a0,0(a5)
  75              	.LVL5:
  62:../Peripheral/src/ch32v30x_crc.c **** }
  76              		.loc 1 62 1
  77 0010 8280     		ret
  78              	.LVL6:
  79              	.L5:
  58:../Peripheral/src/ch32v30x_crc.c ****     }
  80              		.loc 1 58 9 is_stmt 1 discriminator 3
  58:../Peripheral/src/ch32v30x_crc.c ****     }
  81              		.loc 1 58 29 is_stmt 0 discriminator 3
  82 0012 13972700 		slli	a4,a5,2
  83 0016 2A97     		add	a4,a0,a4
  84 0018 1843     		lw	a4,0(a4)
  56:../Peripheral/src/ch32v30x_crc.c ****     {
  85              		.loc 1 56 47 discriminator 3
  86 001a 8507     		addi	a5,a5,1
  87              	.LVL7:
  58:../Peripheral/src/ch32v30x_crc.c ****     }
  88              		.loc 1 58 20 discriminator 3
  89 001c 98C2     		sw	a4,0(a3)
  56:../Peripheral/src/ch32v30x_crc.c ****     {
  90              		.loc 1 56 47 is_stmt 1 discriminator 3
  91              	.LVL8:
  92 001e E5B7     		j	.L4
  93              		.cfi_endproc
  94              	.LFE31:
  96              		.section	.text.CRC_GetCRC,"ax",@progbits
  97              		.align	1
  98              		.globl	CRC_GetCRC
 100              	CRC_GetCRC:
 101              	.LFB32:
  63:../Peripheral/src/ch32v30x_crc.c **** 
  64:../Peripheral/src/ch32v30x_crc.c **** /*********************************************************************
  65:../Peripheral/src/ch32v30x_crc.c ****  * @fn      CRC_GetCRC
  66:../Peripheral/src/ch32v30x_crc.c ****  *
  67:../Peripheral/src/ch32v30x_crc.c ****  * @brief   Returns the current CRC value.
  68:../Peripheral/src/ch32v30x_crc.c ****  *
  69:../Peripheral/src/ch32v30x_crc.c ****  * @return  32-bit CRC.
  70:../Peripheral/src/ch32v30x_crc.c ****  */
  71:../Peripheral/src/ch32v30x_crc.c **** uint32_t CRC_GetCRC(void)
  72:../Peripheral/src/ch32v30x_crc.c **** {
 102              		.loc 1 72 1
 103              		.cfi_startproc
  73:../Peripheral/src/ch32v30x_crc.c ****     return (CRC->DATAR);
 104              		.loc 1 73 5
 105              		.loc 1 73 16 is_stmt 0
 106 0000 B7370240 		li	a5,1073885184
 107 0004 8843     		lw	a0,0(a5)
  74:../Peripheral/src/ch32v30x_crc.c **** }
 108              		.loc 1 74 1
 109 0006 8280     		ret
 110              		.cfi_endproc
 111              	.LFE32:
 113              		.section	.text.CRC_SetIDRegister,"ax",@progbits
 114              		.align	1
 115              		.globl	CRC_SetIDRegister
 117              	CRC_SetIDRegister:
 118              	.LFB33:
  75:../Peripheral/src/ch32v30x_crc.c **** 
  76:../Peripheral/src/ch32v30x_crc.c **** /*********************************************************************
  77:../Peripheral/src/ch32v30x_crc.c ****  * @fn      CRC_SetIDRegister
  78:../Peripheral/src/ch32v30x_crc.c ****  *
  79:../Peripheral/src/ch32v30x_crc.c ****  * @brief   Stores a 8-bit data in the Independent Data(ID) register.
  80:../Peripheral/src/ch32v30x_crc.c ****  *
  81:../Peripheral/src/ch32v30x_crc.c ****  * @param   IDValue - 8-bit value to be stored in the ID register.
  82:../Peripheral/src/ch32v30x_crc.c ****  *
  83:../Peripheral/src/ch32v30x_crc.c ****  * @return  none
  84:../Peripheral/src/ch32v30x_crc.c ****  */
  85:../Peripheral/src/ch32v30x_crc.c **** void CRC_SetIDRegister(uint8_t IDValue)
  86:../Peripheral/src/ch32v30x_crc.c **** {
 119              		.loc 1 86 1 is_stmt 1
 120              		.cfi_startproc
 121              	.LVL9:
  87:../Peripheral/src/ch32v30x_crc.c ****     CRC->IDATAR = IDValue;
 122              		.loc 1 87 5
 123              		.loc 1 87 17 is_stmt 0
 124 0000 B7370240 		li	a5,1073885184
 125 0004 C8A3     		sb	a0,4(a5)
  88:../Peripheral/src/ch32v30x_crc.c **** }
 126              		.loc 1 88 1
 127 0006 8280     		ret
 128              		.cfi_endproc
 129              	.LFE33:
 131              		.section	.text.CRC_GetIDRegister,"ax",@progbits
 132              		.align	1
 133              		.globl	CRC_GetIDRegister
 135              	CRC_GetIDRegister:
 136              	.LFB34:
  89:../Peripheral/src/ch32v30x_crc.c **** 
  90:../Peripheral/src/ch32v30x_crc.c **** /*********************************************************************
  91:../Peripheral/src/ch32v30x_crc.c ****  * @fn      CRC_GetIDRegister
  92:../Peripheral/src/ch32v30x_crc.c ****  *
  93:../Peripheral/src/ch32v30x_crc.c ****  * @brief   Returns the 8-bit data stored in the Independent Data(ID) register.
  94:../Peripheral/src/ch32v30x_crc.c ****  *
  95:../Peripheral/src/ch32v30x_crc.c ****  * @return  8-bit value of the ID register.
  96:../Peripheral/src/ch32v30x_crc.c ****  */
  97:../Peripheral/src/ch32v30x_crc.c **** uint8_t CRC_GetIDRegister(void)
  98:../Peripheral/src/ch32v30x_crc.c **** {
 137              		.loc 1 98 1 is_stmt 1
 138              		.cfi_startproc
  99:../Peripheral/src/ch32v30x_crc.c ****     return (CRC->IDATAR);
 139              		.loc 1 99 5
 140              		.loc 1 99 16 is_stmt 0
 141 0000 B7370240 		li	a5,1073885184
 142 0004 C823     		lbu	a0,4(a5)
 100:../Peripheral/src/ch32v30x_crc.c **** }
 143              		.loc 1 100 1
 144 0006 8280     		ret
 145              		.cfi_endproc
 146              	.LFE34:
 148              		.text
 149              	.Letext0:
 150              		.file 2 "d:\\software\\mounriver_studio\\toolchain\\risc-v embedded gcc12\\riscv-none-elf\\include
 151              		.file 3 "d:\\software\\mounriver_studio\\toolchain\\risc-v embedded gcc12\\riscv-none-elf\\include
 152              		.file 4 "C:\\Users\\localhost\\Documents\\turbomoskal-repo\\qqexpert\\firmware\\MasterController\\
DEFINED SYMBOLS
                            *ABS*:0000000000000000 ch32v30x_crc.c
C:\Users\LOCALH~1\AppData\Local\Temp\ccnkpse0.s:14     .text.CRC_ResetDR:0000000000000000 CRC_ResetDR
C:\Users\LOCALH~1\AppData\Local\Temp\ccnkpse0.s:18     .text.CRC_ResetDR:0000000000000000 .L0 
C:\Users\LOCALH~1\AppData\Local\Temp\ccnkpse0.s:19     .text.CRC_ResetDR:0000000000000000 .L0 
C:\Users\LOCALH~1\AppData\Local\Temp\ccnkpse0.s:20     .text.CRC_ResetDR:0000000000000000 .L0 
C:\Users\LOCALH~1\AppData\Local\Temp\ccnkpse0.s:21     .text.CRC_ResetDR:0000000000000000 $x
C:\Users\LOCALH~1\AppData\Local\Temp\ccnkpse0.s:21     .text.CRC_ResetDR:0000000000000000 .L0 
C:\Users\LOCALH~1\AppData\Local\Temp\ccnkpse0.s:25     .text.CRC_ResetDR:0000000000000008 .L0 
C:\Users\LOCALH~1\AppData\Local\Temp\ccnkpse0.s:26     .text.CRC_ResetDR:000000000000000a .L0 
C:\Users\LOCALH~1\AppData\Local\Temp\ccnkpse0.s:33     .text.CRC_CalcCRC:0000000000000000 CRC_CalcCRC
C:\Users\LOCALH~1\AppData\Local\Temp\ccnkpse0.s:36     .text.CRC_CalcCRC:0000000000000000 .L0 
C:\Users\LOCALH~1\AppData\Local\Temp\ccnkpse0.s:38     .text.CRC_CalcCRC:0000000000000000 .L0 
C:\Users\LOCALH~1\AppData\Local\Temp\ccnkpse0.s:39     .text.CRC_CalcCRC:0000000000000000 .L0 
C:\Users\LOCALH~1\AppData\Local\Temp\ccnkpse0.s:40     .text.CRC_CalcCRC:0000000000000000 $x
C:\Users\LOCALH~1\AppData\Local\Temp\ccnkpse0.s:40     .text.CRC_CalcCRC:0000000000000000 .L0 
C:\Users\LOCALH~1\AppData\Local\Temp\ccnkpse0.s:43     .text.CRC_CalcCRC:0000000000000006 .L0 
C:\Users\LOCALH~1\AppData\Local\Temp\ccnkpse0.s:44     .text.CRC_CalcCRC:0000000000000006 .L0 
C:\Users\LOCALH~1\AppData\Local\Temp\ccnkpse0.s:47     .text.CRC_CalcCRC:0000000000000008 .L0 
C:\Users\LOCALH~1\AppData\Local\Temp\ccnkpse0.s:48     .text.CRC_CalcCRC:000000000000000a .L0 
C:\Users\LOCALH~1\AppData\Local\Temp\ccnkpse0.s:55     .text.CRC_CalcBlockCRC:0000000000000000 CRC_CalcBlockCRC
C:\Users\LOCALH~1\AppData\Local\Temp\ccnkpse0.s:58     .text.CRC_CalcBlockCRC:0000000000000000 .L0 
C:\Users\LOCALH~1\AppData\Local\Temp\ccnkpse0.s:60     .text.CRC_CalcBlockCRC:0000000000000000 .L0 
C:\Users\LOCALH~1\AppData\Local\Temp\ccnkpse0.s:61     .text.CRC_CalcBlockCRC:0000000000000000 .L0 
C:\Users\LOCALH~1\AppData\Local\Temp\ccnkpse0.s:62     .text.CRC_CalcBlockCRC:0000000000000000 .L0 
C:\Users\LOCALH~1\AppData\Local\Temp\ccnkpse0.s:63     .text.CRC_CalcBlockCRC:0000000000000000 $x
C:\Users\LOCALH~1\AppData\Local\Temp\ccnkpse0.s:63     .text.CRC_CalcBlockCRC:0000000000000000 .L0 
C:\Users\LOCALH~1\AppData\Local\Temp\ccnkpse0.s:65     .text.CRC_CalcBlockCRC:0000000000000002 .L0 
C:\Users\LOCALH~1\AppData\Local\Temp\ccnkpse0.s:69     .text.CRC_CalcBlockCRC:0000000000000006 .L0 
C:\Users\LOCALH~1\AppData\Local\Temp\ccnkpse0.s:71     .text.CRC_CalcBlockCRC:000000000000000a .L0 
C:\Users\LOCALH~1\AppData\Local\Temp\ccnkpse0.s:72     .text.CRC_CalcBlockCRC:000000000000000a .L0 
C:\Users\LOCALH~1\AppData\Local\Temp\ccnkpse0.s:77     .text.CRC_CalcBlockCRC:0000000000000010 .L0 
C:\Users\LOCALH~1\AppData\Local\Temp\ccnkpse0.s:81     .text.CRC_CalcBlockCRC:0000000000000012 .L0 
C:\Users\LOCALH~1\AppData\Local\Temp\ccnkpse0.s:82     .text.CRC_CalcBlockCRC:0000000000000012 .L0 
C:\Users\LOCALH~1\AppData\Local\Temp\ccnkpse0.s:86     .text.CRC_CalcBlockCRC:000000000000001a .L0 
C:\Users\LOCALH~1\AppData\Local\Temp\ccnkpse0.s:89     .text.CRC_CalcBlockCRC:000000000000001c .L0 
C:\Users\LOCALH~1\AppData\Local\Temp\ccnkpse0.s:92     .text.CRC_CalcBlockCRC:000000000000001e .L0 
C:\Users\LOCALH~1\AppData\Local\Temp\ccnkpse0.s:93     .text.CRC_CalcBlockCRC:0000000000000020 .L0 
C:\Users\LOCALH~1\AppData\Local\Temp\ccnkpse0.s:100    .text.CRC_GetCRC:0000000000000000 CRC_GetCRC
C:\Users\LOCALH~1\AppData\Local\Temp\ccnkpse0.s:103    .text.CRC_GetCRC:0000000000000000 .L0 
C:\Users\LOCALH~1\AppData\Local\Temp\ccnkpse0.s:104    .text.CRC_GetCRC:0000000000000000 .L0 
C:\Users\LOCALH~1\AppData\Local\Temp\ccnkpse0.s:105    .text.CRC_GetCRC:0000000000000000 .L0 
C:\Users\LOCALH~1\AppData\Local\Temp\ccnkpse0.s:106    .text.CRC_GetCRC:0000000000000000 $x
C:\Users\LOCALH~1\AppData\Local\Temp\ccnkpse0.s:106    .text.CRC_GetCRC:0000000000000000 .L0 
C:\Users\LOCALH~1\AppData\Local\Temp\ccnkpse0.s:109    .text.CRC_GetCRC:0000000000000006 .L0 
C:\Users\LOCALH~1\AppData\Local\Temp\ccnkpse0.s:110    .text.CRC_GetCRC:0000000000000008 .L0 
C:\Users\LOCALH~1\AppData\Local\Temp\ccnkpse0.s:117    .text.CRC_SetIDRegister:0000000000000000 CRC_SetIDRegister
C:\Users\LOCALH~1\AppData\Local\Temp\ccnkpse0.s:120    .text.CRC_SetIDRegister:0000000000000000 .L0 
C:\Users\LOCALH~1\AppData\Local\Temp\ccnkpse0.s:122    .text.CRC_SetIDRegister:0000000000000000 .L0 
C:\Users\LOCALH~1\AppData\Local\Temp\ccnkpse0.s:123    .text.CRC_SetIDRegister:0000000000000000 .L0 
C:\Users\LOCALH~1\AppData\Local\Temp\ccnkpse0.s:124    .text.CRC_SetIDRegister:0000000000000000 $x
C:\Users\LOCALH~1\AppData\Local\Temp\ccnkpse0.s:124    .text.CRC_SetIDRegister:0000000000000000 .L0 
C:\Users\LOCALH~1\AppData\Local\Temp\ccnkpse0.s:127    .text.CRC_SetIDRegister:0000000000000006 .L0 
C:\Users\LOCALH~1\AppData\Local\Temp\ccnkpse0.s:128    .text.CRC_SetIDRegister:0000000000000008 .L0 
C:\Users\LOCALH~1\AppData\Local\Temp\ccnkpse0.s:135    .text.CRC_GetIDRegister:0000000000000000 CRC_GetIDRegister
C:\Users\LOCALH~1\AppData\Local\Temp\ccnkpse0.s:138    .text.CRC_GetIDRegister:0000000000000000 .L0 
C:\Users\LOCALH~1\AppData\Local\Temp\ccnkpse0.s:139    .text.CRC_GetIDRegister:0000000000000000 .L0 
C:\Users\LOCALH~1\AppData\Local\Temp\ccnkpse0.s:140    .text.CRC_GetIDRegister:0000000000000000 .L0 
C:\Users\LOCALH~1\AppData\Local\Temp\ccnkpse0.s:141    .text.CRC_GetIDRegister:0000000000000000 $x
C:\Users\LOCALH~1\AppData\Local\Temp\ccnkpse0.s:141    .text.CRC_GetIDRegister:0000000000000000 .L0 
C:\Users\LOCALH~1\AppData\Local\Temp\ccnkpse0.s:144    .text.CRC_GetIDRegister:0000000000000006 .L0 
C:\Users\LOCALH~1\AppData\Local\Temp\ccnkpse0.s:145    .text.CRC_GetIDRegister:0000000000000008 .L0 
C:\Users\LOCALH~1\AppData\Local\Temp\ccnkpse0.s:882    .debug_line_str:0000000000000076 .L0 
C:\Users\LOCALH~1\AppData\Local\Temp\ccnkpse0.s:882    .debug_line_str:00000000000000cb .L0 
C:\Users\LOCALH~1\AppData\Local\Temp\ccnkpse0.s:882    .debug_line_str:00000000000000dd .L0 
C:\Users\LOCALH~1\AppData\Local\Temp\ccnkpse0.s:882    .debug_line_str:0000000000000139 .L0 
C:\Users\LOCALH~1\AppData\Local\Temp\ccnkpse0.s:882    .debug_line_str:0000000000000191 .L0 
C:\Users\LOCALH~1\AppData\Local\Temp\ccnkpse0.s:882    .debug_line_str:00000000000001f1 .L0 
C:\Users\LOCALH~1\AppData\Local\Temp\ccnkpse0.s:882    .debug_line_str:0000000000000200 .L0 
C:\Users\LOCALH~1\AppData\Local\Temp\ccnkpse0.s:882    .debug_line_str:000000000000020f .L0 
C:\Users\LOCALH~1\AppData\Local\Temp\ccnkpse0.s:882    .debug_line_str:0000000000000220 .L0 
C:\Users\LOCALH~1\AppData\Local\Temp\ccnkpse0.s:882    .debug_line_str:000000000000022a .L0 
C:\Users\LOCALH~1\AppData\Local\Temp\ccnkpse0.s:29     .text.CRC_ResetDR:000000000000000a .L0 
C:\Users\LOCALH~1\AppData\Local\Temp\ccnkpse0.s:51     .text.CRC_CalcCRC:000000000000000a .L0 
C:\Users\LOCALH~1\AppData\Local\Temp\ccnkpse0.s:96     .text.CRC_CalcBlockCRC:0000000000000020 .L0 
C:\Users\LOCALH~1\AppData\Local\Temp\ccnkpse0.s:113    .text.CRC_GetCRC:0000000000000008 .L0 
C:\Users\LOCALH~1\AppData\Local\Temp\ccnkpse0.s:131    .text.CRC_SetIDRegister:0000000000000008 .L0 
C:\Users\LOCALH~1\AppData\Local\Temp\ccnkpse0.s:148    .text.CRC_GetIDRegister:0000000000000008 .L0 
                     .debug_frame:0000000000000000 .L0 
C:\Users\LOCALH~1\AppData\Local\Temp\ccnkpse0.s:79     .text.CRC_CalcBlockCRC:0000000000000012 .L5
C:\Users\LOCALH~1\AppData\Local\Temp\ccnkpse0.s:67     .text.CRC_CalcBlockCRC:0000000000000006 .L4
C:\Users\LOCALH~1\AppData\Local\Temp\ccnkpse0.s:395    .debug_abbrev:0000000000000000 .Ldebug_abbrev0
C:\Users\LOCALH~1\AppData\Local\Temp\ccnkpse0.s:867    .debug_str:000000000000014e .LASF33
C:\Users\LOCALH~1\AppData\Local\Temp\ccnkpse0.s:880    .debug_line_str:0000000000000055 .LASF0
C:\Users\LOCALH~1\AppData\Local\Temp\ccnkpse0.s:878    .debug_line_str:0000000000000000 .LASF1
C:\Users\LOCALH~1\AppData\Local\Temp\ccnkpse0.s:783    .debug_rnglists:000000000000000c .LLRL3
C:\Users\LOCALH~1\AppData\Local\Temp\ccnkpse0.s:805    .debug_line:0000000000000000 .Ldebug_line0
C:\Users\LOCALH~1\AppData\Local\Temp\ccnkpse0.s:843    .debug_str:00000000000000d8 .LASF2
C:\Users\LOCALH~1\AppData\Local\Temp\ccnkpse0.s:873    .debug_str:0000000000000264 .LASF3
C:\Users\LOCALH~1\AppData\Local\Temp\ccnkpse0.s:809    .debug_str:0000000000000011 .LASF6
C:\Users\LOCALH~1\AppData\Local\Temp\ccnkpse0.s:819    .debug_str:0000000000000052 .LASF4
C:\Users\LOCALH~1\AppData\Local\Temp\ccnkpse0.s:863    .debug_str:000000000000013b .LASF5
C:\Users\LOCALH~1\AppData\Local\Temp\ccnkpse0.s:833    .debug_str:00000000000000ab .LASF7
C:\Users\LOCALH~1\AppData\Local\Temp\ccnkpse0.s:825    .debug_str:0000000000000078 .LASF8
C:\Users\LOCALH~1\AppData\Local\Temp\ccnkpse0.s:869    .debug_str:000000000000024f .LASF9
C:\Users\LOCALH~1\AppData\Local\Temp\ccnkpse0.s:837    .debug_str:00000000000000bb .LASF10
C:\Users\LOCALH~1\AppData\Local\Temp\ccnkpse0.s:823    .debug_str:0000000000000066 .LASF11
C:\Users\LOCALH~1\AppData\Local\Temp\ccnkpse0.s:857    .debug_str:0000000000000115 .LASF12
C:\Users\LOCALH~1\AppData\Local\Temp\ccnkpse0.s:817    .debug_str:000000000000003b .LASF13
C:\Users\LOCALH~1\AppData\Local\Temp\ccnkpse0.s:847    .debug_str:00000000000000ea .LASF14
C:\Users\LOCALH~1\AppData\Local\Temp\ccnkpse0.s:865    .debug_str:0000000000000145 .LASF15
C:\Users\LOCALH~1\AppData\Local\Temp\ccnkpse0.s:829    .debug_str:0000000000000096 .LASF16
C:\Users\LOCALH~1\AppData\Local\Temp\ccnkpse0.s:821    .debug_str:0000000000000060 .LASF17
C:\Users\LOCALH~1\AppData\Local\Temp\ccnkpse0.s:853    .debug_str:0000000000000106 .LASF18
C:\Users\LOCALH~1\AppData\Local\Temp\ccnkpse0.s:811    .debug_str:000000000000001b .LASF19
C:\Users\LOCALH~1\AppData\Local\Temp\ccnkpse0.s:813    .debug_str:0000000000000025 .LASF20
C:\Users\LOCALH~1\AppData\Local\Temp\ccnkpse0.s:841    .debug_str:00000000000000d3 .LASF21
C:\Users\LOCALH~1\AppData\Local\Temp\ccnkpse0.s:831    .debug_str:000000000000009f .LASF22
C:\Users\LOCALH~1\AppData\Local\Temp\ccnkpse0.s:871    .debug_str:0000000000000258 .LASF23
C:\Users\LOCALH~1\AppData\Local\Temp\ccnkpse0.s:845    .debug_str:00000000000000e5 .LASF24
C:\Users\LOCALH~1\AppData\Local\Temp\ccnkpse0.s:861    .debug_str:0000000000000129 .LASF25
C:\Users\LOCALH~1\AppData\Local\Temp\ccnkpse0.s:136    .text.CRC_GetIDRegister:0000000000000000 .LFB34
C:\Users\LOCALH~1\AppData\Local\Temp\ccnkpse0.s:146    .text.CRC_GetIDRegister:0000000000000008 .LFE34
C:\Users\LOCALH~1\AppData\Local\Temp\ccnkpse0.s:875    .debug_str:0000000000000270 .LASF34
C:\Users\LOCALH~1\AppData\Local\Temp\ccnkpse0.s:118    .text.CRC_SetIDRegister:0000000000000000 .LFB33
C:\Users\LOCALH~1\AppData\Local\Temp\ccnkpse0.s:129    .text.CRC_SetIDRegister:0000000000000008 .LFE33
C:\Users\LOCALH~1\AppData\Local\Temp\ccnkpse0.s:855    .debug_str:000000000000010d .LASF27
C:\Users\LOCALH~1\AppData\Local\Temp\ccnkpse0.s:827    .debug_str:000000000000008b .LASF26
C:\Users\LOCALH~1\AppData\Local\Temp\ccnkpse0.s:101    .text.CRC_GetCRC:0000000000000000 .LFB32
C:\Users\LOCALH~1\AppData\Local\Temp\ccnkpse0.s:111    .text.CRC_GetCRC:0000000000000008 .LFE32
C:\Users\LOCALH~1\AppData\Local\Temp\ccnkpse0.s:807    .debug_str:0000000000000000 .LASF30
C:\Users\LOCALH~1\AppData\Local\Temp\ccnkpse0.s:56     .text.CRC_CalcBlockCRC:0000000000000000 .LFB31
C:\Users\LOCALH~1\AppData\Local\Temp\ccnkpse0.s:94     .text.CRC_CalcBlockCRC:0000000000000020 .LFE31
C:\Users\LOCALH~1\AppData\Local\Temp\ccnkpse0.s:849    .debug_str:00000000000000f2 .LASF28
C:\Users\LOCALH~1\AppData\Local\Temp\ccnkpse0.s:689    .debug_loclists:000000000000000c .LLST1
C:\Users\LOCALH~1\AppData\Local\Temp\ccnkpse0.s:839    .debug_str:00000000000000c6 .LASF29
C:\Users\LOCALH~1\AppData\Local\Temp\ccnkpse0.s:859    .debug_str:0000000000000123 .LASF35
C:\Users\LOCALH~1\AppData\Local\Temp\ccnkpse0.s:709    .debug_loclists:0000000000000031 .LLST2
C:\Users\LOCALH~1\AppData\Local\Temp\ccnkpse0.s:815    .debug_str:000000000000002f .LASF31
C:\Users\LOCALH~1\AppData\Local\Temp\ccnkpse0.s:34     .text.CRC_CalcCRC:0000000000000000 .LFB30
C:\Users\LOCALH~1\AppData\Local\Temp\ccnkpse0.s:49     .text.CRC_CalcCRC:000000000000000a .LFE30
C:\Users\LOCALH~1\AppData\Local\Temp\ccnkpse0.s:835    .debug_str:00000000000000b6 .LASF32
C:\Users\LOCALH~1\AppData\Local\Temp\ccnkpse0.s:739    .debug_loclists:000000000000006c .LLST0
C:\Users\LOCALH~1\AppData\Local\Temp\ccnkpse0.s:851    .debug_str:00000000000000fa .LASF36
C:\Users\LOCALH~1\AppData\Local\Temp\ccnkpse0.s:15     .text.CRC_ResetDR:0000000000000000 .LFB29
C:\Users\LOCALH~1\AppData\Local\Temp\ccnkpse0.s:27     .text.CRC_ResetDR:000000000000000a .LFE29
C:\Users\LOCALH~1\AppData\Local\Temp\ccnkpse0.s:59     .text.CRC_CalcBlockCRC:0000000000000000 .LVL2
C:\Users\LOCALH~1\AppData\Local\Temp\ccnkpse0.s:75     .text.CRC_CalcBlockCRC:0000000000000010 .LVL5
C:\Users\LOCALH~1\AppData\Local\Temp\ccnkpse0.s:78     .text.CRC_CalcBlockCRC:0000000000000012 .LVL6
C:\Users\LOCALH~1\AppData\Local\Temp\ccnkpse0.s:66     .text.CRC_CalcBlockCRC:0000000000000006 .LVL3
C:\Users\LOCALH~1\AppData\Local\Temp\ccnkpse0.s:73     .text.CRC_CalcBlockCRC:000000000000000e .LVL4
C:\Users\LOCALH~1\AppData\Local\Temp\ccnkpse0.s:87     .text.CRC_CalcBlockCRC:000000000000001c .LVL7
C:\Users\LOCALH~1\AppData\Local\Temp\ccnkpse0.s:91     .text.CRC_CalcBlockCRC:000000000000001e .LVL8
C:\Users\LOCALH~1\AppData\Local\Temp\ccnkpse0.s:37     .text.CRC_CalcCRC:0000000000000000 .LVL0
C:\Users\LOCALH~1\AppData\Local\Temp\ccnkpse0.s:45     .text.CRC_CalcCRC:0000000000000008 .LVL1
C:\Users\LOCALH~1\AppData\Local\Temp\ccnkpse0.s:154    .debug_info:0000000000000000 .Ldebug_info0

NO UNDEFINED SYMBOLS
